#
# There is insufficient memory for the Java Runtime Environment to continue.
# Native memory allocation (malloc) failed to allocate 1218256 bytes. Error detail: Chunk::new
# Possible reasons:
#   The system is out of physical RAM or swap space
#   This process is running with CompressedOops enabled, and the Java Heap may be blocking the growth of the native heap
# Possible solutions:
#   Reduce memory load on the system
#   Increase physical memory or swap space
#   Check if swap backing store is full
#   Decrease Java heap size (-Xmx/-Xms)
#   Decrease number of Java threads
#   Decrease Java thread stack sizes (-Xss)
#   Set larger code cache with -XX:ReservedCodeCacheSize=
#   JVM is running with Unscaled Compressed Oops mode in which the Java heap is
#     placed in the first 4GB address space. The Java Heap base address is the
#     maximum limit for the native heap growth. Please use -XX:HeapBaseMinAddress
#     to set the Java Heap base and to place the Java Heap above 4GB virtual address.
# This output file may be truncated or incomplete.
#
#  Out of Memory Error (arena.cpp:149), pid=9956, tid=16440
#
# JRE version: Java(TM) SE Runtime Environment (23.0.1+11) (build 23.0.1+11-39)
# Java VM: Java HotSpot(TM) 64-Bit Server VM (23.0.1+11-39, mixed mode, sharing, tiered, compressed oops, compressed class ptrs, g1 gc, windows-amd64)
# No core dump will be written. Minidumps are not enabled by default on client versions of Windows
#

---------------  S U M M A R Y ------------

Command Line: --add-opens=java.base/java.util=ALL-UNNAMED --add-opens=java.base/java.lang=ALL-UNNAMED --add-opens=java.base/java.lang.invoke=ALL-UNNAMED --add-opens=java.prefs/java.util.prefs=ALL-UNNAMED --add-exports=jdk.compiler/com.sun.tools.javac.api=ALL-UNNAMED --add-exports=jdk.compiler/com.sun.tools.javac.util=ALL-UNNAMED --add-opens=java.base/java.nio.charset=ALL-UNNAMED --add-opens=java.base/java.net=ALL-UNNAMED --add-opens=java.base/java.util.concurrent.atomic=ALL-UNNAMED -Xmx2048m -Dfile.encoding=UTF-8 -Duser.country=MA -Duser.language=fr -Duser.variant -javaagent:C:\Users\tech\.gradle\wrapper\dists\gradle-8.9-bin\90cnw93cvbtalezasaz0blq0a\gradle-8.9\lib\agents\gradle-instrumentation-agent-8.9.jar org.gradle.launcher.daemon.bootstrap.GradleDaemon 8.9

Host: 11th Gen Intel(R) Core(TM) i7-1165G7 @ 2.80GHz, 8 cores, 7G,  Windows 10 , 64 bit Build 19041 (10.0.19041.3636)
Time: Sun Dec  8 11:48:29 2024 Maroc (heure d64 bit Build 19041 (10.0.19041.3636) elapsed time: 549.605063 seconds (0d 0h 9m 9s)

---------------  T H R E A D  ---------------

Current thread (0x000001d5f6fbafa0):  JavaThread "C2 CompilerThread0" daemon [_thread_in_native, id=16440, stack(0x0000003e84a00000,0x0000003e84b00000) (1024K)]


Current CompileTask:
C2:549605 20320   !   4       java.util.concurrent.ConcurrentHashMap::compute (654 bytes)

Stack: [0x0000003e84a00000,0x0000003e84b00000]
Native frames: (J=compiled Java code, j=interpreted, Vv=VM code, C=native code)
V  [jvm.dll+0x6e08b9]  (no source info available)
V  [jvm.dll+0x87dc83]  (no source info available)
V  [jvm.dll+0x88010e]  (no source info available)
V  [jvm.dll+0x8807e3]  (no source info available)
V  [jvm.dll+0x27aee6]  (no source info available)
V  [jvm.dll+0xbc06f]  (no source info available)
V  [jvm.dll+0xbc2cb]  (no source info available)
V  [jvm.dll+0x3b3a62]  (no source info available)
V  [jvm.dll+0x38a42b]  (no source info available)
V  [jvm.dll+0x38989a]  (no source info available)
V  [jvm.dll+0x244aa1]  (no source info available)
V  [jvm.dll+0x243dff]  (no source info available)
V  [jvm.dll+0x1c33a0]  (no source info available)
V  [jvm.dll+0x253cf1]  (no source info available)
V  [jvm.dll+0x251faa]  (no source info available)
V  [jvm.dll+0x3ee036]  (no source info available)
V  [jvm.dll+0x824f8b]  (no source info available)
V  [jvm.dll+0x6df065]  (no source info available)
C  [ucrtbase.dll+0x21bb2]  (no source info available)
C  [KERNEL32.DLL+0x17344]  (no source info available)
C  [ntdll.dll+0x526b1]  (no source info available)

Lock stack of current Java thread (top to bottom):


---------------  P R O C E S S  ---------------

Threads class SMR info:
_java_thread_list=0x000001d5d12cbb30, length=64, elements={
0x000001d5d7f21d40, 0x000001d5f6fa5800, 0x000001d5f6fa75d0, 0x000001d5f6faa3c0,
0x000001d5f6faae20, 0x000001d5f6fab880, 0x000001d5f6fac2e0, 0x000001d5f6fbafa0,
0x000001d5f6fbfe60, 0x000001d5c50b3170, 0x000001d5c52a3010, 0x000001d5c636d940,
0x000001d5c6f357a0, 0x000001d5c6ed40a0, 0x000001d5c6fd3d30, 0x000001d5c6fd43c0,
0x000001d5c6fd15d0, 0x000001d5c89753b0, 0x000001d5c8976760, 0x000001d5c89732e0,
0x000001d5ca8f3310, 0x000001d5c7698300, 0x000001d5c769c4a0, 0x000001d5c7698990,
0x000001d5c769b0f0, 0x000001d5c7695ba0, 0x000001d5c7699d40, 0x000001d5c769aa60,
0x000001d5c7696230, 0x000001d5c769b780, 0x000001d5c7695510, 0x000001d5c7696f50,
0x000001d5d10a5540, 0x000001d5d10a89c0, 0x000001d5d10a6260, 0x000001d5d10a9050,
0x000001d5d10a4eb0, 0x000001d5d10aa400, 0x000001d5d10a5bd0, 0x000001d5d10a68f0,
0x000001d5d10a96e0, 0x000001d5d10a6f80, 0x000001d5d10a4820, 0x000001d5d10a7ca0,
0x000001d5d10ad880, 0x000001d5d10a9d70, 0x000001d5d10abe40, 0x000001d5d029f470,
0x000001d5d10a7610, 0x000001d5d10af2c0, 0x000001d5d10b0d00, 0x000001d5d10b1390,
0x000001d5d10ab120, 0x000001d5c9698a90, 0x000001d5c9699120, 0x000001d5c9695610,
0x000001d5c96969c0, 0x000001d5c96997b0, 0x000001d5c96976e0, 0x000001d5c9693540,
0x000001d5c9699e40, 0x000001d5c969ab60, 0x000001d5c9693bd0, 0x000001d5c9694260
}

Java Threads: ( => current thread )
  0x000001d5d7f21d40 JavaThread "main"                              [_thread_blocked, id=15940, stack(0x0000003e83c00000,0x0000003e83d00000) (1024K)]
  0x000001d5f6fa5800 JavaThread "Reference Handler"          daemon [_thread_blocked, id=2708, stack(0x0000003e84400000,0x0000003e84500000) (1024K)]
  0x000001d5f6fa75d0 JavaThread "Finalizer"                  daemon [_thread_blocked, id=4612, stack(0x0000003e84500000,0x0000003e84600000) (1024K)]
  0x000001d5f6faa3c0 JavaThread "Signal Dispatcher"          daemon [_thread_blocked, id=16276, stack(0x0000003e84600000,0x0000003e84700000) (1024K)]
  0x000001d5f6faae20 JavaThread "Attach Listener"            daemon [_thread_blocked, id=14328, stack(0x0000003e84700000,0x0000003e84800000) (1024K)]
  0x000001d5f6fab880 JavaThread "Service Thread"             daemon [_thread_blocked, id=8972, stack(0x0000003e84800000,0x0000003e84900000) (1024K)]
  0x000001d5f6fac2e0 JavaThread "Monitor Deflation Thread"   daemon [_thread_blocked, id=11364, stack(0x0000003e84900000,0x0000003e84a00000) (1024K)]
=>0x000001d5f6fbafa0 JavaThread "C2 CompilerThread0"         daemon [_thread_in_native, id=16440, stack(0x0000003e84a00000,0x0000003e84b00000) (1024K)]
  0x000001d5f6fbfe60 JavaThread "C1 CompilerThread0"         daemon [_thread_blocked, id=5100, stack(0x0000003e84b00000,0x0000003e84c00000) (1024K)]
  0x000001d5c50b3170 JavaThread "Common-Cleaner"             daemon [_thread_blocked, id=9964, stack(0x0000003e84c00000,0x0000003e84d00000) (1024K)]
  0x000001d5c52a3010 JavaThread "Notification Thread"        daemon [_thread_blocked, id=16096, stack(0x0000003e84d00000,0x0000003e84e00000) (1024K)]
  0x000001d5c636d940 JavaThread "Daemon health stats"               [_thread_blocked, id=15036, stack(0x0000003e85300000,0x0000003e85400000) (1024K)]
  0x000001d5c6f357a0 JavaThread "Incoming local TCP Connector on port 52765"        [_thread_in_native, id=14152, stack(0x0000003e85600000,0x0000003e85700000) (1024K)]
  0x000001d5c6ed40a0 JavaThread "Daemon periodic checks"            [_thread_blocked, id=18080, stack(0x0000003e85700000,0x0000003e85800000) (1024K)]
  0x000001d5c6fd3d30 JavaThread "Cache worker for journal cache (C:\Users\tech\.gradle\caches\journal-1)"        [_thread_blocked, id=10892, stack(0x0000003e85f00000,0x0000003e86000000) (1024K)]
  0x000001d5c6fd43c0 JavaThread "File lock request listener"        [_thread_in_native, id=12300, stack(0x0000003e86000000,0x0000003e86100000) (1024K)]
  0x000001d5c6fd15d0 JavaThread "Cache worker for file hash cache (C:\Users\tech\.gradle\caches\8.9\fileHashes)"        [_thread_blocked, id=11088, stack(0x0000003e86100000,0x0000003e86200000) (1024K)]
  0x000001d5c89753b0 JavaThread "File watcher server"        daemon [_thread_in_native, id=15608, stack(0x0000003e86500000,0x0000003e86600000) (1024K)]
  0x000001d5c8976760 JavaThread "File watcher consumer"      daemon [_thread_blocked, id=11408, stack(0x0000003e86600000,0x0000003e86700000) (1024K)]
  0x000001d5c89732e0 JavaThread "Cache worker for file content cache (C:\Users\tech\.gradle\caches\8.9\fileContent)"        [_thread_blocked, id=14604, stack(0x0000003e86800000,0x0000003e86900000) (1024K)]
  0x000001d5ca8f3310 JavaThread "Memory manager"                    [_thread_blocked, id=1532, stack(0x0000003e88200000,0x0000003e88300000) (1024K)]
  0x000001d5c7698300 JavaThread "Daemon Thread 3"                   [_thread_blocked, id=13948, stack(0x0000003e83900000,0x0000003e83a00000) (1024K)]
  0x000001d5c769c4a0 JavaThread "Handler for socket connection from /127.0.0.1:52765 to /127.0.0.1:53171"        [_thread_blocked, id=1440, stack(0x0000003e83a00000,0x0000003e83b00000) (1024K)]
  0x000001d5c7698990 JavaThread "Cancel handler"                    [_thread_blocked, id=4508, stack(0x0000003e83b00000,0x0000003e83c00000) (1024K)]
  0x000001d5c769b0f0 JavaThread "Daemon worker Thread 3"            [_thread_blocked, id=3120, stack(0x0000003e85800000,0x0000003e85900000) (1024K)]
  0x000001d5c7695ba0 JavaThread "Stdin handler"                     [_thread_blocked, id=15148, stack(0x0000003e85a00000,0x0000003e85b00000) (1024K)]
  0x000001d5c7699d40 JavaThread "Daemon client event forwarder"        [_thread_blocked, id=12556, stack(0x0000003e85b00000,0x0000003e85c00000) (1024K)]
  0x000001d5c769aa60 JavaThread "Cache worker for file hash cache (C:\Users\tech\AndroidStudioProjects\TEST1\.gradle\8.9\fileHashes)"        [_thread_blocked, id=6164, stack(0x0000003e85c00000,0x0000003e85d00000) (1024K)]
  0x000001d5c7696230 JavaThread "Cache worker for Build Output Cleanup Cache (C:\Users\tech\AndroidStudioProjects\TEST1\.gradle\buildOutputCleanup)"        [_thread_blocked, id=17168, stack(0x0000003e85d00000,0x0000003e85e00000) (1024K)]
  0x000001d5c769b780 JavaThread "Cache worker for checksums cache (C:\Users\tech\AndroidStudioProjects\TEST1\.gradle\8.9\checksums)"        [_thread_blocked, id=16076, stack(0x0000003e85e00000,0x0000003e85f00000) (1024K)]
  0x000001d5c7695510 JavaThread "Cache worker for cache directory md-rule (C:\Users\tech\.gradle\caches\8.9\md-rule)"        [_thread_blocked, id=12084, stack(0x0000003e86300000,0x0000003e86400000) (1024K)]
  0x000001d5c7696f50 JavaThread "Cache worker for cache directory md-supplier (C:\Users\tech\.gradle\caches\8.9\md-supplier)"        [_thread_blocked, id=18308, stack(0x0000003e86400000,0x0000003e86500000) (1024K)]
  0x000001d5d10a5540 JavaThread "Unconstrained build operations"        [_thread_blocked, id=17224, stack(0x0000003e86700000,0x0000003e86800000) (1024K)]
  0x000001d5d10a89c0 JavaThread "Unconstrained build operations Thread 2"        [_thread_blocked, id=3792, stack(0x0000003e86900000,0x0000003e86a00000) (1024K)]
  0x000001d5d10a6260 JavaThread "Unconstrained build operations Thread 3"        [_thread_blocked, id=4692, stack(0x0000003e86a00000,0x0000003e86b00000) (1024K)]
  0x000001d5d10a9050 JavaThread "Unconstrained build operations Thread 4"        [_thread_blocked, id=1520, stack(0x0000003e86b00000,0x0000003e86c00000) (1024K)]
  0x000001d5d10a4eb0 JavaThread "Unconstrained build operations Thread 5"        [_thread_blocked, id=14372, stack(0x0000003e86c00000,0x0000003e86d00000) (1024K)]
  0x000001d5d10aa400 JavaThread "Unconstrained build operations Thread 6"        [_thread_blocked, id=11436, stack(0x0000003e86d00000,0x0000003e86e00000) (1024K)]
  0x000001d5d10a5bd0 JavaThread "Unconstrained build operations Thread 7"        [_thread_blocked, id=15528, stack(0x0000003e86e00000,0x0000003e86f00000) (1024K)]
  0x000001d5d10a68f0 JavaThread "Unconstrained build operations Thread 8"        [_thread_blocked, id=5152, stack(0x0000003e86f00000,0x0000003e87000000) (1024K)]
  0x000001d5d10a96e0 JavaThread "Unconstrained build operations Thread 9"        [_thread_blocked, id=4664, stack(0x0000003e87000000,0x0000003e87100000) (1024K)]
  0x000001d5d10a6f80 JavaThread "Unconstrained build operations Thread 10"        [_thread_blocked, id=15216, stack(0x0000003e87100000,0x0000003e87200000) (1024K)]
  0x000001d5d10a4820 JavaThread "Unconstrained build operations Thread 11"        [_thread_blocked, id=13356, stack(0x0000003e87200000,0x0000003e87300000) (1024K)]
  0x000001d5d10a7ca0 JavaThread "Unconstrained build operations Thread 12"        [_thread_blocked, id=13588, stack(0x0000003e87300000,0x0000003e87400000) (1024K)]
  0x000001d5d10ad880 JavaThread "Unconstrained build operations Thread 13"        [_thread_blocked, id=7300, stack(0x0000003e87400000,0x0000003e87500000) (1024K)]
  0x000001d5d10a9d70 JavaThread "Unconstrained build operations Thread 14"        [_thread_blocked, id=18028, stack(0x0000003e87500000,0x0000003e87600000) (1024K)]
  0x000001d5d10abe40 JavaThread "build event listener"              [_thread_blocked, id=4616, stack(0x0000003e87600000,0x0000003e87700000) (1024K)]
  0x000001d5d029f470 JavaThread "C2 CompilerThread1"         daemon [_thread_in_native, id=6784, stack(0x0000003e87700000,0x0000003e87800000) (1024K)]
  0x000001d5d10a7610 JavaThread "included builds"                   [_thread_blocked, id=7088, stack(0x0000003e87800000,0x0000003e87900000) (1024K)]
  0x000001d5d10af2c0 JavaThread "Execution worker"                  [_thread_in_Java, id=9908, stack(0x0000003e87900000,0x0000003e87a00000) (1024K)]
  0x000001d5d10b0d00 JavaThread "Execution worker Thread 2"         [_thread_blocked, id=3416, stack(0x0000003e87a00000,0x0000003e87b00000) (1024K)]
  0x000001d5d10b1390 JavaThread "Execution worker Thread 3"         [_thread_blocked, id=10664, stack(0x0000003e87b00000,0x0000003e87c00000) (1024K)]
  0x000001d5d10ab120 JavaThread "Execution worker Thread 4"         [_thread_blocked, id=13444, stack(0x0000003e87c00000,0x0000003e87d00000) (1024K)]
  0x000001d5c9698a90 JavaThread "Execution worker Thread 5"         [_thread_blocked, id=13164, stack(0x0000003e87d00000,0x0000003e87e00000) (1024K)]
  0x000001d5c9699120 JavaThread "Execution worker Thread 6"         [_thread_blocked, id=5240, stack(0x0000003e87e00000,0x0000003e87f00000) (1024K)]
  0x000001d5c9695610 JavaThread "Execution worker Thread 7"         [_thread_blocked, id=18008, stack(0x0000003e87f00000,0x0000003e88000000) (1024K)]
  0x000001d5c96969c0 JavaThread "Cache worker for execution history cache (C:\Users\tech\AndroidStudioProjects\TEST1\.gradle\8.9\executionHistory)"        [_thread_blocked, id=3916, stack(0x0000003e88000000,0x0000003e88100000) (1024K)]
  0x000001d5c96997b0 JavaThread "Unconstrained build operations Thread 15"        [_thread_blocked, id=16552, stack(0x0000003e85900000,0x0000003e85a00000) (1024K)]
  0x000001d5c96976e0 JavaThread "Unconstrained build operations Thread 16"        [_thread_blocked, id=8732, stack(0x0000003e88100000,0x0000003e88200000) (1024K)]
  0x000001d5c9693540 JavaThread "Unconstrained build operations Thread 17"        [_thread_blocked, id=12716, stack(0x0000003e88300000,0x0000003e88400000) (1024K)]
  0x000001d5c9699e40 JavaThread "Unconstrained build operations Thread 18"        [_thread_blocked, id=1692, stack(0x0000003e88400000,0x0000003e88500000) (1024K)]
  0x000001d5c969ab60 JavaThread "Unconstrained build operations Thread 19"        [_thread_blocked, id=16268, stack(0x0000003e88500000,0x0000003e88600000) (1024K)]
  0x000001d5c9693bd0 JavaThread "Unconstrained build operations Thread 20"        [_thread_blocked, id=13004, stack(0x0000003e88600000,0x0000003e88700000) (1024K)]
  0x000001d5c9694260 JavaThread "Unconstrained build operations Thread 21"        [_thread_blocked, id=16964, stack(0x0000003e88700000,0x0000003e88800000) (1024K)]
Total: 64

Other Threads:
  0x000001d5f6f8a530 VMThread "VM Thread"                           [id=5844, stack(0x0000003e84300000,0x0000003e84400000) (1024K)]
  0x000001d5f6f7b9e0 WatcherThread "VM Periodic Task Thread"        [id=3524, stack(0x0000003e84200000,0x0000003e84300000) (1024K)]
  0x000001d5da1c9f20 WorkerThread "GC Thread#0"                     [id=4060, stack(0x0000003e83d00000,0x0000003e83e00000) (1024K)]
  0x000001d5c5586a50 WorkerThread "GC Thread#1"                     [id=17708, stack(0x0000003e84e00000,0x0000003e84f00000) (1024K)]
  0x000001d5c5585080 WorkerThread "GC Thread#2"                     [id=15052, stack(0x0000003e84f00000,0x0000003e85000000) (1024K)]
  0x000001d5c55857e0 WorkerThread "GC Thread#3"                     [id=4916, stack(0x0000003e85000000,0x0000003e85100000) (1024K)]
  0x000001d5c5583300 WorkerThread "GC Thread#4"                     [id=11844, stack(0x0000003e85100000,0x0000003e85200000) (1024K)]
  0x000001d5c5585f40 WorkerThread "GC Thread#5"                     [id=11104, stack(0x0000003e85200000,0x0000003e85300000) (1024K)]
  0x000001d5c55841c0 WorkerThread "GC Thread#6"                     [id=4520, stack(0x0000003e85400000,0x0000003e85500000) (1024K)]
  0x000001d5c5584920 WorkerThread "GC Thread#7"                     [id=17068, stack(0x0000003e85500000,0x0000003e85600000) (1024K)]
  0x000001d5da1df030 ConcurrentGCThread "G1 Main Marker"            [id=11840, stack(0x0000003e83e00000,0x0000003e83f00000) (1024K)]
  0x000001d5da1e01f0 WorkerThread "G1 Conc#0"                       [id=14312, stack(0x0000003e83f00000,0x0000003e84000000) (1024K)]
  0x000001d5c8576d70 WorkerThread "G1 Conc#1"                       [id=3168, stack(0x0000003e86200000,0x0000003e86300000) (1024K)]
  0x000001d5f6e4b520 ConcurrentGCThread "G1 Refine#0"               [id=7304, stack(0x0000003e84000000,0x0000003e84100000) (1024K)]
  0x000001d5f6e4bfb0 ConcurrentGCThread "G1 Service"                [id=9116, stack(0x0000003e84100000,0x0000003e84200000) (1024K)]
Total: 15

Threads with active compile tasks:
C2 CompilerThread0  551414 20320   !   4       java.util.concurrent.ConcurrentHashMap::compute (654 bytes)
C2 CompilerThread1  551414 20324       4       org.gradle.api.internal.artifacts.ivyservice.resolveengine.graph.builder.NodeState::createAndLinkEdgeState (64 bytes)
Total: 2

VM state: not at safepoint (normal execution)

VM Mutex/Monitor currently owned by a thread: None

Heap address: 0x0000000080000000, size: 2048 MB, Compressed Oops mode: 32-bit

CDS archive(s) mapped at: [0x000001d580000000-0x000001d580d70000-0x000001d580d70000), size 14090240, SharedBaseAddress: 0x000001d580000000, ArchiveRelocationMode: 1.
Compressed class space mapped at: 0x000001d581000000-0x000001d5c1000000, reserved size: 1073741824
Narrow klass base: 0x000001d580000000, Narrow klass shift: 0, Narrow klass range: 0x41000000

GC Precious Log:
 CardTable entry size: 512
 Card Set container configuration: InlinePtr #cards 5 size 8 Array Of Cards #cards 10 size 36 Howl #buckets 4 coarsen threshold 1843 Howl Bitmap #cards 512 size 80 coarsen threshold 460 Card regions per heap region 1 cards per card region 2048
 CPUs: 8 total, 8 available
 Memory: 7882M
 Large Page Support: Disabled
 NUMA Support: Disabled
 Compressed Oops: Enabled (32-bit)
 Heap Region Size: 1M
 Heap Min Capacity: 8M
 Heap Initial Capacity: 124M
 Heap Max Capacity: 2G
 Pre-touch: Disabled
 Parallel Workers: 8
 Concurrent Workers: 2
 Concurrent Refinement Workers: 8
 Periodic GC: Disabled

Heap:
 garbage-first heap   total reserved 2097152K, committed 229376K, used 144441K [0x0000000080000000, 0x0000000100000000)
  region size 1024K, 45 young (46080K), 3 survivors (3072K)
 Metaspace       used 107500K, committed 109824K, reserved 1179648K
  class space    used 14944K, committed 16064K, reserved 1048576K

Heap Regions: E=young(eden), S=young(survivor), O=old, HS=humongous(starts), HC=humongous(continues), CS=collection set, F=free, TAMS=top-at-mark-start, PB=parsable bottom
|   0|0x0000000080000000, 0x0000000080100000, 0x0000000080100000|100%|HS|  |TAMS 0x0000000080000000| PB 0x0000000080000000| Complete |  0
|   1|0x0000000080100000, 0x0000000080200000, 0x0000000080200000|100%|HC|  |TAMS 0x0000000080100000| PB 0x0000000080100000| Complete |  0
|   2|0x0000000080200000, 0x0000000080300000, 0x0000000080300000|100%|HC|  |TAMS 0x0000000080200000| PB 0x0000000080200000| Complete |  0
|   3|0x0000000080300000, 0x0000000080400000, 0x0000000080400000|100%|HC|  |TAMS 0x0000000080300000| PB 0x0000000080300000| Complete |  0
|   4|0x0000000080400000, 0x0000000080500000, 0x0000000080500000|100%| O|  |TAMS 0x0000000080400000| PB 0x0000000080400000| Untracked |  0
|   5|0x0000000080500000, 0x0000000080600000, 0x0000000080600000|100%| O|  |TAMS 0x0000000080500000| PB 0x0000000080500000| Untracked |  0
|   6|0x0000000080600000, 0x0000000080700000, 0x0000000080700000|100%| O|  |TAMS 0x0000000080600000| PB 0x0000000080600000| Untracked |  0
|   7|0x0000000080700000, 0x0000000080800000, 0x0000000080800000|100%| O|  |TAMS 0x0000000080700000| PB 0x0000000080700000| Untracked |  0
|   8|0x0000000080800000, 0x0000000080900000, 0x0000000080900000|100%| O|  |TAMS 0x0000000080800000| PB 0x0000000080800000| Untracked |  0
|   9|0x0000000080900000, 0x0000000080a00000, 0x0000000080a00000|100%| O|  |TAMS 0x0000000080900000| PB 0x0000000080900000| Untracked |  0
|  10|0x0000000080a00000, 0x0000000080b00000, 0x0000000080b00000|100%| O|  |TAMS 0x0000000080a00000| PB 0x0000000080a00000| Untracked |  0
|  11|0x0000000080b00000, 0x0000000080c00000, 0x0000000080c00000|100%|HS|  |TAMS 0x0000000080b00000| PB 0x0000000080b00000| Complete |  0
|  12|0x0000000080c00000, 0x0000000080d00000, 0x0000000080d00000|100%| O|  |TAMS 0x0000000080c00000| PB 0x0000000080c00000| Untracked |  0
|  13|0x0000000080d00000, 0x0000000080e00000, 0x0000000080e00000|100%| O|  |TAMS 0x0000000080d00000| PB 0x0000000080d00000| Untracked |  0
|  14|0x0000000080e00000, 0x0000000080f00000, 0x0000000080f00000|100%| O|  |TAMS 0x0000000080e00000| PB 0x0000000080e00000| Untracked |  0
|  15|0x0000000080f00000, 0x0000000081000000, 0x0000000081000000|100%| O|  |TAMS 0x0000000080f00000| PB 0x0000000080f00000| Untracked |  0
|  16|0x0000000081000000, 0x0000000081100000, 0x0000000081100000|100%| O|  |TAMS 0x0000000081000000| PB 0x0000000081000000| Untracked |  0
|  17|0x0000000081100000, 0x0000000081200000, 0x0000000081200000|100%| O|  |TAMS 0x0000000081100000| PB 0x0000000081100000| Untracked |  0
|  18|0x0000000081200000, 0x0000000081300000, 0x0000000081300000|100%| O|  |TAMS 0x0000000081200000| PB 0x0000000081200000| Untracked |  0
|  19|0x0000000081300000, 0x0000000081400000, 0x0000000081400000|100%| O|  |TAMS 0x0000000081300000| PB 0x0000000081300000| Untracked |  0
|  20|0x0000000081400000, 0x0000000081500000, 0x0000000081500000|100%| O|  |TAMS 0x0000000081400000| PB 0x0000000081400000| Untracked |  0
|  21|0x0000000081500000, 0x0000000081600000, 0x0000000081600000|100%| O|  |TAMS 0x0000000081500000| PB 0x0000000081500000| Untracked |  0
|  22|0x0000000081600000, 0x0000000081700000, 0x0000000081700000|100%| O|  |TAMS 0x0000000081600000| PB 0x0000000081600000| Untracked |  0
|  23|0x0000000081700000, 0x0000000081800000, 0x0000000081800000|100%| O|  |TAMS 0x0000000081700000| PB 0x0000000081700000| Untracked |  0
|  24|0x0000000081800000, 0x0000000081900000, 0x0000000081900000|100%| O|  |TAMS 0x0000000081800000| PB 0x0000000081800000| Untracked |  0
|  25|0x0000000081900000, 0x0000000081a00000, 0x0000000081a00000|100%|HS|  |TAMS 0x0000000081900000| PB 0x0000000081900000| Complete |  0
|  26|0x0000000081a00000, 0x0000000081b00000, 0x0000000081b00000|100%| O|  |TAMS 0x0000000081a00000| PB 0x0000000081a00000| Untracked |  0
|  27|0x0000000081b00000, 0x0000000081c00000, 0x0000000081c00000|100%| O|  |TAMS 0x0000000081b00000| PB 0x0000000081b00000| Untracked |  0
|  28|0x0000000081c00000, 0x0000000081d00000, 0x0000000081d00000|100%| O|  |TAMS 0x0000000081c00000| PB 0x0000000081c00000| Untracked |  0
|  29|0x0000000081d00000, 0x0000000081e00000, 0x0000000081e00000|100%| O|  |TAMS 0x0000000081d00000| PB 0x0000000081d00000| Untracked |  0
|  30|0x0000000081e00000, 0x0000000081f00000, 0x0000000081f00000|100%| O|  |TAMS 0x0000000081e00000| PB 0x0000000081e00000| Untracked |  0
|  31|0x0000000081f00000, 0x0000000082000000, 0x0000000082000000|100%| O|  |TAMS 0x0000000081f00000| PB 0x0000000081f00000| Untracked |  0
|  32|0x0000000082000000, 0x0000000082100000, 0x0000000082100000|100%| O|  |TAMS 0x0000000082000000| PB 0x0000000082000000| Untracked |  0
|  33|0x0000000082100000, 0x0000000082200000, 0x0000000082200000|100%| O|  |TAMS 0x0000000082100000| PB 0x0000000082100000| Untracked |  0
|  34|0x0000000082200000, 0x0000000082300000, 0x0000000082300000|100%| O|  |TAMS 0x0000000082200000| PB 0x0000000082200000| Untracked |  0
|  35|0x0000000082300000, 0x0000000082400000, 0x0000000082400000|100%| O|  |TAMS 0x0000000082300000| PB 0x0000000082300000| Untracked |  0
|  36|0x0000000082400000, 0x0000000082500000, 0x0000000082500000|100%| O|  |TAMS 0x0000000082400000| PB 0x0000000082400000| Untracked |  0
|  37|0x0000000082500000, 0x0000000082600000, 0x0000000082600000|100%| O|  |TAMS 0x0000000082500000| PB 0x0000000082500000| Untracked |  0
|  38|0x0000000082600000, 0x0000000082700000, 0x0000000082700000|100%| O|  |TAMS 0x0000000082600000| PB 0x0000000082600000| Untracked |  0
|  39|0x0000000082700000, 0x0000000082800000, 0x0000000082800000|100%| O|  |TAMS 0x0000000082700000| PB 0x0000000082700000| Untracked |  0
|  40|0x0000000082800000, 0x0000000082900000, 0x0000000082900000|100%| O|  |TAMS 0x0000000082800000| PB 0x0000000082800000| Untracked |  0
|  41|0x0000000082900000, 0x0000000082a00000, 0x0000000082a00000|100%| O|  |TAMS 0x0000000082900000| PB 0x0000000082900000| Untracked |  0
|  42|0x0000000082a00000, 0x0000000082b00000, 0x0000000082b00000|100%| O|  |TAMS 0x0000000082a00000| PB 0x0000000082a00000| Untracked |  0
|  43|0x0000000082b00000, 0x0000000082c00000, 0x0000000082c00000|100%| O|  |TAMS 0x0000000082b00000| PB 0x0000000082b00000| Untracked |  0
|  44|0x0000000082c00000, 0x0000000082d00000, 0x0000000082d00000|100%| O|  |TAMS 0x0000000082c00000| PB 0x0000000082c00000| Untracked |  0
|  45|0x0000000082d00000, 0x0000000082e00000, 0x0000000082e00000|100%|HS|  |TAMS 0x0000000082d00000| PB 0x0000000082d00000| Complete |  0
|  46|0x0000000082e00000, 0x0000000082f00000, 0x0000000082f00000|100%|HS|  |TAMS 0x0000000082e00000| PB 0x0000000082e00000| Complete |  0
|  47|0x0000000082f00000, 0x0000000083000000, 0x0000000083000000|100%|HS|  |TAMS 0x0000000082f00000| PB 0x0000000082f00000| Complete |  0
|  48|0x0000000083000000, 0x0000000083100000, 0x0000000083100000|100%| O|  |TAMS 0x0000000083000000| PB 0x0000000083000000| Untracked |  0
|  49|0x0000000083100000, 0x0000000083200000, 0x0000000083200000|100%|HS|  |TAMS 0x0000000083100000| PB 0x0000000083100000| Complete |  0
|  50|0x0000000083200000, 0x0000000083300000, 0x0000000083300000|100%| O|  |TAMS 0x0000000083200000| PB 0x0000000083200000| Untracked |  0
|  51|0x0000000083300000, 0x0000000083300000, 0x0000000083400000|  0%| F|  |TAMS 0x0000000083300000| PB 0x0000000083300000| Untracked |  0
|  52|0x0000000083400000, 0x0000000083500000, 0x0000000083500000|100%|HS|  |TAMS 0x0000000083400000| PB 0x0000000083400000| Complete |  0
|  53|0x0000000083500000, 0x0000000083600000, 0x0000000083600000|100%| O|  |TAMS 0x0000000083500000| PB 0x0000000083500000| Untracked |  0
|  54|0x0000000083600000, 0x0000000083700000, 0x0000000083700000|100%| O|  |TAMS 0x0000000083600000| PB 0x0000000083600000| Untracked |  0
|  55|0x0000000083700000, 0x0000000083800000, 0x0000000083800000|100%| O|  |TAMS 0x0000000083700000| PB 0x0000000083700000| Untracked |  0
|  56|0x0000000083800000, 0x0000000083900000, 0x0000000083900000|100%| O|  |TAMS 0x0000000083800000| PB 0x0000000083800000| Untracked |  0
|  57|0x0000000083900000, 0x0000000083a00000, 0x0000000083a00000|100%| O|  |TAMS 0x0000000083900000| PB 0x0000000083900000| Untracked |  0
|  58|0x0000000083a00000, 0x0000000083b00000, 0x0000000083b00000|100%| O|  |TAMS 0x0000000083a00000| PB 0x0000000083a00000| Untracked |  0
|  59|0x0000000083b00000, 0x0000000083c00000, 0x0000000083c00000|100%|HS|  |TAMS 0x0000000083b00000| PB 0x0000000083b00000| Complete |  0
|  60|0x0000000083c00000, 0x0000000083d00000, 0x0000000083d00000|100%| O|  |TAMS 0x0000000083c00000| PB 0x0000000083c00000| Untracked |  0
|  61|0x0000000083d00000, 0x0000000083d39650, 0x0000000083e00000| 22%| O|  |TAMS 0x0000000083d00000| PB 0x0000000083d00000| Untracked |  0
|  62|0x0000000083e00000, 0x0000000083f00000, 0x0000000083f00000|100%| O|  |TAMS 0x0000000083e00000| PB 0x0000000083e00000| Untracked |  0
|  63|0x0000000083f00000, 0x0000000084000000, 0x0000000084000000|100%| O|  |TAMS 0x0000000083f00000| PB 0x0000000083f00000| Untracked |  0
|  64|0x0000000084000000, 0x0000000084100000, 0x0000000084100000|100%| O|  |TAMS 0x0000000084000000| PB 0x0000000084000000| Untracked |  0
|  65|0x0000000084100000, 0x0000000084200000, 0x0000000084200000|100%| O|  |TAMS 0x0000000084100000| PB 0x0000000084100000| Untracked |  0
|  66|0x0000000084200000, 0x0000000084300000, 0x0000000084300000|100%| O|  |TAMS 0x0000000084200000| PB 0x0000000084200000| Untracked |  0
|  67|0x0000000084300000, 0x0000000084400000, 0x0000000084400000|100%| O|  |TAMS 0x0000000084300000| PB 0x0000000084300000| Untracked |  0
|  68|0x0000000084400000, 0x0000000084500000, 0x0000000084500000|100%| O|  |TAMS 0x0000000084400000| PB 0x0000000084400000| Untracked |  0
|  69|0x0000000084500000, 0x0000000084600000, 0x0000000084600000|100%| O|  |TAMS 0x0000000084500000| PB 0x0000000084500000| Untracked |  0
|  70|0x0000000084600000, 0x0000000084700000, 0x0000000084700000|100%| O|  |TAMS 0x0000000084600000| PB 0x0000000084600000| Untracked |  0
|  71|0x0000000084700000, 0x0000000084800000, 0x0000000084800000|100%| O|  |TAMS 0x0000000084700000| PB 0x0000000084700000| Untracked |  0
|  72|0x0000000084800000, 0x0000000084900000, 0x0000000084900000|100%| O|  |TAMS 0x0000000084800000| PB 0x0000000084800000| Untracked |  0
|  73|0x0000000084900000, 0x0000000084a00000, 0x0000000084a00000|100%| O|  |TAMS 0x0000000084900000| PB 0x0000000084900000| Untracked |  0
|  74|0x0000000084a00000, 0x0000000084b00000, 0x0000000084b00000|100%| O|  |TAMS 0x0000000084a00000| PB 0x0000000084a00000| Untracked |  0
|  75|0x0000000084b00000, 0x0000000084c00000, 0x0000000084c00000|100%| O|  |TAMS 0x0000000084b00000| PB 0x0000000084b00000| Untracked |  0
|  76|0x0000000084c00000, 0x0000000084d00000, 0x0000000084d00000|100%| O|  |TAMS 0x0000000084c00000| PB 0x0000000084c00000| Untracked |  0
|  77|0x0000000084d00000, 0x0000000084e00000, 0x0000000084e00000|100%| O|  |TAMS 0x0000000084d00000| PB 0x0000000084d00000| Untracked |  0
|  78|0x0000000084e00000, 0x0000000084f00000, 0x0000000084f00000|100%| O|  |TAMS 0x0000000084e00000| PB 0x0000000084e00000| Untracked |  0
|  79|0x0000000084f00000, 0x0000000085000000, 0x0000000085000000|100%| O|  |TAMS 0x0000000084f00000| PB 0x0000000084f00000| Untracked |  0
|  80|0x0000000085000000, 0x0000000085100000, 0x0000000085100000|100%| O|  |TAMS 0x0000000085000000| PB 0x0000000085000000| Untracked |  0
|  81|0x0000000085100000, 0x0000000085200000, 0x0000000085200000|100%| O|  |TAMS 0x0000000085100000| PB 0x0000000085100000| Untracked |  0
|  82|0x0000000085200000, 0x0000000085300000, 0x0000000085300000|100%| O|  |TAMS 0x0000000085200000| PB 0x0000000085200000| Untracked |  0
|  83|0x0000000085300000, 0x0000000085300000, 0x0000000085400000|  0%| F|  |TAMS 0x0000000085300000| PB 0x0000000085300000| Untracked |  0
|  84|0x0000000085400000, 0x0000000085500000, 0x0000000085500000|100%| O|  |TAMS 0x0000000085400000| PB 0x0000000085400000| Untracked |  0
|  85|0x0000000085500000, 0x0000000085500000, 0x0000000085600000|  0%| F|  |TAMS 0x0000000085500000| PB 0x0000000085500000| Untracked |  0
|  86|0x0000000085600000, 0x0000000085600000, 0x0000000085700000|  0%| F|  |TAMS 0x0000000085600000| PB 0x0000000085600000| Untracked |  0
|  87|0x0000000085700000, 0x0000000085700000, 0x0000000085800000|  0%| F|  |TAMS 0x0000000085700000| PB 0x0000000085700000| Untracked |  0
|  88|0x0000000085800000, 0x0000000085800000, 0x0000000085900000|  0%| F|  |TAMS 0x0000000085800000| PB 0x0000000085800000| Untracked |  0
|  89|0x0000000085900000, 0x0000000085a00000, 0x0000000085a00000|100%| O|  |TAMS 0x0000000085900000| PB 0x0000000085900000| Untracked |  0
|  90|0x0000000085a00000, 0x0000000085b00000, 0x0000000085b00000|100%| O|  |TAMS 0x0000000085a00000| PB 0x0000000085a00000| Untracked |  0
|  91|0x0000000085b00000, 0x0000000085c00000, 0x0000000085c00000|100%| O|  |TAMS 0x0000000085b00000| PB 0x0000000085b00000| Untracked |  0
|  92|0x0000000085c00000, 0x0000000085d00000, 0x0000000085d00000|100%| O|  |TAMS 0x0000000085c00000| PB 0x0000000085c00000| Untracked |  0
|  93|0x0000000085d00000, 0x0000000085e00000, 0x0000000085e00000|100%| O|  |TAMS 0x0000000085d00000| PB 0x0000000085d00000| Untracked |  0
|  94|0x0000000085e00000, 0x0000000085e00000, 0x0000000085f00000|  0%| F|  |TAMS 0x0000000085e00000| PB 0x0000000085e00000| Untracked |  0
|  95|0x0000000085f00000, 0x0000000086000000, 0x0000000086000000|100%| O|  |TAMS 0x0000000085f00000| PB 0x0000000085f00000| Untracked |  0
|  96|0x0000000086000000, 0x0000000086100000, 0x0000000086100000|100%| O|  |TAMS 0x0000000086000000| PB 0x0000000086000000| Untracked |  0
|  97|0x0000000086100000, 0x0000000086200000, 0x0000000086200000|100%| O|  |TAMS 0x0000000086100000| PB 0x0000000086100000| Untracked |  0
|  98|0x0000000086200000, 0x0000000086300000, 0x0000000086300000|100%| O|  |TAMS 0x0000000086200000| PB 0x0000000086200000| Untracked |  0
|  99|0x0000000086300000, 0x0000000086300000, 0x0000000086400000|  0%| F|  |TAMS 0x0000000086300000| PB 0x0000000086300000| Untracked |  0
| 100|0x0000000086400000, 0x0000000086400000, 0x0000000086500000|  0%| F|  |TAMS 0x0000000086400000| PB 0x0000000086400000| Untracked |  0
| 101|0x0000000086500000, 0x0000000086600000, 0x0000000086600000|100%| O|  |TAMS 0x0000000086500000| PB 0x0000000086500000| Untracked |  0
| 102|0x0000000086600000, 0x0000000086600000, 0x0000000086700000|  0%| F|  |TAMS 0x0000000086600000| PB 0x0000000086600000| Untracked |  0
| 103|0x0000000086700000, 0x0000000086800000, 0x0000000086800000|100%| O|  |TAMS 0x0000000086700000| PB 0x0000000086700000| Untracked |  0
| 104|0x0000000086800000, 0x0000000086800000, 0x0000000086900000|  0%| F|  |TAMS 0x0000000086800000| PB 0x0000000086800000| Untracked |  0
| 105|0x0000000086900000, 0x0000000086900000, 0x0000000086a00000|  0%| F|  |TAMS 0x0000000086900000| PB 0x0000000086900000| Untracked |  0
| 106|0x0000000086a00000, 0x0000000086a00000, 0x0000000086b00000|  0%| F|  |TAMS 0x0000000086a00000| PB 0x0000000086a00000| Untracked |  0
| 107|0x0000000086b00000, 0x0000000086b00000, 0x0000000086c00000|  0%| F|  |TAMS 0x0000000086b00000| PB 0x0000000086b00000| Untracked |  0
| 108|0x0000000086c00000, 0x0000000086d00000, 0x0000000086d00000|100%| O|  |TAMS 0x0000000086c00000| PB 0x0000000086c00000| Untracked |  0
| 109|0x0000000086d00000, 0x0000000086e00000, 0x0000000086e00000|100%| O|  |TAMS 0x0000000086d00000| PB 0x0000000086d00000| Untracked |  0
| 110|0x0000000086e00000, 0x0000000086f00000, 0x0000000086f00000|100%| O|  |TAMS 0x0000000086e00000| PB 0x0000000086e00000| Untracked |  0
| 111|0x0000000086f00000, 0x0000000087000000, 0x0000000087000000|100%| O|  |TAMS 0x0000000086f00000| PB 0x0000000086f00000| Untracked |  0
| 112|0x0000000087000000, 0x0000000087000000, 0x0000000087100000|  0%| F|  |TAMS 0x0000000087000000| PB 0x0000000087000000| Untracked |  0
| 113|0x0000000087100000, 0x0000000087100000, 0x0000000087200000|  0%| F|  |TAMS 0x0000000087100000| PB 0x0000000087100000| Untracked |  0
| 114|0x0000000087200000, 0x0000000087200000, 0x0000000087300000|  0%| F|  |TAMS 0x0000000087200000| PB 0x0000000087200000| Untracked |  0
| 115|0x0000000087300000, 0x0000000087300000, 0x0000000087400000|  0%| F|  |TAMS 0x0000000087300000| PB 0x0000000087300000| Untracked |  0
| 116|0x0000000087400000, 0x0000000087400000, 0x0000000087500000|  0%| F|  |TAMS 0x0000000087400000| PB 0x0000000087400000| Untracked |  0
| 117|0x0000000087500000, 0x0000000087500000, 0x0000000087600000|  0%| F|  |TAMS 0x0000000087500000| PB 0x0000000087500000| Untracked |  0
| 118|0x0000000087600000, 0x0000000087600000, 0x0000000087700000|  0%| F|  |TAMS 0x0000000087600000| PB 0x0000000087600000| Untracked |  0
| 119|0x0000000087700000, 0x0000000087700000, 0x0000000087800000|  0%| F|  |TAMS 0x0000000087700000| PB 0x0000000087700000| Untracked |  0
| 120|0x0000000087800000, 0x0000000087800000, 0x0000000087900000|  0%| F|  |TAMS 0x0000000087800000| PB 0x0000000087800000| Untracked |  0
| 121|0x0000000087900000, 0x0000000087900000, 0x0000000087a00000|  0%| F|  |TAMS 0x0000000087900000| PB 0x0000000087900000| Untracked |  0
| 122|0x0000000087a00000, 0x0000000087a00000, 0x0000000087b00000|  0%| F|  |TAMS 0x0000000087a00000| PB 0x0000000087a00000| Untracked |  0
| 123|0x0000000087b00000, 0x0000000087b00000, 0x0000000087c00000|  0%| F|  |TAMS 0x0000000087b00000| PB 0x0000000087b00000| Untracked |  0
| 124|0x0000000087c00000, 0x0000000087cd5098, 0x0000000087d00000| 83%| S|CS|TAMS 0x0000000087c00000| PB 0x0000000087c00000| Complete |  0
| 125|0x0000000087d00000, 0x0000000087e00000, 0x0000000087e00000|100%| S|CS|TAMS 0x0000000087d00000| PB 0x0000000087d00000| Complete |  0
| 126|0x0000000087e00000, 0x0000000087e00000, 0x0000000087f00000|  0%| F|  |TAMS 0x0000000087e00000| PB 0x0000000087e00000| Untracked |  0
| 127|0x0000000087f00000, 0x0000000087f00000, 0x0000000088000000|  0%| F|  |TAMS 0x0000000087f00000| PB 0x0000000087f00000| Untracked |  0
| 128|0x0000000088000000, 0x0000000088000000, 0x0000000088100000|  0%| F|  |TAMS 0x0000000088000000| PB 0x0000000088000000| Untracked |  0
| 129|0x0000000088100000, 0x0000000088200000, 0x0000000088200000|100%| S|CS|TAMS 0x0000000088100000| PB 0x0000000088100000| Complete |  0
| 130|0x0000000088200000, 0x0000000088200000, 0x0000000088300000|  0%| F|  |TAMS 0x0000000088200000| PB 0x0000000088200000| Untracked |  0
| 131|0x0000000088300000, 0x0000000088300000, 0x0000000088400000|  0%| F|  |TAMS 0x0000000088300000| PB 0x0000000088300000| Untracked |  0
| 132|0x0000000088400000, 0x0000000088400000, 0x0000000088500000|  0%| F|  |TAMS 0x0000000088400000| PB 0x0000000088400000| Untracked |  0
| 133|0x0000000088500000, 0x0000000088500000, 0x0000000088600000|  0%| F|  |TAMS 0x0000000088500000| PB 0x0000000088500000| Untracked |  0
| 134|0x0000000088600000, 0x0000000088600000, 0x0000000088700000|  0%| F|  |TAMS 0x0000000088600000| PB 0x0000000088600000| Untracked |  0
| 135|0x0000000088700000, 0x0000000088700000, 0x0000000088800000|  0%| F|  |TAMS 0x0000000088700000| PB 0x0000000088700000| Untracked |  0
| 136|0x0000000088800000, 0x0000000088800000, 0x0000000088900000|  0%| F|  |TAMS 0x0000000088800000| PB 0x0000000088800000| Untracked |  0
| 137|0x0000000088900000, 0x0000000088900000, 0x0000000088a00000|  0%| F|  |TAMS 0x0000000088900000| PB 0x0000000088900000| Untracked |  0
| 138|0x0000000088a00000, 0x0000000088a00000, 0x0000000088b00000|  0%| F|  |TAMS 0x0000000088a00000| PB 0x0000000088a00000| Untracked |  0
| 139|0x0000000088b00000, 0x0000000088b00000, 0x0000000088c00000|  0%| F|  |TAMS 0x0000000088b00000| PB 0x0000000088b00000| Untracked |  0
| 140|0x0000000088c00000, 0x0000000088c00000, 0x0000000088d00000|  0%| F|  |TAMS 0x0000000088c00000| PB 0x0000000088c00000| Untracked |  0
| 141|0x0000000088d00000, 0x0000000088d00000, 0x0000000088e00000|  0%| F|  |TAMS 0x0000000088d00000| PB 0x0000000088d00000| Untracked |  0
| 142|0x0000000088e00000, 0x0000000088e00000, 0x0000000088f00000|  0%| F|  |TAMS 0x0000000088e00000| PB 0x0000000088e00000| Untracked |  0
| 143|0x0000000088f00000, 0x0000000088f00000, 0x0000000089000000|  0%| F|  |TAMS 0x0000000088f00000| PB 0x0000000088f00000| Untracked |  0
| 144|0x0000000089000000, 0x0000000089000000, 0x0000000089100000|  0%| F|  |TAMS 0x0000000089000000| PB 0x0000000089000000| Untracked |  0
| 145|0x0000000089100000, 0x0000000089100000, 0x0000000089200000|  0%| F|  |TAMS 0x0000000089100000| PB 0x0000000089100000| Untracked |  0
| 146|0x0000000089200000, 0x0000000089200000, 0x0000000089300000|  0%| F|  |TAMS 0x0000000089200000| PB 0x0000000089200000| Untracked |  0
| 147|0x0000000089300000, 0x0000000089300000, 0x0000000089400000|  0%| F|  |TAMS 0x0000000089300000| PB 0x0000000089300000| Untracked |  0
| 148|0x0000000089400000, 0x0000000089400000, 0x0000000089500000|  0%| F|  |TAMS 0x0000000089400000| PB 0x0000000089400000| Untracked |  0
| 149|0x0000000089500000, 0x0000000089500000, 0x0000000089600000|  0%| F|  |TAMS 0x0000000089500000| PB 0x0000000089500000| Untracked |  0
| 150|0x0000000089600000, 0x0000000089600000, 0x0000000089700000|  0%| F|  |TAMS 0x0000000089600000| PB 0x0000000089600000| Untracked |  0
| 151|0x0000000089700000, 0x0000000089700000, 0x0000000089800000|  0%| F|  |TAMS 0x0000000089700000| PB 0x0000000089700000| Untracked |  0
| 152|0x0000000089800000, 0x0000000089800000, 0x0000000089900000|  0%| F|  |TAMS 0x0000000089800000| PB 0x0000000089800000| Untracked |  0
| 153|0x0000000089900000, 0x0000000089900000, 0x0000000089a00000|  0%| F|  |TAMS 0x0000000089900000| PB 0x0000000089900000| Untracked |  0
| 154|0x0000000089a00000, 0x0000000089a00000, 0x0000000089b00000|  0%| F|  |TAMS 0x0000000089a00000| PB 0x0000000089a00000| Untracked |  0
| 155|0x0000000089b00000, 0x0000000089b00000, 0x0000000089c00000|  0%| F|  |TAMS 0x0000000089b00000| PB 0x0000000089b00000| Untracked |  0
| 156|0x0000000089c00000, 0x0000000089c00000, 0x0000000089d00000|  0%| F|  |TAMS 0x0000000089c00000| PB 0x0000000089c00000| Untracked |  0
| 157|0x0000000089d00000, 0x0000000089d00000, 0x0000000089e00000|  0%| F|  |TAMS 0x0000000089d00000| PB 0x0000000089d00000| Untracked |  0
| 158|0x0000000089e00000, 0x0000000089e00000, 0x0000000089f00000|  0%| F|  |TAMS 0x0000000089e00000| PB 0x0000000089e00000| Untracked |  0
| 159|0x0000000089f00000, 0x0000000089f00000, 0x000000008a000000|  0%| F|  |TAMS 0x0000000089f00000| PB 0x0000000089f00000| Untracked |  0
| 160|0x000000008a000000, 0x000000008a000000, 0x000000008a100000|  0%| F|  |TAMS 0x000000008a000000| PB 0x000000008a000000| Untracked |  0
| 161|0x000000008a100000, 0x000000008a100000, 0x000000008a200000|  0%| F|  |TAMS 0x000000008a100000| PB 0x000000008a100000| Untracked |  0
| 162|0x000000008a200000, 0x000000008a200000, 0x000000008a300000|  0%| F|  |TAMS 0x000000008a200000| PB 0x000000008a200000| Untracked |  0
| 163|0x000000008a300000, 0x000000008a300000, 0x000000008a400000|  0%| F|  |TAMS 0x000000008a300000| PB 0x000000008a300000| Untracked |  0
| 164|0x000000008a400000, 0x000000008a400000, 0x000000008a500000|  0%| F|  |TAMS 0x000000008a400000| PB 0x000000008a400000| Untracked |  0
| 165|0x000000008a500000, 0x000000008a500000, 0x000000008a600000|  0%| F|  |TAMS 0x000000008a500000| PB 0x000000008a500000| Untracked |  0
| 166|0x000000008a600000, 0x000000008a600000, 0x000000008a700000|  0%| F|  |TAMS 0x000000008a600000| PB 0x000000008a600000| Untracked |  0
| 167|0x000000008a700000, 0x000000008a700000, 0x000000008a800000|  0%| F|  |TAMS 0x000000008a700000| PB 0x000000008a700000| Untracked |  0
| 168|0x000000008a800000, 0x000000008a800000, 0x000000008a900000|  0%| F|  |TAMS 0x000000008a800000| PB 0x000000008a800000| Untracked |  0
| 169|0x000000008a900000, 0x000000008a900000, 0x000000008aa00000|  0%| F|  |TAMS 0x000000008a900000| PB 0x000000008a900000| Untracked |  0
| 170|0x000000008aa00000, 0x000000008aa00000, 0x000000008ab00000|  0%| F|  |TAMS 0x000000008aa00000| PB 0x000000008aa00000| Untracked |  0
| 171|0x000000008ab00000, 0x000000008ab00000, 0x000000008ac00000|  0%| F|  |TAMS 0x000000008ab00000| PB 0x000000008ab00000| Untracked |  0
| 172|0x000000008ac00000, 0x000000008ac00000, 0x000000008ad00000|  0%| F|  |TAMS 0x000000008ac00000| PB 0x000000008ac00000| Untracked |  0
| 173|0x000000008ad00000, 0x000000008ad00000, 0x000000008ae00000|  0%| F|  |TAMS 0x000000008ad00000| PB 0x000000008ad00000| Untracked |  0
| 174|0x000000008ae00000, 0x000000008ae00000, 0x000000008af00000|  0%| F|  |TAMS 0x000000008ae00000| PB 0x000000008ae00000| Untracked |  0
| 175|0x000000008af00000, 0x000000008af00000, 0x000000008b000000|  0%| F|  |TAMS 0x000000008af00000| PB 0x000000008af00000| Untracked |  0
| 176|0x000000008b000000, 0x000000008b000000, 0x000000008b100000|  0%| F|  |TAMS 0x000000008b000000| PB 0x000000008b000000| Untracked |  0
| 177|0x000000008b100000, 0x000000008b100000, 0x000000008b200000|  0%| F|  |TAMS 0x000000008b100000| PB 0x000000008b100000| Untracked |  0
| 178|0x000000008b200000, 0x000000008b200000, 0x000000008b300000|  0%| F|  |TAMS 0x000000008b200000| PB 0x000000008b200000| Untracked |  0
| 179|0x000000008b300000, 0x000000008b300000, 0x000000008b400000|  0%| F|  |TAMS 0x000000008b300000| PB 0x000000008b300000| Untracked |  0
| 180|0x000000008b400000, 0x000000008b400000, 0x000000008b500000|  0%| F|  |TAMS 0x000000008b400000| PB 0x000000008b400000| Untracked |  0
| 181|0x000000008b500000, 0x000000008b53b9d8, 0x000000008b600000| 23%| E|  |TAMS 0x000000008b500000| PB 0x000000008b500000| Complete |  0
| 182|0x000000008b600000, 0x000000008b700000, 0x000000008b700000|100%| E|CS|TAMS 0x000000008b600000| PB 0x000000008b600000| Complete |  0
| 183|0x000000008b700000, 0x000000008b800000, 0x000000008b800000|100%| E|CS|TAMS 0x000000008b700000| PB 0x000000008b700000| Complete |  0
| 184|0x000000008b800000, 0x000000008b900000, 0x000000008b900000|100%| E|CS|TAMS 0x000000008b800000| PB 0x000000008b800000| Complete |  0
| 185|0x000000008b900000, 0x000000008ba00000, 0x000000008ba00000|100%| E|CS|TAMS 0x000000008b900000| PB 0x000000008b900000| Complete |  0
| 186|0x000000008ba00000, 0x000000008bb00000, 0x000000008bb00000|100%| E|CS|TAMS 0x000000008ba00000| PB 0x000000008ba00000| Complete |  0
| 187|0x000000008bb00000, 0x000000008bc00000, 0x000000008bc00000|100%| E|CS|TAMS 0x000000008bb00000| PB 0x000000008bb00000| Complete |  0
| 188|0x000000008bc00000, 0x000000008bd00000, 0x000000008bd00000|100%| E|CS|TAMS 0x000000008bc00000| PB 0x000000008bc00000| Complete |  0
| 189|0x000000008bd00000, 0x000000008be00000, 0x000000008be00000|100%| E|CS|TAMS 0x000000008bd00000| PB 0x000000008bd00000| Complete |  0
| 190|0x000000008be00000, 0x000000008bf00000, 0x000000008bf00000|100%| E|CS|TAMS 0x000000008be00000| PB 0x000000008be00000| Complete |  0
| 191|0x000000008bf00000, 0x000000008c000000, 0x000000008c000000|100%| E|CS|TAMS 0x000000008bf00000| PB 0x000000008bf00000| Complete |  0
| 192|0x000000008c000000, 0x000000008c100000, 0x000000008c100000|100%| E|CS|TAMS 0x000000008c000000| PB 0x000000008c000000| Complete |  0
| 193|0x000000008c100000, 0x000000008c200000, 0x000000008c200000|100%| E|CS|TAMS 0x000000008c100000| PB 0x000000008c100000| Complete |  0
| 194|0x000000008c200000, 0x000000008c300000, 0x000000008c300000|100%| E|CS|TAMS 0x000000008c200000| PB 0x000000008c200000| Complete |  0
| 195|0x000000008c300000, 0x000000008c400000, 0x000000008c400000|100%| E|CS|TAMS 0x000000008c300000| PB 0x000000008c300000| Complete |  0
| 196|0x000000008c400000, 0x000000008c500000, 0x000000008c500000|100%| E|CS|TAMS 0x000000008c400000| PB 0x000000008c400000| Complete |  0
| 197|0x000000008c500000, 0x000000008c600000, 0x000000008c600000|100%| E|CS|TAMS 0x000000008c500000| PB 0x000000008c500000| Complete |  0
| 198|0x000000008c600000, 0x000000008c700000, 0x000000008c700000|100%| E|CS|TAMS 0x000000008c600000| PB 0x000000008c600000| Complete |  0
| 199|0x000000008c700000, 0x000000008c800000, 0x000000008c800000|100%| E|CS|TAMS 0x000000008c700000| PB 0x000000008c700000| Complete |  0
| 200|0x000000008c800000, 0x000000008c900000, 0x000000008c900000|100%| E|CS|TAMS 0x000000008c800000| PB 0x000000008c800000| Complete |  0
| 201|0x000000008c900000, 0x000000008ca00000, 0x000000008ca00000|100%| E|CS|TAMS 0x000000008c900000| PB 0x000000008c900000| Complete |  0
| 202|0x000000008ca00000, 0x000000008cb00000, 0x000000008cb00000|100%| E|CS|TAMS 0x000000008ca00000| PB 0x000000008ca00000| Complete |  0
| 203|0x000000008cb00000, 0x000000008cc00000, 0x000000008cc00000|100%| E|CS|TAMS 0x000000008cb00000| PB 0x000000008cb00000| Complete |  0
| 204|0x000000008cc00000, 0x000000008cd00000, 0x000000008cd00000|100%| E|CS|TAMS 0x000000008cc00000| PB 0x000000008cc00000| Complete |  0
| 205|0x000000008cd00000, 0x000000008ce00000, 0x000000008ce00000|100%| E|CS|TAMS 0x000000008cd00000| PB 0x000000008cd00000| Complete |  0
| 206|0x000000008ce00000, 0x000000008cf00000, 0x000000008cf00000|100%| E|CS|TAMS 0x000000008ce00000| PB 0x000000008ce00000| Complete |  0
| 207|0x000000008cf00000, 0x000000008d000000, 0x000000008d000000|100%| E|CS|TAMS 0x000000008cf00000| PB 0x000000008cf00000| Complete |  0
| 208|0x000000008d000000, 0x000000008d100000, 0x000000008d100000|100%| E|CS|TAMS 0x000000008d000000| PB 0x000000008d000000| Complete |  0
|2033|0x00000000ff100000, 0x00000000ff200000, 0x00000000ff200000|100%| E|CS|TAMS 0x00000000ff100000| PB 0x00000000ff100000| Complete |  0
|2034|0x00000000ff200000, 0x00000000ff300000, 0x00000000ff300000|100%| E|CS|TAMS 0x00000000ff200000| PB 0x00000000ff200000| Complete |  0
|2035|0x00000000ff300000, 0x00000000ff400000, 0x00000000ff400000|100%| E|CS|TAMS 0x00000000ff300000| PB 0x00000000ff300000| Complete |  0
|2036|0x00000000ff400000, 0x00000000ff500000, 0x00000000ff500000|100%| E|CS|TAMS 0x00000000ff400000| PB 0x00000000ff400000| Complete |  0
|2037|0x00000000ff500000, 0x00000000ff600000, 0x00000000ff600000|100%| E|CS|TAMS 0x00000000ff500000| PB 0x00000000ff500000| Complete |  0
|2038|0x00000000ff600000, 0x00000000ff700000, 0x00000000ff700000|100%| E|  |TAMS 0x00000000ff600000| PB 0x00000000ff600000| Complete |  0
|2039|0x00000000ff700000, 0x00000000ff800000, 0x00000000ff800000|100%| E|CS|TAMS 0x00000000ff700000| PB 0x00000000ff700000| Complete |  0
|2040|0x00000000ff800000, 0x00000000ff900000, 0x00000000ff900000|100%| E|CS|TAMS 0x00000000ff800000| PB 0x00000000ff800000| Complete |  0
|2041|0x00000000ff900000, 0x00000000ffa00000, 0x00000000ffa00000|100%| E|CS|TAMS 0x00000000ff900000| PB 0x00000000ff900000| Complete |  0
|2042|0x00000000ffa00000, 0x00000000ffb00000, 0x00000000ffb00000|100%| E|CS|TAMS 0x00000000ffa00000| PB 0x00000000ffa00000| Complete |  0
|2043|0x00000000ffb00000, 0x00000000ffc00000, 0x00000000ffc00000|100%| E|CS|TAMS 0x00000000ffb00000| PB 0x00000000ffb00000| Complete |  0
|2044|0x00000000ffc00000, 0x00000000ffd00000, 0x00000000ffd00000|100%| E|CS|TAMS 0x00000000ffc00000| PB 0x00000000ffc00000| Complete |  0
|2045|0x00000000ffd00000, 0x00000000ffe00000, 0x00000000ffe00000|100%| O|  |TAMS 0x00000000ffd00000| PB 0x00000000ffd00000| Untracked |  0
|2046|0x00000000ffe00000, 0x00000000fff00000, 0x00000000fff00000|100%| E|CS|TAMS 0x00000000ffe00000| PB 0x00000000ffe00000| Complete |  0
|2047|0x00000000fff00000, 0x0000000100000000, 0x0000000100000000|100%| E|CS|TAMS 0x00000000fff00000| PB 0x00000000fff00000| Complete |  0

Card table byte_map: [0x000001d5f20f0000,0x000001d5f24f0000] _byte_map_base: 0x000001d5f1cf0000

Marking Bits: (CMBitMap*) 0x000001d5da1ca540
 Bits: [0x000001d5f24f0000, 0x000001d5f44f0000)

Polling page: 0x000001d5d9940000

Metaspace:

Usage:
  Non-class:     90.39 MB used.
      Class:     14.59 MB used.
       Both:    104.98 MB used.

Virtual space:
  Non-class space:      128.00 MB reserved,      91.56 MB ( 72%) committed,  2 nodes.
      Class space:        1.00 GB reserved,      15.69 MB (  2%) committed,  1 nodes.
             Both:        1.12 GB reserved,     107.25 MB (  9%) committed. 

Chunk freelists:
   Non-Class:  4.33 MB
       Class:  372.00 KB
        Both:  4.69 MB

MaxMetaspaceSize: unlimited
CompressedClassSpaceSize: 1.00 GB
Initial GC threshold: 21.00 MB
Current GC threshold: 177.75 MB
CDS: on
 - commit_granule_bytes: 65536.
 - commit_granule_words: 8192.
 - virtual_space_node_default_size: 8388608.
 - enlarge_chunks_in_place: 1.
 - use_allocation_guard: 0.


Internal statistics:

num_allocs_failed_limit: 9.
num_arena_births: 3998.
num_arena_deaths: 0.
num_vsnodes_births: 3.
num_vsnodes_deaths: 0.
num_space_committed: 1714.
num_space_uncommitted: 0.
num_chunks_returned_to_freelist: 9.
num_chunks_taken_from_freelist: 8333.
num_chunk_merges: 9.
num_chunk_splits: 5589.
num_chunks_enlarged: 3726.
num_inconsistent_stats: 0.

CodeHeap 'non-profiled nmethods': size=120064Kb used=8815Kb max_used=8815Kb free=111248Kb
 bounds [0x000001d5ea370000, 0x000001d5eac10000, 0x000001d5f18b0000]
CodeHeap 'profiled nmethods': size=120000Kb used=25230Kb max_used=25230Kb free=94770Kb
 bounds [0x000001d5e28b0000, 0x000001d5e4160000, 0x000001d5e9de0000]
CodeHeap 'non-nmethods': size=5696Kb used=2438Kb max_used=2503Kb free=3257Kb
 bounds [0x000001d5e9de0000, 0x000001d5ea060000, 0x000001d5ea370000]
CodeCache: size=245760Kb, used=36483Kb, max_used=36548Kb, free=209275Kb
 total_blobs=18351, nmethods=17413, adapters=843, full_count=0
Compilation: enabled, stopped_count=0, restarted_count=0

Compilation events (20 events):
Event: 549.460 Thread 0x000001d5f6fbafa0 nmethod 20313 0x000001d5eac00c88 code [0x000001d5eac00e40, 0x000001d5eac01b20]
Event: 549.461 Thread 0x000001d5f6fbafa0 20315       4       com.google.common.collect.Sets::union (24 bytes)
Event: 549.468 Thread 0x000001d5f6fbafa0 nmethod 20315 0x000001d5eac01c08 code [0x000001d5eac01d20, 0x000001d5eac01e40]
Event: 549.468 Thread 0x000001d5f6fbafa0 20311       4       org.gradle.internal.component.model.AttributeMatchingExplanationBuilder$$Lambda/0x000001d581753d30::canSkipExplanation (4 bytes)
Event: 549.468 Thread 0x000001d5f6fbafa0 nmethod 20311 0x000001d5eac01f08 code [0x000001d5eac02000, 0x000001d5eac02080]
Event: 549.468 Thread 0x000001d5f6fbafa0 20314       4       org.gradle.internal.hash.HashCode$ByteArrayBackedHashCode::length (6 bytes)
Event: 549.469 Thread 0x000001d5f6fbafa0 nmethod 20314 0x000001d5eac02208 code [0x000001d5eac02300, 0x000001d5eac02390]
Event: 549.469 Thread 0x000001d5f6fbafa0 20317       4       org.gradle.api.internal.artifacts.repositories.metadata.DefaultMetadataFileSource::hashCode (23 bytes)
Event: 549.475 Thread 0x000001d5f6fbafa0 nmethod 20317 0x000001d5eac02508 code [0x000001d5eac02620, 0x000001d5eac02750]
Event: 549.485 Thread 0x000001d5f6fbafa0 20318       4       org.gradle.internal.component.model.DefaultExternalComponentGraphResolveState$DefaultConfigurationGraphResolveState::getMetadata (5 bytes)
Event: 549.489 Thread 0x000001d5f6fbfe60 20319       3       org.gradle.internal.component.external.model.AbstractModuleComponentResolveMetadata::optionalArtifact (35 bytes)
Event: 549.493 Thread 0x000001d5f6fbafa0 nmethod 20318 0x000001d5eac02808 code [0x000001d5eac02900, 0x000001d5eac02980]
Event: 549.493 Thread 0x000001d5f6fbafa0 20320   !   4       java.util.concurrent.ConcurrentHashMap::compute (654 bytes)
Event: 549.496 Thread 0x000001d5f6fbfe60 nmethod 20319 0x000001d5e40eee88 code [0x000001d5e40ef040, 0x000001d5e40ef8a0]
Event: 549.544 Thread 0x000001d5f6fbfe60 20326       3       org.gradle.internal.component.external.model.AbstractLazyModuleComponentResolveMetadata::optionalArtifact (8 bytes)
Event: 549.544 Thread 0x000001d5f6fbfe60 nmethod 20326 0x000001d5e40ef988 code [0x000001d5e40efaa0, 0x000001d5e40efbe0]
Event: 549.573 Thread 0x000001d5f6fbfe60 20327       2       java.util.ArrayDeque::toArray (99 bytes)
Event: 549.576 Thread 0x000001d5f6fbfe60 nmethod 20327 0x000001d5e40efc88 code [0x000001d5e40efde0, 0x000001d5e40f02e8]
Event: 549.589 Thread 0x000001d5f6fbfe60 20329       3       jdk.internal.vm.SharedThreadContainer::onStart (46 bytes)
Event: 549.592 Thread 0x000001d5f6fbfe60 nmethod 20329 0x000001d5e40f0308 code [0x000001d5e40f04a0, 0x000001d5e40f0df0]

GC Heap History (20 events):
Event: 16.358 GC heap before
{Heap before GC invocations=39 (full 0):
 garbage-first heap   total reserved 2097152K, committed 229376K, used 167936K [0x0000000080000000, 0x0000000100000000)
  region size 1024K, 37 young (37888K), 6 survivors (6144K)
 Metaspace       used 97461K, committed 99712K, reserved 1179648K
  class space    used 13953K, committed 15040K, reserved 1048576K
}
Event: 16.396 GC heap after
{Heap after GC invocations=40 (full 0):
 garbage-first heap   total reserved 2097152K, committed 229376K, used 124984K [0x0000000080000000, 0x0000000100000000)
  region size 1024K, 3 young (3072K), 3 survivors (3072K)
 Metaspace       used 97461K, committed 99712K, reserved 1179648K
  class space    used 13953K, committed 15040K, reserved 1048576K
}
Event: 17.527 GC heap before
{Heap before GC invocations=40 (full 0):
 garbage-first heap   total reserved 2097152K, committed 229376K, used 195640K [0x0000000080000000, 0x0000000100000000)
  region size 1024K, 73 young (74752K), 3 survivors (3072K)
 Metaspace       used 100463K, committed 102720K, reserved 1179648K
  class space    used 14283K, committed 15360K, reserved 1048576K
}
Event: 17.543 GC heap after
{Heap after GC invocations=41 (full 0):
 garbage-first heap   total reserved 2097152K, committed 229376K, used 131685K [0x0000000080000000, 0x0000000100000000)
  region size 1024K, 10 young (10240K), 10 survivors (10240K)
 Metaspace       used 100463K, committed 102720K, reserved 1179648K
  class space    used 14283K, committed 15360K, reserved 1048576K
}
Event: 20.137 GC heap before
{Heap before GC invocations=41 (full 0):
 garbage-first heap   total reserved 2097152K, committed 229376K, used 196197K [0x0000000080000000, 0x0000000100000000)
  region size 1024K, 74 young (75776K), 10 survivors (10240K)
 Metaspace       used 102094K, committed 104320K, reserved 1179648K
  class space    used 14465K, committed 15552K, reserved 1048576K
}
Event: 20.198 GC heap after
{Heap after GC invocations=42 (full 0):
 garbage-first heap   total reserved 2097152K, committed 229376K, used 131547K [0x0000000080000000, 0x0000000100000000)
  region size 1024K, 7 young (7168K), 7 survivors (7168K)
 Metaspace       used 102094K, committed 104320K, reserved 1179648K
  class space    used 14465K, committed 15552K, reserved 1048576K
}
Event: 26.026 GC heap before
{Heap before GC invocations=42 (full 0):
 garbage-first heap   total reserved 2097152K, committed 229376K, used 198107K [0x0000000080000000, 0x0000000100000000)
  region size 1024K, 73 young (74752K), 7 survivors (7168K)
 Metaspace       used 102312K, committed 104512K, reserved 1179648K
  class space    used 14482K, committed 15552K, reserved 1048576K
}
Event: 26.050 GC heap after
{Heap after GC invocations=43 (full 0):
 garbage-first heap   total reserved 2097152K, committed 229376K, used 134284K [0x0000000080000000, 0x0000000100000000)
  region size 1024K, 6 young (6144K), 6 survivors (6144K)
 Metaspace       used 102312K, committed 104512K, reserved 1179648K
  class space    used 14482K, committed 15552K, reserved 1048576K
}
Event: 149.441 GC heap before
{Heap before GC invocations=44 (full 0):
 garbage-first heap   total reserved 2097152K, committed 229376K, used 182412K [0x0000000080000000, 0x0000000100000000)
  region size 1024K, 73 young (74752K), 6 survivors (6144K)
 Metaspace       used 105713K, committed 108032K, reserved 1179648K
  class space    used 14913K, committed 16000K, reserved 1048576K
}
Event: 149.685 GC heap after
{Heap after GC invocations=45 (full 0):
 garbage-first heap   total reserved 2097152K, committed 229376K, used 118043K [0x0000000080000000, 0x0000000100000000)
  region size 1024K, 9 young (9216K), 9 survivors (9216K)
 Metaspace       used 105713K, committed 108032K, reserved 1179648K
  class space    used 14913K, committed 16000K, reserved 1048576K
}
Event: 212.669 GC heap before
{Heap before GC invocations=45 (full 0):
 garbage-first heap   total reserved 2097152K, committed 229376K, used 198939K [0x0000000080000000, 0x0000000100000000)
  region size 1024K, 89 young (91136K), 9 survivors (9216K)
 Metaspace       used 106224K, committed 108480K, reserved 1179648K
  class space    used 14928K, committed 16000K, reserved 1048576K
}
Event: 212.735 GC heap after
{Heap after GC invocations=46 (full 0):
 garbage-first heap   total reserved 2097152K, committed 229376K, used 106596K [0x0000000080000000, 0x0000000100000000)
  region size 1024K, 3 young (3072K), 3 survivors (3072K)
 Metaspace       used 106224K, committed 108480K, reserved 1179648K
  class space    used 14928K, committed 16000K, reserved 1048576K
}
Event: 229.020 GC heap before
{Heap before GC invocations=46 (full 0):
 garbage-first heap   total reserved 2097152K, committed 229376K, used 191588K [0x0000000080000000, 0x0000000100000000)
  region size 1024K, 87 young (89088K), 3 survivors (3072K)
 Metaspace       used 106608K, committed 108864K, reserved 1179648K
  class space    used 14930K, committed 16000K, reserved 1048576K
}
Event: 229.030 GC heap after
{Heap after GC invocations=47 (full 0):
 garbage-first heap   total reserved 2097152K, committed 229376K, used 106392K [0x0000000080000000, 0x0000000100000000)
  region size 1024K, 3 young (3072K), 3 survivors (3072K)
 Metaspace       used 106608K, committed 108864K, reserved 1179648K
  class space    used 14930K, committed 16000K, reserved 1048576K
}
Event: 234.882 GC heap before
{Heap before GC invocations=47 (full 0):
 garbage-first heap   total reserved 2097152K, committed 229376K, used 195480K [0x0000000080000000, 0x0000000100000000)
  region size 1024K, 91 young (93184K), 3 survivors (3072K)
 Metaspace       used 106900K, committed 109120K, reserved 1179648K
  class space    used 14935K, committed 16000K, reserved 1048576K
}
Event: 234.896 GC heap after
{Heap after GC invocations=48 (full 0):
 garbage-first heap   total reserved 2097152K, committed 229376K, used 106401K [0x0000000080000000, 0x0000000100000000)
  region size 1024K, 3 young (3072K), 3 survivors (3072K)
 Metaspace       used 106900K, committed 109120K, reserved 1179648K
  class space    used 14935K, committed 16000K, reserved 1048576K
}
Event: 264.585 GC heap before
{Heap before GC invocations=49 (full 0):
 garbage-first heap   total reserved 2097152K, committed 229376K, used 198561K [0x0000000080000000, 0x0000000100000000)
  region size 1024K, 94 young (96256K), 3 survivors (3072K)
 Metaspace       used 107137K, committed 109440K, reserved 1179648K
  class space    used 14938K, committed 16064K, reserved 1048576K
}
Event: 264.604 GC heap after
{Heap after GC invocations=50 (full 0):
 garbage-first heap   total reserved 2097152K, committed 229376K, used 106635K [0x0000000080000000, 0x0000000100000000)
  region size 1024K, 3 young (3072K), 3 survivors (3072K)
 Metaspace       used 107137K, committed 109440K, reserved 1179648K
  class space    used 14938K, committed 16064K, reserved 1048576K
}
Event: 549.073 GC heap before
{Heap before GC invocations=50 (full 0):
 garbage-first heap   total reserved 2097152K, committed 229376K, used 200843K [0x0000000080000000, 0x0000000100000000)
  region size 1024K, 96 young (98304K), 3 survivors (3072K)
 Metaspace       used 107379K, committed 109696K, reserved 1179648K
  class space    used 14940K, committed 16064K, reserved 1048576K
}
Event: 549.246 GC heap after
{Heap after GC invocations=51 (full 0):
 garbage-first heap   total reserved 2097152K, committed 229376K, used 103481K [0x0000000080000000, 0x0000000100000000)
  region size 1024K, 3 young (3072K), 3 survivors (3072K)
 Metaspace       used 107379K, committed 109696K, reserved 1179648K
  class space    used 14940K, committed 16064K, reserved 1048576K
}

Dll operation events (15 events):
Event: 0.022 Loaded shared library C:\Users\tech\Desktop\jdk-23.0.1\bin\java.dll
Event: 0.116 Loaded shared library C:\Users\tech\Desktop\jdk-23.0.1\bin\jsvml.dll
Event: 0.172 Loaded shared library C:\Users\tech\Desktop\jdk-23.0.1\bin\zip.dll
Event: 0.176 Loaded shared library C:\Users\tech\Desktop\jdk-23.0.1\bin\instrument.dll
Event: 0.186 Loaded shared library C:\Users\tech\Desktop\jdk-23.0.1\bin\net.dll
Event: 0.193 Loaded shared library C:\Users\tech\Desktop\jdk-23.0.1\bin\nio.dll
Event: 0.196 Loaded shared library C:\Users\tech\Desktop\jdk-23.0.1\bin\zip.dll
Event: 0.344 Loaded shared library C:\Users\tech\Desktop\jdk-23.0.1\bin\jimage.dll
Event: 0.466 Loaded shared library C:\Users\tech\Desktop\jdk-23.0.1\bin\verify.dll
Event: 0.613 Loaded shared library C:\Users\tech\.gradle\native\c067742578af261105cb4f569cf0c3c89f3d7b1fecec35dd04571415982c5e48\windows-amd64\native-platform.dll
Event: 0.627 Loaded shared library C:\Users\tech\.gradle\native\100fb08df4bc3b14c8652ba06237920a3bd2aa13389f12d3474272988ae205f9\windows-amd64\native-platform-file-events.dll
Event: 1.273 Loaded shared library C:\Users\tech\Desktop\jdk-23.0.1\bin\management.dll
Event: 1.280 Loaded shared library C:\Users\tech\Desktop\jdk-23.0.1\bin\management_ext.dll
Event: 1.448 Loaded shared library C:\Users\tech\Desktop\jdk-23.0.1\bin\extnet.dll
Event: 1.599 Loaded shared library C:\Users\tech\Desktop\jdk-23.0.1\bin\sunmscapi.dll

Deoptimization events (20 events):
Event: 548.541 Thread 0x000001d5c769b0f0 DEOPT PACKING pc=0x000001d5eabefa24 sp=0x0000003e858fb020
Event: 548.541 Thread 0x000001d5c769b0f0 DEOPT UNPACKING pc=0x000001d5e9e37982 sp=0x0000003e858fafd0 mode 2
Event: 548.863 Thread 0x000001d5c769b0f0 Uncommon trap: trap_request=0xffffffd6 fr.pc=0x000001d5ea708254 relative=0x00000000000019f4
Event: 548.864 Thread 0x000001d5c769b0f0 Uncommon trap: reason=array_check action=maybe_recompile pc=0x000001d5ea708254 method=java.util.TimSort.binarySort([Ljava/lang/Object;IIILjava/util/Comparator;)V @ 193 c2
Event: 548.864 Thread 0x000001d5c769b0f0 DEOPT PACKING pc=0x000001d5ea708254 sp=0x0000003e858fb660
Event: 548.864 Thread 0x000001d5c769b0f0 DEOPT UNPACKING pc=0x000001d5e9e37982 sp=0x0000003e858fb560 mode 2
Event: 548.876 Thread 0x000001d5c769b0f0 Uncommon trap: trap_request=0xffffffd6 fr.pc=0x000001d5eabf44f0 relative=0x0000000000001650
Event: 548.876 Thread 0x000001d5c769b0f0 Uncommon trap: reason=array_check action=maybe_recompile pc=0x000001d5eabf44f0 method=org.gradle.internal.service.DefaultServiceRegistry$FactoryService.bind()V @ 125 c2
Event: 548.876 Thread 0x000001d5c769b0f0 DEOPT PACKING pc=0x000001d5eabf44f0 sp=0x0000003e858fa5e0
Event: 548.878 Thread 0x000001d5c769b0f0 DEOPT UNPACKING pc=0x000001d5e9e37982 sp=0x0000003e858fa590 mode 2
Event: 548.883 Thread 0x000001d5c769b0f0 Uncommon trap: trap_request=0xffffffd6 fr.pc=0x000001d5eabf44f0 relative=0x0000000000001650
Event: 548.883 Thread 0x000001d5c769b0f0 Uncommon trap: reason=array_check action=maybe_recompile pc=0x000001d5eabf44f0 method=org.gradle.internal.service.DefaultServiceRegistry$FactoryService.bind()V @ 125 c2
Event: 548.883 Thread 0x000001d5c769b0f0 DEOPT PACKING pc=0x000001d5eabf44f0 sp=0x0000003e858fae60
Event: 548.883 Thread 0x000001d5c769b0f0 DEOPT UNPACKING pc=0x000001d5e9e37982 sp=0x0000003e858fae10 mode 2
Event: 548.900 Thread 0x000001d5c769b0f0 Uncommon trap: trap_request=0xffffffdc fr.pc=0x000001d5eabab738 relative=0x0000000000000218
Event: 548.900 Thread 0x000001d5c769b0f0 Uncommon trap: reason=class_check action=make_not_entrant pc=0x000001d5eabab738 method=java.util.ArrayDeque.toArray(Ljava/lang/Class;)[Ljava/lang/Object; @ 45 c2
Event: 548.900 Thread 0x000001d5c769b0f0 DEOPT PACKING pc=0x000001d5eabab738 sp=0x0000003e858f90d0
Event: 548.900 Thread 0x000001d5c769b0f0 DEOPT UNPACKING pc=0x000001d5e9e37982 sp=0x0000003e858f9080 mode 2
Event: 548.942 Thread 0x000001d5c769b0f0 DEOPT PACKING pc=0x000001d5e2e9a28e sp=0x0000003e858fa6a0
Event: 548.942 Thread 0x000001d5c769b0f0 DEOPT UNPACKING pc=0x000001d5e9e384c2 sp=0x0000003e858f9b88 mode 0

Classes loaded (20 events):
Event: 32.180 Loading class javax/management/ListenerNotFoundException
Event: 32.180 Loading class javax/management/ListenerNotFoundException done
Event: 32.206 Loading class com/sun/jmx/mbeanserver/StandardMBeanSupport
Event: 32.208 Loading class com/sun/jmx/mbeanserver/StandardMBeanSupport done
Event: 32.208 Loading class com/sun/jmx/mbeanserver/StandardMBeanIntrospector
Event: 32.213 Loading class com/sun/jmx/mbeanserver/StandardMBeanIntrospector done
Event: 32.215 Loading class sun/reflect/misc/MethodUtil
Event: 32.220 Loading class sun/reflect/misc/MethodUtil done
Event: 32.222 Loading class sun/reflect/misc/MethodUtil$1
Event: 32.225 Loading class sun/reflect/misc/MethodUtil$1 done
Event: 34.270 Loading class java/io/NotSerializableException
Event: 34.271 Loading class java/io/NotSerializableException done
Event: 34.298 Loading class java/util/Collections$EmptyListIterator
Event: 34.298 Loading class java/util/Collections$EmptyListIterator done
Event: 34.680 Loading class java/net/UrlDeserializedState
Event: 34.681 Loading class java/net/UrlDeserializedState done
Event: 34.694 Loading class java/util/concurrent/CompletableFuture$AsyncRun
Event: 34.697 Loading class java/util/concurrent/CompletableFuture$AsyncRun done
Event: 147.434 Loading class jdk/internal/math/FormattedFPDecimal
Event: 147.478 Loading class jdk/internal/math/FormattedFPDecimal done

Classes unloaded (0 events):
No events

Classes redefined (0 events):
No events

Internal exceptions (20 events):
Event: 265.228 Thread 0x000001d5cb02fcc0 Exception <a 'sun/nio/fs/WindowsException'{0x000000008a600a60}> (0x000000008a600a60) 
thrown [s\open\src\hotspot\share\prims\jni.cpp, line 520]
Event: 266.837 Thread 0x000001d5ca6e2190 Exception <a 'sun/nio/fs/WindowsException'{0x000000008a52f180}> (0x000000008a52f180) 
thrown [s\open\src\hotspot\share\prims\jni.cpp, line 520]
Event: 266.911 Thread 0x000001d5d10a89c0 Exception <a 'sun/nio/fs/WindowsException'{0x000000008be10df8}> (0x000000008be10df8) 
thrown [s\open\src\hotspot\share\prims\jni.cpp, line 520]
Event: 267.008 Thread 0x000001d5c7695ba0 Exception <a 'sun/nio/fs/WindowsException'{0x0000000089d6b1e0}> (0x0000000089d6b1e0) 
thrown [s\open\src\hotspot\share\prims\jni.cpp, line 520]
Event: 267.008 Thread 0x000001d5c7695ba0 Exception <a 'sun/nio/fs/WindowsException'{0x0000000089d6bca8}> (0x0000000089d6bca8) 
thrown [s\open\src\hotspot\share\prims\jni.cpp, line 520]
Event: 267.008 Thread 0x000001d5c7695ba0 Exception <a 'sun/nio/fs/WindowsException'{0x0000000089d6c7c8}> (0x0000000089d6c7c8) 
thrown [s\open\src\hotspot\share\prims\jni.cpp, line 520]
Event: 267.009 Thread 0x000001d5c7695ba0 Exception <a 'sun/nio/fs/WindowsException'{0x0000000089d73ce0}> (0x0000000089d73ce0) 
thrown [s\open\src\hotspot\share\prims\jni.cpp, line 520]
Event: 267.009 Thread 0x000001d5c7695ba0 Exception <a 'sun/nio/fs/WindowsException'{0x0000000089d747e0}> (0x0000000089d747e0) 
thrown [s\open\src\hotspot\share\prims\jni.cpp, line 520]
Event: 267.009 Thread 0x000001d5c7695ba0 Exception <a 'sun/nio/fs/WindowsException'{0x0000000089d75328}> (0x0000000089d75328) 
thrown [s\open\src\hotspot\share\prims\jni.cpp, line 520]
Event: 267.010 Thread 0x000001d5c7695ba0 Exception <a 'sun/nio/fs/WindowsException'{0x0000000089d7d0b0}> (0x0000000089d7d0b0) 
thrown [s\open\src\hotspot\share\prims\jni.cpp, line 520]
Event: 267.010 Thread 0x000001d5c7695ba0 Exception <a 'sun/nio/fs/WindowsException'{0x0000000089d7db98}> (0x0000000089d7db98) 
thrown [s\open\src\hotspot\share\prims\jni.cpp, line 520]
Event: 267.010 Thread 0x000001d5c7695ba0 Exception <a 'sun/nio/fs/WindowsException'{0x0000000089d7e990}> (0x0000000089d7e990) 
thrown [s\open\src\hotspot\share\prims\jni.cpp, line 520]
Event: 267.011 Thread 0x000001d5c7695ba0 Exception <a 'sun/nio/fs/WindowsException'{0x0000000089d84e98}> (0x0000000089d84e98) 
thrown [s\open\src\hotspot\share\prims\jni.cpp, line 520]
Event: 548.536 Thread 0x000001d5c769b0f0 Exception <a 'sun/nio/fs/WindowsException'{0x000000008934de28}> (0x000000008934de28) 
thrown [s\open\src\hotspot\share\prims\jni.cpp, line 520]
Event: 548.539 Thread 0x000001d5c769b0f0 Exception <a 'sun/nio/fs/WindowsException'{0x000000008934f2c8}> (0x000000008934f2c8) 
thrown [s\open\src\hotspot\share\prims\jni.cpp, line 520]
Event: 548.539 Thread 0x000001d5c769b0f0 Exception <a 'sun/nio/fs/WindowsException'{0x0000000089350760}> (0x0000000089350760) 
thrown [s\open\src\hotspot\share\prims\jni.cpp, line 520]
Event: 548.539 Thread 0x000001d5c769b0f0 Exception <a 'sun/nio/fs/WindowsException'{0x0000000089351800}> (0x0000000089351800) 
thrown [s\open\src\hotspot\share\prims\jni.cpp, line 520]
Event: 548.799 Thread 0x000001d5c769b0f0 Exception <a 'sun/nio/fs/WindowsException'{0x00000000884d84d8}> (0x00000000884d84d8) 
thrown [s\open\src\hotspot\share\prims\jni.cpp, line 520]
Event: 548.801 Thread 0x000001d5c769b0f0 Exception <a 'sun/nio/fs/WindowsException'{0x00000000884d9ca0}> (0x00000000884d9ca0) 
thrown [s\open\src\hotspot\share\prims\jni.cpp, line 520]
Event: 548.814 Thread 0x000001d5c769b0f0 Exception <a 'sun/nio/fs/WindowsException'{0x00000000884dd518}> (0x00000000884dd518) 
thrown [s\open\src\hotspot\share\prims\jni.cpp, line 520]

VM Operations (20 events):
Event: 229.020 Executing VM operation: G1CollectForAllocation (G1 Evacuation Pause)
Event: 229.030 Executing VM operation: G1CollectForAllocation (G1 Evacuation Pause) done
Event: 234.882 Executing VM operation: G1CollectForAllocation (G1 Evacuation Pause)
Event: 234.898 Executing VM operation: G1CollectForAllocation (G1 Evacuation Pause) done
Event: 235.076 Executing VM operation: G1PauseRemark
Event: 235.176 Executing VM operation: G1PauseRemark done
Event: 235.201 Executing VM operation: G1PauseCleanup
Event: 235.201 Executing VM operation: G1PauseCleanup done
Event: 240.367 Executing VM operation: HandshakeAllThreads (HandshakeForDeflation)
Event: 240.367 Executing VM operation: HandshakeAllThreads (HandshakeForDeflation) done
Event: 240.367 Executing VM operation: RendezvousGCThreads
Event: 240.367 Executing VM operation: RendezvousGCThreads done
Event: 264.585 Executing VM operation: G1CollectForAllocation (G1 Evacuation Pause)
Event: 264.604 Executing VM operation: G1CollectForAllocation (G1 Evacuation Pause) done
Event: 300.400 Executing VM operation: HandshakeAllThreads (HandshakeForDeflation)
Event: 300.400 Executing VM operation: HandshakeAllThreads (HandshakeForDeflation) done
Event: 300.400 Executing VM operation: RendezvousGCThreads
Event: 300.400 Executing VM operation: RendezvousGCThreads done
Event: 549.071 Executing VM operation: G1CollectForAllocation (G1 Evacuation Pause)
Event: 549.247 Executing VM operation: G1CollectForAllocation (G1 Evacuation Pause) done

Memory protections (0 events):
No events

Nmethod flushes (20 events):
Event: 235.169 Thread 0x000001d5f6f8a530 flushing  nmethod 0x000001d5e38ceb88
Event: 235.169 Thread 0x000001d5f6f8a530 flushing  nmethod 0x000001d5e38cf288
Event: 235.169 Thread 0x000001d5f6f8a530 flushing  nmethod 0x000001d5e38d1688
Event: 235.169 Thread 0x000001d5f6f8a530 flushing osr nmethod 0x000001d5e393b408
Event: 235.169 Thread 0x000001d5f6f8a530 flushing  nmethod 0x000001d5e393e188
Event: 235.169 Thread 0x000001d5f6f8a530 flushing  nmethod 0x000001d5e393f588
Event: 235.169 Thread 0x000001d5f6f8a530 flushing  nmethod 0x000001d5e3948488
Event: 235.169 Thread 0x000001d5f6f8a530 flushing  nmethod 0x000001d5e39a7d88
Event: 235.169 Thread 0x000001d5f6f8a530 flushing  nmethod 0x000001d5e39af388
Event: 235.169 Thread 0x000001d5f6f8a530 flushing  nmethod 0x000001d5e39b0b08
Event: 235.169 Thread 0x000001d5f6f8a530 flushing  nmethod 0x000001d5e39b2a88
Event: 235.169 Thread 0x000001d5f6f8a530 flushing  nmethod 0x000001d5e3a0af08
Event: 235.169 Thread 0x000001d5f6f8a530 flushing  nmethod 0x000001d5e3a0b608
Event: 235.169 Thread 0x000001d5f6f8a530 flushing  nmethod 0x000001d5e3a0b988
Event: 235.169 Thread 0x000001d5f6f8a530 flushing  nmethod 0x000001d5e3a99908
Event: 235.169 Thread 0x000001d5f6f8a530 flushing  nmethod 0x000001d5e3a9ad08
Event: 235.169 Thread 0x000001d5f6f8a530 flushing  nmethod 0x000001d5e3a9b288
Event: 235.169 Thread 0x000001d5f6f8a530 flushing  nmethod 0x000001d5e3a9b988
Event: 235.169 Thread 0x000001d5f6f8a530 flushing  nmethod 0x000001d5e3a9c488
Event: 235.169 Thread 0x000001d5f6f8a530 flushing  nmethod 0x000001d5e3a9c988

Events (20 events):
Event: 327.030 Thread 0x000001d5c7695ba0 Thread exited: 0x000001d5c7695ba0
Event: 547.612 Thread 0x000001d5c6f357a0 Thread added: 0x000001d5c7698300
Event: 547.636 Thread 0x000001d5c7698300 Thread added: 0x000001d5c769c4a0
Event: 547.672 Thread 0x000001d5c7698300 Thread added: 0x000001d5c7698990
Event: 547.701 Thread 0x000001d5c7698300 Thread added: 0x000001d5c769b0f0
Event: 547.752 Thread 0x000001d5c769b0f0 Thread added: 0x000001d5c76996b0
Event: 547.786 Thread 0x000001d5c769b0f0 Thread added: 0x000001d5c7695ba0
Event: 547.790 Thread 0x000001d5c769b0f0 Thread added: 0x000001d5c7699d40
Event: 548.170 Thread 0x000001d5c769b0f0 Thread added: 0x000001d5c769aa60
Event: 548.315 Thread 0x000001d5c769b0f0 Thread added: 0x000001d5c7696230
Event: 548.469 Thread 0x000001d5c769b0f0 Thread added: 0x000001d5c769b780
Event: 548.491 Thread 0x000001d5c769b0f0 Thread added: 0x000001d5c7695510
Event: 548.508 Thread 0x000001d5c769b0f0 Thread added: 0x000001d5c7696f50
Event: 549.587 Thread 0x000001d5c769b0f0 Thread added: 0x000001d5d10a5540
Event: 549.587 Thread 0x000001d5c769b0f0 Thread added: 0x000001d5d10a89c0
Event: 549.588 Thread 0x000001d5c769b0f0 Thread added: 0x000001d5d10a6260
Event: 549.588 Thread 0x000001d5c769b0f0 Thread added: 0x000001d5d10a9050
Event: 549.588 Thread 0x000001d5c769b0f0 Thread added: 0x000001d5d10a4eb0
Event: 549.589 Thread 0x000001d5c769b0f0 Thread added: 0x000001d5d10aa400
Event: 549.589 Thread 0x000001d5c769b0f0 Thread added: 0x000001d5d10a5bd0


Dynamic libraries:
0x00007ff6799a0000 - 0x00007ff6799b0000 	C:\Users\tech\Desktop\jdk-23.0.1\bin\java.exe
0x00007ff903210000 - 0x00007ff903408000 	C:\Windows\SYSTEM32\ntdll.dll
0x00007ff901980000 - 0x00007ff901a3d000 	C:\Windows\System32\KERNEL32.DLL
0x00007ff900c30000 - 0x00007ff900f26000 	C:\Windows\System32\KERNELBASE.dll
0x00007ff900b30000 - 0x00007ff900c30000 	C:\Windows\System32\ucrtbase.dll
0x00007ff8d5fc0000 - 0x00007ff8d5fd7000 	C:\Users\tech\Desktop\jdk-23.0.1\bin\jli.dll
0x00007ff8d55f0000 - 0x00007ff8d560b000 	C:\Users\tech\Desktop\jdk-23.0.1\bin\VCRUNTIME140.dll
0x00007ff902e70000 - 0x00007ff90300e000 	C:\Windows\System32\USER32.dll
0x00007ff900fc0000 - 0x00007ff900fe2000 	C:\Windows\System32\win32u.dll
0x00007ff901ed0000 - 0x00007ff901efc000 	C:\Windows\System32\GDI32.dll
0x00007ff8eb610000 - 0x00007ff8eb8aa000 	C:\Windows\WinSxS\amd64_microsoft.windows.common-controls_6595b64144ccf1df_6.0.19041.3636_none_60b6a03d71f818d5\COMCTL32.dll
0x00007ff9010a0000 - 0x00007ff9011ba000 	C:\Windows\System32\gdi32full.dll
0x00007ff9011c0000 - 0x00007ff90125d000 	C:\Windows\System32\msvcp_win.dll
0x00007ff901670000 - 0x00007ff90170e000 	C:\Windows\System32\msvcrt.dll
0x00007ff901530000 - 0x00007ff901560000 	C:\Windows\System32\IMM32.DLL
0x00007ff8dad40000 - 0x00007ff8dad4c000 	C:\Users\tech\Desktop\jdk-23.0.1\bin\vcruntime140_1.dll
0x00007ff8922b0000 - 0x00007ff89233e000 	C:\Users\tech\Desktop\jdk-23.0.1\bin\msvcp140.dll
0x00007ff867060000 - 0x00007ff867daf000 	C:\Users\tech\Desktop\jdk-23.0.1\bin\server\jvm.dll
0x00007ff9018c0000 - 0x00007ff901973000 	C:\Windows\System32\ADVAPI32.dll
0x00007ff901780000 - 0x00007ff90181f000 	C:\Windows\System32\sechost.dll
0x00007ff901fd0000 - 0x00007ff9020f6000 	C:\Windows\System32\RPCRT4.dll
0x00007ff900a90000 - 0x00007ff900ab7000 	C:\Windows\System32\bcrypt.dll
0x00007ff9014c0000 - 0x00007ff90152b000 	C:\Windows\System32\WS2_32.dll
0x00007ff9002c0000 - 0x00007ff90030b000 	C:\Windows\SYSTEM32\POWRPROF.dll
0x00007ff8f16c0000 - 0x00007ff8f16e7000 	C:\Windows\SYSTEM32\WINMM.dll
0x00007ff8f4760000 - 0x00007ff8f476a000 	C:\Windows\SYSTEM32\VERSION.dll
0x00007ff9002a0000 - 0x00007ff9002b2000 	C:\Windows\SYSTEM32\UMPDC.dll
0x00007ff8ff270000 - 0x00007ff8ff282000 	C:\Windows\SYSTEM32\kernel.appcore.dll
0x00007ff8d54b0000 - 0x00007ff8d54ba000 	C:\Users\tech\Desktop\jdk-23.0.1\bin\jimage.dll
0x00007ff8fee50000 - 0x00007ff8ff034000 	C:\Windows\SYSTEM32\DBGHELP.DLL
0x00007ff8eff10000 - 0x00007ff8eff44000 	C:\Windows\SYSTEM32\dbgcore.DLL
0x00007ff900f30000 - 0x00007ff900fb2000 	C:\Windows\System32\bcryptPrimitives.dll
0x00007ff8d54a0000 - 0x00007ff8d54af000 	C:\Users\tech\Desktop\jdk-23.0.1\bin\instrument.dll
0x00007ff8d3f50000 - 0x00007ff8d3f6e000 	C:\Users\tech\Desktop\jdk-23.0.1\bin\java.dll
0x00007ff903090000 - 0x00007ff9031bb000 	C:\Windows\System32\ole32.dll
0x00007ff9021b0000 - 0x00007ff902504000 	C:\Windows\System32\combase.dll
0x00007ff902570000 - 0x00007ff902cb5000 	C:\Windows\System32\SHELL32.dll
0x00007ff8fe5e0000 - 0x00007ff8fed7b000 	C:\Windows\SYSTEM32\windows.storage.dll
0x00007ff900310000 - 0x00007ff90033d000 	C:\Windows\SYSTEM32\Wldp.dll
0x00007ff9015c0000 - 0x00007ff90166d000 	C:\Windows\System32\SHCORE.dll
0x00007ff901380000 - 0x00007ff9013d5000 	C:\Windows\System32\shlwapi.dll
0x00007ff900810000 - 0x00007ff900835000 	C:\Windows\SYSTEM32\profapi.dll
0x00007ff866e60000 - 0x00007ff866f37000 	C:\Users\tech\Desktop\jdk-23.0.1\bin\jsvml.dll
0x00007ff8d3e00000 - 0x00007ff8d3e17000 	C:\Users\tech\Desktop\jdk-23.0.1\bin\zip.dll
0x00007ff8d42e0000 - 0x00007ff8d42f0000 	C:\Users\tech\Desktop\jdk-23.0.1\bin\net.dll
0x00007ff8fffa0000 - 0x00007ff90000a000 	C:\Windows\system32\mswsock.dll
0x00007ff8d3de0000 - 0x00007ff8d3df6000 	C:\Users\tech\Desktop\jdk-23.0.1\bin\nio.dll
0x00007ff8d3f40000 - 0x00007ff8d3f50000 	C:\Users\tech\Desktop\jdk-23.0.1\bin\verify.dll
0x00007ff8da160000 - 0x00007ff8da187000 	C:\Users\tech\.gradle\native\c067742578af261105cb4f569cf0c3c89f3d7b1fecec35dd04571415982c5e48\windows-amd64\native-platform.dll
0x00007ff866d10000 - 0x00007ff866e54000 	C:\Users\tech\.gradle\native\100fb08df4bc3b14c8652ba06237920a3bd2aa13389f12d3474272988ae205f9\windows-amd64\native-platform-file-events.dll
0x00007ff8d3dd0000 - 0x00007ff8d3dda000 	C:\Users\tech\Desktop\jdk-23.0.1\bin\management.dll
0x00007ff8d1480000 - 0x00007ff8d148b000 	C:\Users\tech\Desktop\jdk-23.0.1\bin\management_ext.dll
0x00007ff9031c0000 - 0x00007ff9031c8000 	C:\Windows\System32\PSAPI.DLL
0x00007ff900190000 - 0x00007ff9001a8000 	C:\Windows\SYSTEM32\CRYPTSP.dll
0x00007ff8ff8d0000 - 0x00007ff8ff904000 	C:\Windows\system32\rsaenh.dll
0x00007ff900790000 - 0x00007ff9007be000 	C:\Windows\SYSTEM32\USERENV.dll
0x00007ff9001b0000 - 0x00007ff9001bc000 	C:\Windows\SYSTEM32\CRYPTBASE.dll
0x00007ff8ffc90000 - 0x00007ff8ffccb000 	C:\Windows\SYSTEM32\IPHLPAPI.DLL
0x00007ff901770000 - 0x00007ff901778000 	C:\Windows\System32\NSI.dll
0x00007ff8d1470000 - 0x00007ff8d1479000 	C:\Users\tech\Desktop\jdk-23.0.1\bin\extnet.dll
0x00007ff8d1460000 - 0x00007ff8d146e000 	C:\Users\tech\Desktop\jdk-23.0.1\bin\sunmscapi.dll
0x00007ff900930000 - 0x00007ff900a8d000 	C:\Windows\System32\CRYPT32.dll
0x00007ff900380000 - 0x00007ff9003a8000 	C:\Windows\SYSTEM32\ncrypt.dll
0x00007ff900340000 - 0x00007ff90037b000 	C:\Windows\SYSTEM32\NTASN1.dll
0x00007ff8f7950000 - 0x00007ff8f7957000 	C:\Windows\system32\wshunix.dll
0x00007ff8ffcd0000 - 0x00007ff8ffd9a000 	C:\Windows\SYSTEM32\DNSAPI.dll
0x00007ff8f50e0000 - 0x00007ff8f50ea000 	C:\Windows\System32\rasadhlp.dll
0x00007ff8ef5c0000 - 0x00007ff8ef640000 	C:\Windows\System32\fwpuclnt.dll
0x00007ff8ffa10000 - 0x00007ff8ffa43000 	C:\Windows\SYSTEM32\ntmarta.dll

dbghelp: loaded successfully - version: 4.0.5 - missing functions: none
symbol engine: initialized successfully - sym options: 0x614 - pdb path: .;C:\Users\tech\Desktop\jdk-23.0.1\bin;C:\Windows\SYSTEM32;C:\Windows\WinSxS\amd64_microsoft.windows.common-controls_6595b64144ccf1df_6.0.19041.3636_none_60b6a03d71f818d5;C:\Users\tech\Desktop\jdk-23.0.1\bin\server;C:\Users\tech\.gradle\native\c067742578af261105cb4f569cf0c3c89f3d7b1fecec35dd04571415982c5e48\windows-amd64;C:\Users\tech\.gradle\native\100fb08df4bc3b14c8652ba06237920a3bd2aa13389f12d3474272988ae205f9\windows-amd64

VM Arguments:
jvm_args: --add-opens=java.base/java.util=ALL-UNNAMED --add-opens=java.base/java.lang=ALL-UNNAMED --add-opens=java.base/java.lang.invoke=ALL-UNNAMED --add-opens=java.prefs/java.util.prefs=ALL-UNNAMED --add-exports=jdk.compiler/com.sun.tools.javac.api=ALL-UNNAMED --add-exports=jdk.compiler/com.sun.tools.javac.util=ALL-UNNAMED --add-opens=java.base/java.nio.charset=ALL-UNNAMED --add-opens=java.base/java.net=ALL-UNNAMED --add-opens=java.base/java.util.concurrent.atomic=ALL-UNNAMED -Xmx2048m -Dfile.encoding=UTF-8 -Duser.country=MA -Duser.language=fr -Duser.variant -javaagent:C:\Users\tech\.gradle\wrapper\dists\gradle-8.9-bin\90cnw93cvbtalezasaz0blq0a\gradle-8.9\lib\agents\gradle-instrumentation-agent-8.9.jar 
java_command: org.gradle.launcher.daemon.bootstrap.GradleDaemon 8.9
java_class_path (initial): C:\Users\tech\.gradle\wrapper\dists\gradle-8.9-bin\90cnw93cvbtalezasaz0blq0a\gradle-8.9\lib\gradle-daemon-main-8.9.jar
Launcher Type: SUN_STANDARD

[Global flags]
     intx CICompilerCount                          = 4                                         {product} {ergonomic}
     uint ConcGCThreads                            = 2                                         {product} {ergonomic}
     uint G1ConcRefinementThreads                  = 8                                         {product} {ergonomic}
   size_t G1HeapRegionSize                         = 1048576                                   {product} {ergonomic}
   size_t InitialHeapSize                          = 130023424                                 {product} {ergonomic}
   size_t MarkStackSize                            = 4194304                                   {product} {ergonomic}
   size_t MarkStackSizeMax                         = 536870912                                 {product} {ergonomic}
   size_t MaxHeapSize                              = 2147483648                                {product} {command line}
   size_t MaxNewSize                               = 1287651328                                {product} {ergonomic}
   size_t MinHeapDeltaBytes                        = 1048576                                   {product} {ergonomic}
   size_t MinHeapSize                              = 8388608                                   {product} {ergonomic}
    uintx NonNMethodCodeHeapSize                   = 5832704                                {pd product} {ergonomic}
    uintx NonProfiledCodeHeapSize                  = 122945536                              {pd product} {ergonomic}
    uintx ProfiledCodeHeapSize                     = 122880000                              {pd product} {ergonomic}
    uintx ReservedCodeCacheSize                    = 251658240                              {pd product} {ergonomic}
     bool SegmentedCodeCache                       = true                                      {product} {ergonomic}
   size_t SoftMaxHeapSize                          = 2147483648                             {manageable} {ergonomic}
     bool UseCompressedOops                        = true                           {product lp64_product} {ergonomic}
     bool UseG1GC                                  = true                                      {product} {ergonomic}
     bool UseLargePagesIndividualAllocation        = false                                  {pd product} {ergonomic}

Logging:
Log output configuration:
 #0: stdout all=warning uptime,level,tags foldmultilines=false
 #1: stderr all=off uptime,level,tags foldmultilines=false

Environment Variables:
PATH=C:\Program Files\Common Files\Oracle\Java\javapath;C:\Windows\system32;C:\Windows;C:\Windows\System32\Wbem;C:\Windows\System32\WindowsPowerShell\v1.0\;C:\Windows\System32\OpenSSH\;C:\Program Files\nodejs\;C:\Program Files\Git\cmd;C:\Users\tech\AppData\Local\Microsoft\WindowsApps;C:\Users\tech\AppData\Local\Programs\Microsoft VS Code\bin;C:\Users\tech\AppData\Roaming\npm
USERNAME=tech
OS=Windows_NT
PROCESSOR_IDENTIFIER=Intel64 Family 6 Model 140 Stepping 1, GenuineIntel
TMP=C:\Users\tech\AppData\Local\Temp
TEMP=C:\Users\tech\AppData\Local\Temp




Periodic native trim disabled

---------------  S Y S T E M  ---------------

OS:
 Windows 10 , 64 bit Build 19041 (10.0.19041.3636)
OS uptime: 0 days 17:55 hours

CPU: total 8 (initial active 8) (4 cores per cpu, 2 threads per core) family 6 model 140 stepping 1 microcode 0x9a, cx8, cmov, fxsr, ht, mmx, 3dnowpref, sse, sse2, sse3, ssse3, sse4.1, sse4.2, popcnt, lzcnt, tsc, tscinvbit, avx, avx2, aes, erms, clmul, bmi1, bmi2, adx, avx512f, avx512dq, avx512cd, avx512bw, avx512vl, sha, fma, vzeroupper, avx512_vpopcntdq, avx512_vpclmulqdq, avx512_vaes, avx512_vnni, clflush, clflushopt, clwb, avx512_vbmi2, avx512_vbmi, rdtscp, rdpid, fsrm, gfni, avx512_bitalg, f16c, pku, cet_ibt, cet_ss, avx512_ifma
Processor Information for the first 8 processors :
  Max Mhz: 2803, Current Mhz: 2803, Mhz Limit: 2803

Memory: 4k page, system-wide physical 7882M (399M free)
TotalPageFile size 11882M (AvailPageFile size 26M)
current process WorkingSet (physical memory assigned to process): 264M, peak: 398M
current process commit charge ("private bytes"): 561M, peak: 574M

vm_info: Java HotSpot(TM) 64-Bit Server VM (23.0.1+11-39) for windows-amd64 JRE (23.0.1+11-39), built on 2024-09-30T07:20:43Z with MS VC++ 17.6 (VS2022)

END.
