#
# There is insufficient memory for the Java Runtime Environment to continue.
# Native memory allocation (malloc) failed to allocate 32744 bytes. Error detail: Chunk::new
# Possible reasons:
#   The system is out of physical RAM or swap space
#   This process is running with CompressedOops enabled, and the Java Heap may be blocking the growth of the native heap
# Possible solutions:
#   Reduce memory load on the system
#   Increase physical memory or swap space
#   Check if swap backing store is full
#   Decrease Java heap size (-Xmx/-Xms)
#   Decrease number of Java threads
#   Decrease Java thread stack sizes (-Xss)
#   Set larger code cache with -XX:ReservedCodeCacheSize=
#   JVM is running with Unscaled Compressed Oops mode in which the Java heap is
#     placed in the first 4GB address space. The Java Heap base address is the
#     maximum limit for the native heap growth. Please use -XX:HeapBaseMinAddress
#     to set the Java Heap base and to place the Java Heap above 4GB virtual address.
# This output file may be truncated or incomplete.
#
#  Out of Memory Error (arena.cpp:149), pid=5316, tid=6528
#
# JRE version: Java(TM) SE Runtime Environment (23.0.1+11) (build 23.0.1+11-39)
# Java VM: Java HotSpot(TM) 64-Bit Server VM (23.0.1+11-39, mixed mode, sharing, tiered, compressed oops, compressed class ptrs, g1 gc, windows-amd64)
# No core dump will be written. Minidumps are not enabled by default on client versions of Windows
#

---------------  S U M M A R Y ------------

Command Line: --add-opens=java.base/java.util=ALL-UNNAMED --add-opens=java.base/java.lang=ALL-UNNAMED --add-opens=java.base/java.lang.invoke=ALL-UNNAMED --add-opens=java.prefs/java.util.prefs=ALL-UNNAMED --add-exports=jdk.compiler/com.sun.tools.javac.api=ALL-UNNAMED --add-exports=jdk.compiler/com.sun.tools.javac.util=ALL-UNNAMED --add-opens=java.base/java.nio.charset=ALL-UNNAMED --add-opens=java.base/java.net=ALL-UNNAMED --add-opens=java.base/java.util.concurrent.atomic=ALL-UNNAMED -Xmx2048m -Dfile.encoding=UTF-8 -Duser.country=MA -Duser.language=fr -Duser.variant -javaagent:C:\Users\tech\.gradle\wrapper\dists\gradle-8.9-bin\90cnw93cvbtalezasaz0blq0a\gradle-8.9\lib\agents\gradle-instrumentation-agent-8.9.jar org.gradle.launcher.daemon.bootstrap.GradleDaemon 8.9

Host: 11th Gen Intel(R) Core(TM) i7-1165G7 @ 2.80GHz, 8 cores, 7G,  Windows 10 , 64 bit Build 19041 (10.0.19041.3636)
Time: Sun Dec  8 12:13:21 2024 Maroc (heure d64 bit Build 19041 (10.0.19041.3636) elapsed time: 12.034196 seconds (0d 0h 0m 12s)

---------------  T H R E A D  ---------------

Current thread (0x000001c73b9e5720):  JavaThread "C1 CompilerThread0" daemon [_thread_in_native, id=6528, stack(0x0000009ef4a00000,0x0000009ef4b00000) (1024K)]


Current CompileTask:
C1:12034 12590 %     3       sun.nio.cs.UTF_8$Encoder::encodeArrayLoopSlow @ 0 (377 bytes)

Stack: [0x0000009ef4a00000,0x0000009ef4b00000]
Native frames: (J=compiled Java code, j=interpreted, Vv=VM code, C=native code)
V  [jvm.dll+0x6e08b9]  (no source info available)
V  [jvm.dll+0x87dc83]  (no source info available)
V  [jvm.dll+0x88010e]  (no source info available)
V  [jvm.dll+0x8807e3]  (no source info available)
V  [jvm.dll+0x27aee6]  (no source info available)
V  [jvm.dll+0xbc06f]  (no source info available)
V  [jvm.dll+0xbc2cb]  (no source info available)
V  [jvm.dll+0x17a451]  (no source info available)
V  [jvm.dll+0x186f83]  (no source info available)
V  [jvm.dll+0x18d839]  (no source info available)
V  [jvm.dll+0x17a3ae]  (no source info available)
V  [jvm.dll+0x168520]  (no source info available)
V  [jvm.dll+0x1509bf]  (no source info available)
V  [jvm.dll+0x15022f]  (no source info available)
V  [jvm.dll+0x1504db]  (no source info available)
V  [jvm.dll+0x14f8a8]  (no source info available)
V  [jvm.dll+0x1516ed]  (no source info available)
V  [jvm.dll+0x253cf1]  (no source info available)
V  [jvm.dll+0x251faa]  (no source info available)
V  [jvm.dll+0x3ee036]  (no source info available)
V  [jvm.dll+0x824f8b]  (no source info available)
V  [jvm.dll+0x6df065]  (no source info available)
C  [ucrtbase.dll+0x21bb2]  (no source info available)
C  [KERNEL32.DLL+0x17344]  (no source info available)
C  [ntdll.dll+0x526b1]  (no source info available)

Lock stack of current Java thread (top to bottom):


---------------  P R O C E S S  ---------------

Threads class SMR info:
_java_thread_list=0x000001c706c06cd0, length=89, elements={
0x000001c71eb731b0, 0x000001c73b9cb500, 0x000001c73b9cd2d0, 0x000001c73b9ce280,
0x000001c73b9d0cf0, 0x000001c73b9d4c50, 0x000001c73b9dd6c0, 0x000001c73b9e0860,
0x000001c73b9e5720, 0x000001c73bab7320, 0x000001c73bc26950, 0x000001c77e60f6c0,
0x000001c77e8f6ca0, 0x000001c77e9d7860, 0x000001c77e980c00, 0x000001c77e9cb0d0,
0x000001c77e9c0a70, 0x000001c77e9e5c70, 0x000001c77e9f3c40, 0x000001c77e9f42d0,
0x000001c77e9f35b0, 0x000001c77e9f4ff0, 0x000001c77e9f5680, 0x000001c77e9f5d10,
0x000001c77e9f6a30, 0x000001c7047e7a20, 0x000001c7047e8740, 0x000001c7047ea810,
0x000001c7047e8dd0, 0x000001c7047e9460, 0x000001c7047ea180, 0x000001c7047e80b0,
0x000001c70534f970, 0x000001c705352df0, 0x000001c70534c4f0, 0x000001c70534cb80,
0x000001c70534ec50, 0x000001c70534d8a0, 0x000001c70534df30, 0x000001c7047f1ca0,
0x000001c7047ecde0, 0x000001c7047efbd0, 0x000001c7047f08f0, 0x000001c7047f1610,
0x000001c7047ee820, 0x000001c7047f0260, 0x000001c7047ec750, 0x000001c7047ed470,
0x000001c7047eb3a0, 0x000001c7047f0f80, 0x000001c7047ee190, 0x000001c7047edb00,
0x000001c7047ef540, 0x000001c77f5b8eb0, 0x000001c77e906570, 0x000001c77f5ba8f0,
0x000001c7067b1870, 0x000001c7067b5a10, 0x000001c7067b7450, 0x000001c7067b8800,
0x000001c7067b60a0, 0x000001c7067b8170, 0x000001c7067b7ae0, 0x000001c7067b32b0,
0x000001c7067b8e90, 0x000001c7067b1f00, 0x000001c7067b2590, 0x000001c7067b2c20,
0x000001c7067b3940, 0x000001c7067b3fd0, 0x000001c7067b4660, 0x000001c7067b4cf0,
0x000001c77f5b7470, 0x000001c77f03ac40, 0x000001c77f039890, 0x000001c77f03e0c0,
0x000001c77f03b2d0, 0x000001c77f03a5b0, 0x000001c77f03b960, 0x000001c77f03e750,
0x000001c77f03c680, 0x000001c77f039f20, 0x000001c77f0377c0, 0x000001c77f038b70,
0x000001c77f0384e0, 0x000001c77f5b9540, 0x000001c7047eeeb0, 0x000001c7055c55f0,
0x000001c7055c2e90
}

Java Threads: ( => current thread )
  0x000001c71eb731b0 JavaThread "main"                              [_thread_blocked, id=15780, stack(0x0000009ef3b00000,0x0000009ef3c00000) (1024K)]
  0x000001c73b9cb500 JavaThread "Reference Handler"          daemon [_thread_blocked, id=2856, stack(0x0000009ef4300000,0x0000009ef4400000) (1024K)]
  0x000001c73b9cd2d0 JavaThread "Finalizer"                  daemon [_thread_blocked, id=8520, stack(0x0000009ef4400000,0x0000009ef4500000) (1024K)]
  0x000001c73b9ce280 JavaThread "Signal Dispatcher"          daemon [_thread_blocked, id=13084, stack(0x0000009ef4500000,0x0000009ef4600000) (1024K)]
  0x000001c73b9d0cf0 JavaThread "Attach Listener"            daemon [_thread_blocked, id=15784, stack(0x0000009ef4600000,0x0000009ef4700000) (1024K)]
  0x000001c73b9d4c50 JavaThread "Service Thread"             daemon [_thread_blocked, id=2836, stack(0x0000009ef4700000,0x0000009ef4800000) (1024K)]
  0x000001c73b9dd6c0 JavaThread "Monitor Deflation Thread"   daemon [_thread_blocked, id=4192, stack(0x0000009ef4800000,0x0000009ef4900000) (1024K)]
  0x000001c73b9e0860 JavaThread "C2 CompilerThread0"         daemon [_thread_in_native, id=10396, stack(0x0000009ef4900000,0x0000009ef4a00000) (1024K)]
=>0x000001c73b9e5720 JavaThread "C1 CompilerThread0"         daemon [_thread_in_native, id=6528, stack(0x0000009ef4a00000,0x0000009ef4b00000) (1024K)]
  0x000001c73bab7320 JavaThread "Common-Cleaner"             daemon [_thread_blocked, id=4084, stack(0x0000009ef4b00000,0x0000009ef4c00000) (1024K)]
  0x000001c73bc26950 JavaThread "Notification Thread"        daemon [_thread_blocked, id=4388, stack(0x0000009ef4c00000,0x0000009ef4d00000) (1024K)]
  0x000001c77e60f6c0 JavaThread "Daemon health stats"               [_thread_blocked, id=7272, stack(0x0000009ef5200000,0x0000009ef5300000) (1024K)]
  0x000001c77e8f6ca0 JavaThread "Incoming local TCP Connector on port 53775"        [_thread_in_native, id=11208, stack(0x0000009ef5500000,0x0000009ef5600000) (1024K)]
  0x000001c77e9d7860 JavaThread "Daemon periodic checks"            [_thread_blocked, id=18276, stack(0x0000009ef5600000,0x0000009ef5700000) (1024K)]
  0x000001c77e980c00 JavaThread "Daemon"                            [_thread_blocked, id=15956, stack(0x0000009ef5700000,0x0000009ef5800000) (1024K)]
  0x000001c77e9cb0d0 JavaThread "Handler for socket connection from /127.0.0.1:53775 to /127.0.0.1:53776"        [_thread_in_native, id=14208, stack(0x0000009ef5800000,0x0000009ef5900000) (1024K)]
  0x000001c77e9c0a70 JavaThread "Cancel handler"                    [_thread_blocked, id=4532, stack(0x0000009ef5900000,0x0000009ef5a00000) (1024K)]
  0x000001c77e9e5c70 JavaThread "Daemon worker"                     [_thread_blocked, id=14764, stack(0x0000009ef5a00000,0x0000009ef5b00000) (1024K)]
  0x000001c77e9f3c40 JavaThread "Asynchronous log dispatcher for DefaultDaemonConnection: socket connection from /127.0.0.1:53775 to /127.0.0.1:53776"        [_thread_blocked, id=1996, stack(0x0000009ef5b00000,0x0000009ef5c00000) (1024K)]
  0x000001c77e9f42d0 JavaThread "Stdin handler"                     [_thread_blocked, id=3224, stack(0x0000009ef5c00000,0x0000009ef5d00000) (1024K)]
  0x000001c77e9f35b0 JavaThread "Daemon client event forwarder"        [_thread_blocked, id=15728, stack(0x0000009ef5d00000,0x0000009ef5e00000) (1024K)]
  0x000001c77e9f4ff0 JavaThread "Cache worker for journal cache (C:\Users\tech\.gradle\caches\journal-1)"        [_thread_blocked, id=8108, stack(0x0000009ef5e00000,0x0000009ef5f00000) (1024K)]
  0x000001c77e9f5680 JavaThread "File lock request listener"        [_thread_in_native, id=8804, stack(0x0000009ef5f00000,0x0000009ef6000000) (1024K)]
  0x000001c77e9f5d10 JavaThread "Cache worker for file hash cache (C:\Users\tech\.gradle\caches\8.9\fileHashes)"        [_thread_blocked, id=13796, stack(0x0000009ef6000000,0x0000009ef6100000) (1024K)]
  0x000001c77e9f6a30 JavaThread "Cache worker for file hash cache (C:\Users\tech\AndroidStudioProjects\TEST1\.gradle\8.9\fileHashes)"        [_thread_blocked, id=2500, stack(0x0000009ef6200000,0x0000009ef6300000) (1024K)]
  0x000001c7047e7a20 JavaThread "Cache worker for Build Output Cleanup Cache (C:\Users\tech\AndroidStudioProjects\TEST1\.gradle\buildOutputCleanup)"        [_thread_blocked, id=12892, stack(0x0000009ef6300000,0x0000009ef6400000) (1024K)]
  0x000001c7047e8740 JavaThread "File watcher server"        daemon [_thread_in_native, id=15500, stack(0x0000009ef6400000,0x0000009ef6500000) (1024K)]
  0x000001c7047ea810 JavaThread "File watcher consumer"      daemon [_thread_blocked, id=16148, stack(0x0000009ef6500000,0x0000009ef6600000) (1024K)]
  0x000001c7047e8dd0 JavaThread "Cache worker for checksums cache (C:\Users\tech\AndroidStudioProjects\TEST1\.gradle\8.9\checksums)"        [_thread_blocked, id=16608, stack(0x0000009ef6700000,0x0000009ef6800000) (1024K)]
  0x000001c7047e9460 JavaThread "Cache worker for file content cache (C:\Users\tech\.gradle\caches\8.9\fileContent)"        [_thread_blocked, id=12192, stack(0x0000009ef6800000,0x0000009ef6900000) (1024K)]
  0x000001c7047ea180 JavaThread "Cache worker for cache directory md-rule (C:\Users\tech\.gradle\caches\8.9\md-rule)"        [_thread_blocked, id=17824, stack(0x0000009ef6900000,0x0000009ef6a00000) (1024K)]
  0x000001c7047e80b0 JavaThread "Cache worker for cache directory md-supplier (C:\Users\tech\.gradle\caches\8.9\md-supplier)"        [_thread_blocked, id=2124, stack(0x0000009ef6a00000,0x0000009ef6b00000) (1024K)]
  0x000001c70534f970 JavaThread "Unconstrained build operations"        [_thread_blocked, id=10636, stack(0x0000009ef6b00000,0x0000009ef6c00000) (1024K)]
  0x000001c705352df0 JavaThread "Unconstrained build operations Thread 2"        [_thread_blocked, id=10656, stack(0x0000009ef6c00000,0x0000009ef6d00000) (1024K)]
  0x000001c70534c4f0 JavaThread "Unconstrained build operations Thread 3"        [_thread_blocked, id=15096, stack(0x0000009ef6d00000,0x0000009ef6e00000) (1024K)]
  0x000001c70534cb80 JavaThread "Unconstrained build operations Thread 4"        [_thread_blocked, id=15484, stack(0x0000009ef6e00000,0x0000009ef6f00000) (1024K)]
  0x000001c70534ec50 JavaThread "Unconstrained build operations Thread 5"        [_thread_blocked, id=2900, stack(0x0000009ef6f00000,0x0000009ef7000000) (1024K)]
  0x000001c70534d8a0 JavaThread "Unconstrained build operations Thread 6"        [_thread_blocked, id=14420, stack(0x0000009ef7000000,0x0000009ef7100000) (1024K)]
  0x000001c70534df30 JavaThread "Unconstrained build operations Thread 7"        [_thread_blocked, id=17488, stack(0x0000009ef7100000,0x0000009ef7200000) (1024K)]
  0x000001c7047f1ca0 JavaThread "Unconstrained build operations Thread 8"        [_thread_blocked, id=16380, stack(0x0000009ef7200000,0x0000009ef7300000) (1024K)]
  0x000001c7047ecde0 JavaThread "Unconstrained build operations Thread 9"        [_thread_blocked, id=12520, stack(0x0000009ef7300000,0x0000009ef7400000) (1024K)]
  0x000001c7047efbd0 JavaThread "Unconstrained build operations Thread 10"        [_thread_blocked, id=12136, stack(0x0000009ef7400000,0x0000009ef7500000) (1024K)]
  0x000001c7047f08f0 JavaThread "Unconstrained build operations Thread 11"        [_thread_blocked, id=17856, stack(0x0000009ef7500000,0x0000009ef7600000) (1024K)]
  0x000001c7047f1610 JavaThread "Unconstrained build operations Thread 12"        [_thread_blocked, id=10848, stack(0x0000009ef7600000,0x0000009ef7700000) (1024K)]
  0x000001c7047ee820 JavaThread "Unconstrained build operations Thread 13"        [_thread_blocked, id=4384, stack(0x0000009ef7700000,0x0000009ef7800000) (1024K)]
  0x000001c7047f0260 JavaThread "Unconstrained build operations Thread 14"        [_thread_blocked, id=16520, stack(0x0000009ef7800000,0x0000009ef7900000) (1024K)]
  0x000001c7047ec750 JavaThread "Unconstrained build operations Thread 15"        [_thread_blocked, id=5640, stack(0x0000009ef7900000,0x0000009ef7a00000) (1024K)]
  0x000001c7047ed470 JavaThread "Unconstrained build operations Thread 16"        [_thread_blocked, id=1868, stack(0x0000009ef7a00000,0x0000009ef7b00000) (1024K)]
  0x000001c7047eb3a0 JavaThread "Unconstrained build operations Thread 17"        [_thread_blocked, id=11456, stack(0x0000009ef7b00000,0x0000009ef7c00000) (1024K)]
  0x000001c7047f0f80 JavaThread "Unconstrained build operations Thread 18"        [_thread_blocked, id=4784, stack(0x0000009ef7c00000,0x0000009ef7d00000) (1024K)]
  0x000001c7047ee190 JavaThread "Unconstrained build operations Thread 19"        [_thread_blocked, id=8380, stack(0x0000009ef7d00000,0x0000009ef7e00000) (1024K)]
  0x000001c7047edb00 JavaThread "Unconstrained build operations Thread 20"        [_thread_blocked, id=7564, stack(0x0000009ef7e00000,0x0000009ef7f00000) (1024K)]
  0x000001c7047ef540 JavaThread "Unconstrained build operations Thread 21"        [_thread_blocked, id=8172, stack(0x0000009ef7f00000,0x0000009ef8000000) (1024K)]
  0x000001c77f5b8eb0 JavaThread "build event listener"              [_thread_blocked, id=12536, stack(0x0000009ef6600000,0x0000009ef6700000) (1024K)]
  0x000001c77e906570 JavaThread "C2 CompilerThread1"         daemon [_thread_in_native, id=6984, stack(0x0000009ef8000000,0x0000009ef8100000) (1024K)]
  0x000001c77f5ba8f0 JavaThread "Memory manager"                    [_thread_blocked, id=15472, stack(0x0000009ef8100000,0x0000009ef8200000) (1024K)]
  0x000001c7067b1870 JavaThread "included builds"                   [_thread_blocked, id=12988, stack(0x0000009ef8200000,0x0000009ef8300000) (1024K)]
  0x000001c7067b5a10 JavaThread "Execution worker"                  [_thread_blocked, id=7056, stack(0x0000009ef8300000,0x0000009ef8400000) (1024K)]
  0x000001c7067b7450 JavaThread "Execution worker Thread 2"         [_thread_blocked, id=17508, stack(0x0000009ef8400000,0x0000009ef8500000) (1024K)]
  0x000001c7067b8800 JavaThread "Execution worker Thread 3"         [_thread_blocked, id=4108, stack(0x0000009ef8500000,0x0000009ef8600000) (1024K)]
  0x000001c7067b60a0 JavaThread "Execution worker Thread 4"         [_thread_blocked, id=1840, stack(0x0000009ef8600000,0x0000009ef8700000) (1024K)]
  0x000001c7067b8170 JavaThread "Execution worker Thread 5"         [_thread_blocked, id=2248, stack(0x0000009ef8700000,0x0000009ef8800000) (1024K)]
  0x000001c7067b7ae0 JavaThread "Execution worker Thread 6"         [_thread_blocked, id=7380, stack(0x0000009ef8800000,0x0000009ef8900000) (1024K)]
  0x000001c7067b32b0 JavaThread "Execution worker Thread 7"         [_thread_blocked, id=17584, stack(0x0000009ef8900000,0x0000009ef8a00000) (1024K)]
  0x000001c7067b8e90 JavaThread "Cache worker for execution history cache (C:\Users\tech\AndroidStudioProjects\TEST1\.gradle\8.9\executionHistory)"        [_thread_blocked, id=10088, stack(0x0000009ef8a00000,0x0000009ef8b00000) (1024K)]
  0x000001c7067b1f00 JavaThread "Unconstrained build operations Thread 22"        [_thread_blocked, id=1732, stack(0x0000009ef8b00000,0x0000009ef8c00000) (1024K)]
  0x000001c7067b2590 JavaThread "Unconstrained build operations Thread 23"        [_thread_blocked, id=17096, stack(0x0000009ef8c00000,0x0000009ef8d00000) (1024K)]
  0x000001c7067b2c20 JavaThread "Unconstrained build operations Thread 24"        [_thread_blocked, id=7224, stack(0x0000009ef8d00000,0x0000009ef8e00000) (1024K)]
  0x000001c7067b3940 JavaThread "Unconstrained build operations Thread 25"        [_thread_blocked, id=6392, stack(0x0000009ef8e00000,0x0000009ef8f00000) (1024K)]
  0x000001c7067b3fd0 JavaThread "Unconstrained build operations Thread 26"        [_thread_blocked, id=14848, stack(0x0000009ef8f00000,0x0000009ef9000000) (1024K)]
  0x000001c7067b4660 JavaThread "Unconstrained build operations Thread 27"        [_thread_blocked, id=12896, stack(0x0000009ef9000000,0x0000009ef9100000) (1024K)]
  0x000001c7067b4cf0 JavaThread "Unconstrained build operations Thread 28"        [_thread_blocked, id=14944, stack(0x0000009ef9100000,0x0000009ef9200000) (1024K)]
  0x000001c77f5b7470 JavaThread "Unconstrained build operations Thread 29"        [_thread_blocked, id=3424, stack(0x0000009ef9200000,0x0000009ef9300000) (1024K)]
  0x000001c77f03ac40 JavaThread "Unconstrained build operations Thread 30"        [_thread_blocked, id=18228, stack(0x0000009ef9300000,0x0000009ef9400000) (1024K)]
  0x000001c77f039890 JavaThread "Unconstrained build operations Thread 31"        [_thread_blocked, id=12460, stack(0x0000009ef9400000,0x0000009ef9500000) (1024K)]
  0x000001c77f03e0c0 JavaThread "Unconstrained build operations Thread 32"        [_thread_blocked, id=3616, stack(0x0000009ef9500000,0x0000009ef9600000) (1024K)]
  0x000001c77f03b2d0 JavaThread "Unconstrained build operations Thread 33"        [_thread_blocked, id=10568, stack(0x0000009ef9600000,0x0000009ef9700000) (1024K)]
  0x000001c77f03a5b0 JavaThread "Unconstrained build operations Thread 34"        [_thread_blocked, id=16352, stack(0x0000009ef9700000,0x0000009ef9800000) (1024K)]
  0x000001c77f03b960 JavaThread "Unconstrained build operations Thread 35"        [_thread_blocked, id=6012, stack(0x0000009ef9800000,0x0000009ef9900000) (1024K)]
  0x000001c77f03e750 JavaThread "WorkerExecutor Queue"              [_thread_blocked, id=12500, stack(0x0000009ef9900000,0x0000009ef9a00000) (1024K)]
  0x000001c77f03c680 JavaThread "Unconstrained build operations Thread 36"        [_thread_blocked, id=14412, stack(0x0000009ef9a00000,0x0000009ef9b00000) (1024K)]
  0x000001c77f039f20 JavaThread "WorkerExecutor Queue Thread 2"        [_thread_blocked, id=6136, stack(0x0000009ef9b00000,0x0000009ef9c00000) (1024K)]
  0x000001c77f0377c0 JavaThread "Unconstrained build operations Thread 37"        [_thread_blocked, id=13028, stack(0x0000009ef9c00000,0x0000009ef9d00000) (1024K)]
  0x000001c77f038b70 JavaThread "Unconstrained build operations Thread 38"        [_thread_blocked, id=17644, stack(0x0000009ef9d00000,0x0000009ef9e00000) (1024K)]
  0x000001c77f0384e0 JavaThread "Unconstrained build operations Thread 39"        [_thread_blocked, id=11412, stack(0x0000009ef9e00000,0x0000009ef9f00000) (1024K)]
  0x000001c77f5b9540 JavaThread "Unconstrained build operations Thread 40"        [_thread_blocked, id=8900, stack(0x0000009ef9f00000,0x0000009efa000000) (1024K)]
  0x000001c7047eeeb0 JavaThread "Unconstrained build operations Thread 41"        [_thread_blocked, id=12052, stack(0x0000009efa000000,0x0000009efa100000) (1024K)]
  0x000001c7055c55f0 JavaThread "Unconstrained build operations Thread 42"        [_thread_blocked, id=2640, stack(0x0000009efa100000,0x0000009efa200000) (1024K)]
  0x000001c7055c2e90 JavaThread "Unconstrained build operations Thread 43"        [_thread_blocked, id=7740, stack(0x0000009efa200000,0x0000009efa300000) (1024K)]
Total: 89

Other Threads:
  0x000001c73b9b18f0 VMThread "VM Thread"                           [id=8248, stack(0x0000009ef4200000,0x0000009ef4300000) (1024K)]
  0x000001c73b9a25f0 WatcherThread "VM Periodic Task Thread"        [id=16136, stack(0x0000009ef4100000,0x0000009ef4200000) (1024K)]
  0x000001c71ebcc770 WorkerThread "GC Thread#0"                     [id=17460, stack(0x0000009ef3c00000,0x0000009ef3d00000) (1024K)]
  0x000001c77d75ac70 WorkerThread "GC Thread#1"                     [id=4592, stack(0x0000009ef4d00000,0x0000009ef4e00000) (1024K)]
  0x000001c77d7b3400 WorkerThread "GC Thread#2"                     [id=17420, stack(0x0000009ef4e00000,0x0000009ef4f00000) (1024K)]
  0x000001c77d7b37b0 WorkerThread "GC Thread#3"                     [id=10292, stack(0x0000009ef4f00000,0x0000009ef5000000) (1024K)]
  0x000001c77d900e20 WorkerThread "GC Thread#4"                     [id=12932, stack(0x0000009ef5000000,0x0000009ef5100000) (1024K)]
  0x000001c77d9bad50 WorkerThread "GC Thread#5"                     [id=10728, stack(0x0000009ef5100000,0x0000009ef5200000) (1024K)]
  0x000001c77e5b00f0 WorkerThread "GC Thread#6"                     [id=15908, stack(0x0000009ef5300000,0x0000009ef5400000) (1024K)]
  0x000001c77e5b04a0 WorkerThread "GC Thread#7"                     [id=2828, stack(0x0000009ef5400000,0x0000009ef5500000) (1024K)]
  0x000001c71ebe1880 ConcurrentGCThread "G1 Main Marker"            [id=3680, stack(0x0000009ef3d00000,0x0000009ef3e00000) (1024K)]
  0x000001c71ebe2a40 WorkerThread "G1 Conc#0"                       [id=12124, stack(0x0000009ef3e00000,0x0000009ef3f00000) (1024K)]
  0x000001c77e9b08f0 WorkerThread "G1 Conc#1"                       [id=4088, stack(0x0000009ef6100000,0x0000009ef6200000) (1024K)]
  0x000001c73b872c00 ConcurrentGCThread "G1 Refine#0"               [id=11392, stack(0x0000009ef3f00000,0x0000009ef4000000) (1024K)]
  0x000001c73b873590 ConcurrentGCThread "G1 Service"                [id=5824, stack(0x0000009ef4000000,0x0000009ef4100000) (1024K)]
Total: 15

Threads with active compile tasks:
C2 CompilerThread0  13709 12583       4       com.android.utils.XmlUtils::append (597 bytes)
C1 CompilerThread0  13709 12590 %     3       sun.nio.cs.UTF_8$Encoder::encodeArrayLoopSlow @ 0 (377 bytes)
C2 CompilerThread1  13709 12408 % !   4       com.android.ide.common.resources.DataMerger::mergeData @ 247 (611 bytes)
Total: 3

VM state: at safepoint (normal execution)

VM Mutex/Monitor currently owned by a thread:  ([mutex/lock_event])
[0x00007ff8c4e31390] FreeList_lock - owner thread: 0x000001c71ebcc770
[0x00007ff8c4e33910] Threads_lock - owner thread: 0x000001c73b9b18f0
[0x00007ff8c4e33a10] Heap_lock - owner thread: 0x000001c7047eeeb0

Heap address: 0x0000000080000000, size: 2048 MB, Compressed Oops mode: 32-bit

CDS archive(s) mapped at: [0x000001c73c000000-0x000001c73cd70000-0x000001c73cd70000), size 14090240, SharedBaseAddress: 0x000001c73c000000, ArchiveRelocationMode: 1.
Compressed class space mapped at: 0x000001c73d000000-0x000001c77d000000, reserved size: 1073741824
Narrow klass base: 0x000001c73c000000, Narrow klass shift: 0, Narrow klass range: 0x41000000

GC Precious Log:
 CardTable entry size: 512
 Card Set container configuration: InlinePtr #cards 5 size 8 Array Of Cards #cards 10 size 36 Howl #buckets 4 coarsen threshold 1843 Howl Bitmap #cards 512 size 80 coarsen threshold 460 Card regions per heap region 1 cards per card region 2048
 CPUs: 8 total, 8 available
 Memory: 7882M
 Large Page Support: Disabled
 NUMA Support: Disabled
 Compressed Oops: Enabled (32-bit)
 Heap Region Size: 1M
 Heap Min Capacity: 8M
 Heap Initial Capacity: 124M
 Heap Max Capacity: 2G
 Pre-touch: Disabled
 Parallel Workers: 8
 Concurrent Workers: 2
 Concurrent Refinement Workers: 8
 Periodic GC: Disabled

Heap:
 garbage-first heap   total reserved 2097152K, committed 168960K, used 159261K [0x0000000080000000, 0x0000000100000000)
  region size 1024K, 41 young (41984K), 3 survivors (3072K)
 Metaspace       used 91544K, committed 93696K, reserved 1179648K
  class space    used 13257K, committed 14272K, reserved 1048576K

Heap Regions: E=young(eden), S=young(survivor), O=old, HS=humongous(starts), HC=humongous(continues), CS=collection set, F=free, TAMS=top-at-mark-start, PB=parsable bottom
|   0|0x0000000080000000, 0x0000000080100000, 0x0000000080100000|100%|HS|  |TAMS 0x0000000080000000| PB 0x0000000080000000| Complete |  0
|   1|0x0000000080100000, 0x0000000080200000, 0x0000000080200000|100%|HC|  |TAMS 0x0000000080100000| PB 0x0000000080100000| Complete |  0
|   2|0x0000000080200000, 0x0000000080300000, 0x0000000080300000|100%|HC|  |TAMS 0x0000000080200000| PB 0x0000000080200000| Complete |  0
|   3|0x0000000080300000, 0x0000000080400000, 0x0000000080400000|100%|HC|  |TAMS 0x0000000080300000| PB 0x0000000080300000| Complete |  0
|   4|0x0000000080400000, 0x0000000080500000, 0x0000000080500000|100%| O|  |TAMS 0x0000000080400000| PB 0x0000000080400000| Untracked |  0
|   5|0x0000000080500000, 0x0000000080600000, 0x0000000080600000|100%| O|  |TAMS 0x0000000080500000| PB 0x0000000080500000| Untracked |  0
|   6|0x0000000080600000, 0x0000000080700000, 0x0000000080700000|100%| O|  |TAMS 0x0000000080600000| PB 0x0000000080600000| Untracked |  0
|   7|0x0000000080700000, 0x0000000080800000, 0x0000000080800000|100%| O|  |TAMS 0x0000000080700000| PB 0x0000000080700000| Untracked |  0
|   8|0x0000000080800000, 0x0000000080900000, 0x0000000080900000|100%| O|  |TAMS 0x0000000080800000| PB 0x0000000080800000| Untracked |  0
|   9|0x0000000080900000, 0x0000000080a00000, 0x0000000080a00000|100%| O|  |TAMS 0x0000000080900000| PB 0x0000000080900000| Untracked |  0
|  10|0x0000000080a00000, 0x0000000080b00000, 0x0000000080b00000|100%| O|  |TAMS 0x0000000080a00000| PB 0x0000000080a00000| Untracked |  0
|  11|0x0000000080b00000, 0x0000000080c00000, 0x0000000080c00000|100%|HS|  |TAMS 0x0000000080b00000| PB 0x0000000080b00000| Complete |  0
|  12|0x0000000080c00000, 0x0000000080d00000, 0x0000000080d00000|100%| O|  |TAMS 0x0000000080c00000| PB 0x0000000080c00000| Untracked |  0
|  13|0x0000000080d00000, 0x0000000080e00000, 0x0000000080e00000|100%| O|  |TAMS 0x0000000080d00000| PB 0x0000000080d00000| Untracked |  0
|  14|0x0000000080e00000, 0x0000000080f00000, 0x0000000080f00000|100%| O|  |TAMS 0x0000000080e00000| PB 0x0000000080e00000| Untracked |  0
|  15|0x0000000080f00000, 0x0000000081000000, 0x0000000081000000|100%| O|  |TAMS 0x0000000080f00000| PB 0x0000000080f00000| Untracked |  0
|  16|0x0000000081000000, 0x0000000081100000, 0x0000000081100000|100%| O|  |TAMS 0x0000000081000000| PB 0x0000000081000000| Untracked |  0
|  17|0x0000000081100000, 0x0000000081200000, 0x0000000081200000|100%| O|  |TAMS 0x0000000081100000| PB 0x0000000081100000| Untracked |  0
|  18|0x0000000081200000, 0x0000000081300000, 0x0000000081300000|100%| O|  |TAMS 0x0000000081200000| PB 0x0000000081200000| Untracked |  0
|  19|0x0000000081300000, 0x0000000081400000, 0x0000000081400000|100%| O|  |TAMS 0x0000000081300000| PB 0x0000000081300000| Untracked |  0
|  20|0x0000000081400000, 0x0000000081500000, 0x0000000081500000|100%| O|  |TAMS 0x0000000081400000| PB 0x0000000081400000| Untracked |  0
|  21|0x0000000081500000, 0x0000000081600000, 0x0000000081600000|100%| O|  |TAMS 0x0000000081500000| PB 0x0000000081500000| Untracked |  0
|  22|0x0000000081600000, 0x0000000081700000, 0x0000000081700000|100%| O|  |TAMS 0x0000000081600000| PB 0x0000000081600000| Untracked |  0
|  23|0x0000000081700000, 0x0000000081800000, 0x0000000081800000|100%| O|  |TAMS 0x0000000081700000| PB 0x0000000081700000| Untracked |  0
|  24|0x0000000081800000, 0x0000000081900000, 0x0000000081900000|100%| O|  |TAMS 0x0000000081800000| PB 0x0000000081800000| Untracked |  0
|  25|0x0000000081900000, 0x0000000081a00000, 0x0000000081a00000|100%| O|  |TAMS 0x0000000081900000| PB 0x0000000081900000| Untracked |  0
|  26|0x0000000081a00000, 0x0000000081b00000, 0x0000000081b00000|100%| O|  |TAMS 0x0000000081a00000| PB 0x0000000081a00000| Untracked |  0
|  27|0x0000000081b00000, 0x0000000081c00000, 0x0000000081c00000|100%| O|  |TAMS 0x0000000081b00000| PB 0x0000000081b00000| Untracked |  0
|  28|0x0000000081c00000, 0x0000000081d00000, 0x0000000081d00000|100%| O|  |TAMS 0x0000000081c00000| PB 0x0000000081c00000| Untracked |  0
|  29|0x0000000081d00000, 0x0000000081e00000, 0x0000000081e00000|100%| O|  |TAMS 0x0000000081d00000| PB 0x0000000081d00000| Untracked |  0
|  30|0x0000000081e00000, 0x0000000081f00000, 0x0000000081f00000|100%| O|  |TAMS 0x0000000081e00000| PB 0x0000000081e00000| Untracked |  0
|  31|0x0000000081f00000, 0x0000000082000000, 0x0000000082000000|100%| O|  |TAMS 0x0000000081f00000| PB 0x0000000081f00000| Untracked |  0
|  32|0x0000000082000000, 0x0000000082100000, 0x0000000082100000|100%| O|  |TAMS 0x0000000082000000| PB 0x0000000082000000| Untracked |  0
|  33|0x0000000082100000, 0x0000000082200000, 0x0000000082200000|100%| O|  |TAMS 0x0000000082100000| PB 0x0000000082100000| Untracked |  0
|  34|0x0000000082200000, 0x0000000082300000, 0x0000000082300000|100%| O|CS|TAMS 0x0000000082200000| PB 0x0000000082200000| Complete |  0
|  35|0x0000000082300000, 0x0000000082400000, 0x0000000082400000|100%| O|  |TAMS 0x0000000082300000| PB 0x0000000082300000| Untracked |  0
|  36|0x0000000082400000, 0x0000000082500000, 0x0000000082500000|100%| O|  |TAMS 0x0000000082400000| PB 0x0000000082400000| Untracked |  0
|  37|0x0000000082500000, 0x0000000082600000, 0x0000000082600000|100%| O|  |TAMS 0x0000000082500000| PB 0x0000000082500000| Untracked |  0
|  38|0x0000000082600000, 0x0000000082700000, 0x0000000082700000|100%| O|  |TAMS 0x0000000082600000| PB 0x0000000082600000| Untracked |  0
|  39|0x0000000082700000, 0x0000000082800000, 0x0000000082800000|100%| O|  |TAMS 0x0000000082700000| PB 0x0000000082700000| Untracked |  0
|  40|0x0000000082800000, 0x0000000082900000, 0x0000000082900000|100%| O|  |TAMS 0x0000000082800000| PB 0x0000000082800000| Untracked |  0
|  41|0x0000000082900000, 0x0000000082a00000, 0x0000000082a00000|100%| O|  |TAMS 0x0000000082900000| PB 0x0000000082900000| Untracked |  0
|  42|0x0000000082a00000, 0x0000000082b00000, 0x0000000082b00000|100%| O|  |TAMS 0x0000000082a00000| PB 0x0000000082a00000| Untracked |  0
|  43|0x0000000082b00000, 0x0000000082c00000, 0x0000000082c00000|100%|HS|  |TAMS 0x0000000082b00000| PB 0x0000000082b00000| Complete |  0
|  44|0x0000000082c00000, 0x0000000082d00000, 0x0000000082d00000|100%|HS|  |TAMS 0x0000000082c00000| PB 0x0000000082c00000| Complete |  0
|  45|0x0000000082d00000, 0x0000000082e00000, 0x0000000082e00000|100%| O|  |TAMS 0x0000000082d00000| PB 0x0000000082d00000| Untracked |  0
|  46|0x0000000082e00000, 0x0000000082f00000, 0x0000000082f00000|100%|HS|  |TAMS 0x0000000082e00000| PB 0x0000000082e00000| Complete |  0
|  47|0x0000000082f00000, 0x0000000083000000, 0x0000000083000000|100%|HS|  |TAMS 0x0000000082f00000| PB 0x0000000082f00000| Complete |  0
|  48|0x0000000083000000, 0x0000000083100000, 0x0000000083100000|100%| O|  |TAMS 0x0000000083000000| PB 0x0000000083000000| Untracked |  0
|  49|0x0000000083100000, 0x0000000083200000, 0x0000000083200000|100%|HS|  |TAMS 0x0000000083100000| PB 0x0000000083100000| Complete |  0
|  50|0x0000000083200000, 0x0000000083300000, 0x0000000083300000|100%|HS|  |TAMS 0x0000000083200000| PB 0x0000000083200000| Complete |  0
|  51|0x0000000083300000, 0x0000000083400000, 0x0000000083400000|100%| O|  |TAMS 0x0000000083300000| PB 0x0000000083300000| Untracked |  0
|  52|0x0000000083400000, 0x0000000083500000, 0x0000000083500000|100%| O|  |TAMS 0x0000000083400000| PB 0x0000000083400000| Untracked |  0
|  53|0x0000000083500000, 0x0000000083600000, 0x0000000083600000|100%| O|  |TAMS 0x0000000083500000| PB 0x0000000083500000| Untracked |  0
|  54|0x0000000083600000, 0x0000000083700000, 0x0000000083700000|100%| O|  |TAMS 0x0000000083600000| PB 0x0000000083600000| Untracked |  0
|  55|0x0000000083700000, 0x0000000083800000, 0x0000000083800000|100%|HS|  |TAMS 0x0000000083700000| PB 0x0000000083700000| Complete |  0
|  56|0x0000000083800000, 0x0000000083900000, 0x0000000083900000|100%| O|  |TAMS 0x0000000083800000| PB 0x0000000083800000| Untracked |  0
|  57|0x0000000083900000, 0x0000000083a00000, 0x0000000083a00000|100%| O|  |TAMS 0x0000000083900000| PB 0x0000000083900000| Untracked |  0
|  58|0x0000000083a00000, 0x0000000083b00000, 0x0000000083b00000|100%| O|  |TAMS 0x0000000083a00000| PB 0x0000000083a00000| Untracked |  0
|  59|0x0000000083b00000, 0x0000000083c00000, 0x0000000083c00000|100%| O|  |TAMS 0x0000000083b00000| PB 0x0000000083b00000| Untracked |  0
|  60|0x0000000083c00000, 0x0000000083d00000, 0x0000000083d00000|100%| O|  |TAMS 0x0000000083c00000| PB 0x0000000083c00000| Untracked |  0
|  61|0x0000000083d00000, 0x0000000083e00000, 0x0000000083e00000|100%| O|  |TAMS 0x0000000083d00000| PB 0x0000000083d00000| Untracked |  0
|  62|0x0000000083e00000, 0x0000000083f00000, 0x0000000083f00000|100%| O|  |TAMS 0x0000000083e00000| PB 0x0000000083e00000| Untracked |  0
|  63|0x0000000083f00000, 0x0000000084000000, 0x0000000084000000|100%| O|  |TAMS 0x0000000083f00000| PB 0x0000000083f00000| Untracked |  0
|  64|0x0000000084000000, 0x0000000084100000, 0x0000000084100000|100%| O|  |TAMS 0x0000000084000000| PB 0x0000000084000000| Untracked |  0
|  65|0x0000000084100000, 0x0000000084200000, 0x0000000084200000|100%| O|CS|TAMS 0x0000000084100000| PB 0x0000000084100000| Complete |  0
|  66|0x0000000084200000, 0x0000000084300000, 0x0000000084300000|100%| O|  |TAMS 0x0000000084200000| PB 0x0000000084200000| Untracked |  0
|  67|0x0000000084300000, 0x0000000084400000, 0x0000000084400000|100%| O|  |TAMS 0x0000000084300000| PB 0x0000000084300000| Untracked |  0
|  68|0x0000000084400000, 0x0000000084500000, 0x0000000084500000|100%| O|  |TAMS 0x0000000084400000| PB 0x0000000084400000| Untracked |  0
|  69|0x0000000084500000, 0x0000000084600000, 0x0000000084600000|100%| O|  |TAMS 0x0000000084500000| PB 0x0000000084500000| Untracked |  0
|  70|0x0000000084600000, 0x0000000084700000, 0x0000000084700000|100%| O|  |TAMS 0x0000000084600000| PB 0x0000000084600000| Untracked |  0
|  71|0x0000000084700000, 0x0000000084800000, 0x0000000084800000|100%| O|  |TAMS 0x0000000084700000| PB 0x0000000084700000| Untracked |  0
|  72|0x0000000084800000, 0x0000000084900000, 0x0000000084900000|100%| O|  |TAMS 0x0000000084800000| PB 0x0000000084800000| Untracked |  0
|  73|0x0000000084900000, 0x0000000084a00000, 0x0000000084a00000|100%| O|  |TAMS 0x0000000084900000| PB 0x0000000084900000| Untracked |  0
|  74|0x0000000084a00000, 0x0000000084b00000, 0x0000000084b00000|100%| O|  |TAMS 0x0000000084a00000| PB 0x0000000084a00000| Untracked |  0
|  75|0x0000000084b00000, 0x0000000084c00000, 0x0000000084c00000|100%| O|  |TAMS 0x0000000084b00000| PB 0x0000000084b00000| Untracked |  0
|  76|0x0000000084c00000, 0x0000000084d00000, 0x0000000084d00000|100%| O|CS|TAMS 0x0000000084c00000| PB 0x0000000084c00000| Complete |  0
|  77|0x0000000084d00000, 0x0000000084e00000, 0x0000000084e00000|100%| O|  |TAMS 0x0000000084d00000| PB 0x0000000084d00000| Untracked |  0
|  78|0x0000000084e00000, 0x0000000084f00000, 0x0000000084f00000|100%| O|  |TAMS 0x0000000084e00000| PB 0x0000000084e00000| Untracked |  0
|  79|0x0000000084f00000, 0x0000000085000000, 0x0000000085000000|100%| O|  |TAMS 0x0000000084f00000| PB 0x0000000084f00000| Untracked |  0
|  80|0x0000000085000000, 0x0000000085100000, 0x0000000085100000|100%| O|  |TAMS 0x0000000085000000| PB 0x0000000085000000| Untracked |  0
|  81|0x0000000085100000, 0x0000000085200000, 0x0000000085200000|100%|HS|  |TAMS 0x0000000085100000| PB 0x0000000085100000| Complete |  0
|  82|0x0000000085200000, 0x0000000085300000, 0x0000000085300000|100%|HS|  |TAMS 0x0000000085200000| PB 0x0000000085200000| Complete |  0
|  83|0x0000000085300000, 0x0000000085400000, 0x0000000085400000|100%|HC|  |TAMS 0x0000000085300000| PB 0x0000000085300000| Complete |  0
|  84|0x0000000085400000, 0x0000000085500000, 0x0000000085500000|100%| O|  |TAMS 0x0000000085400000| PB 0x0000000085400000| Untracked |  0
|  85|0x0000000085500000, 0x0000000085600000, 0x0000000085600000|100%| O|  |TAMS 0x0000000085500000| PB 0x0000000085500000| Untracked |  0
|  86|0x0000000085600000, 0x0000000085700000, 0x0000000085700000|100%| O|  |TAMS 0x0000000085600000| PB 0x0000000085600000| Untracked |  0
|  87|0x0000000085700000, 0x0000000085800000, 0x0000000085800000|100%| O|  |TAMS 0x0000000085700000| PB 0x0000000085700000| Untracked |  0
|  88|0x0000000085800000, 0x0000000085900000, 0x0000000085900000|100%| O|  |TAMS 0x0000000085800000| PB 0x0000000085800000| Untracked |  0
|  89|0x0000000085900000, 0x0000000085a00000, 0x0000000085a00000|100%| O|  |TAMS 0x0000000085900000| PB 0x0000000085900000| Untracked |  0
|  90|0x0000000085a00000, 0x0000000085b00000, 0x0000000085b00000|100%| O|  |TAMS 0x0000000085a00000| PB 0x0000000085a00000| Untracked |  0
|  91|0x0000000085b00000, 0x0000000085c00000, 0x0000000085c00000|100%| O|  |TAMS 0x0000000085b00000| PB 0x0000000085b00000| Untracked |  0
|  92|0x0000000085c00000, 0x0000000085d00000, 0x0000000085d00000|100%| E|CS|TAMS 0x0000000085c00000| PB 0x0000000085c00000| Complete |  0
|  93|0x0000000085d00000, 0x0000000085e00000, 0x0000000085e00000|100%| E|CS|TAMS 0x0000000085d00000| PB 0x0000000085d00000| Complete |  0
|  94|0x0000000085e00000, 0x0000000085f00000, 0x0000000085f00000|100%| E|CS|TAMS 0x0000000085e00000| PB 0x0000000085e00000| Complete |  0
|  95|0x0000000085f00000, 0x0000000086000000, 0x0000000086000000|100%| E|CS|TAMS 0x0000000085f00000| PB 0x0000000085f00000| Complete |  0
|  96|0x0000000086000000, 0x0000000086100000, 0x0000000086100000|100%| E|CS|TAMS 0x0000000086000000| PB 0x0000000086000000| Complete |  0
|  97|0x0000000086100000, 0x0000000086200000, 0x0000000086200000|100%| E|CS|TAMS 0x0000000086100000| PB 0x0000000086100000| Complete |  0
|  98|0x0000000086200000, 0x0000000086300000, 0x0000000086300000|100%| E|CS|TAMS 0x0000000086200000| PB 0x0000000086200000| Complete |  0
|  99|0x0000000086300000, 0x0000000086400000, 0x0000000086400000|100%|HS|  |TAMS 0x0000000086300000| PB 0x0000000086300000| Complete |  0
| 100|0x0000000086400000, 0x0000000086500000, 0x0000000086500000|100%|HC|  |TAMS 0x0000000086400000| PB 0x0000000086400000| Complete |  0
| 101|0x0000000086500000, 0x0000000086600000, 0x0000000086600000|100%|HC|  |TAMS 0x0000000086500000| PB 0x0000000086500000| Complete |  0
| 102|0x0000000086600000, 0x0000000086700000, 0x0000000086700000|100%|HC|  |TAMS 0x0000000086600000| PB 0x0000000086600000| Complete |  0
| 103|0x0000000086700000, 0x0000000086800000, 0x0000000086800000|100%|HS|  |TAMS 0x0000000086700000| PB 0x0000000086700000| Complete |  0
| 104|0x0000000086800000, 0x0000000086900000, 0x0000000086900000|100%|HC|  |TAMS 0x0000000086800000| PB 0x0000000086800000| Complete |  0
| 105|0x0000000086900000, 0x0000000086a00000, 0x0000000086a00000|100%|HC|  |TAMS 0x0000000086900000| PB 0x0000000086900000| Complete |  0
| 106|0x0000000086a00000, 0x0000000086b00000, 0x0000000086b00000|100%|HC|  |TAMS 0x0000000086a00000| PB 0x0000000086a00000| Complete |  0
| 107|0x0000000086b00000, 0x0000000086c00000, 0x0000000086c00000|100%|HS|  |TAMS 0x0000000086b00000| PB 0x0000000086b00000| Complete |  0
| 108|0x0000000086c00000, 0x0000000086d00000, 0x0000000086d00000|100%|HC|  |TAMS 0x0000000086c00000| PB 0x0000000086c00000| Complete |  0
| 109|0x0000000086d00000, 0x0000000086e00000, 0x0000000086e00000|100%|HC|  |TAMS 0x0000000086d00000| PB 0x0000000086d00000| Complete |  0
| 110|0x0000000086e00000, 0x0000000086f00000, 0x0000000086f00000|100%|HC|  |TAMS 0x0000000086e00000| PB 0x0000000086e00000| Complete |  0
| 111|0x0000000086f00000, 0x0000000087000000, 0x0000000087000000|100%| O|  |TAMS 0x0000000086f00000| PB 0x0000000086f00000| Untracked |  0
| 112|0x0000000087000000, 0x0000000087100000, 0x0000000087100000|100%| O|  |TAMS 0x0000000087000000| PB 0x0000000087000000| Untracked |  0
| 113|0x0000000087100000, 0x0000000087200000, 0x0000000087200000|100%| S|  |TAMS 0x0000000087100000| PB 0x0000000087100000| Complete |  0
| 114|0x0000000087200000, 0x0000000087300000, 0x0000000087300000|100%| S|  |TAMS 0x0000000087200000| PB 0x0000000087200000| Complete |  0
| 115|0x0000000087300000, 0x0000000087400000, 0x0000000087400000|100%| S|  |TAMS 0x0000000087300000| PB 0x0000000087300000| Complete |  0
| 116|0x0000000087400000, 0x0000000087500000, 0x0000000087500000|100%| E|CS|TAMS 0x0000000087400000| PB 0x0000000087400000| Complete |  0
| 117|0x0000000087500000, 0x0000000087600000, 0x0000000087600000|100%| E|CS|TAMS 0x0000000087500000| PB 0x0000000087500000| Complete |  0
| 118|0x0000000087600000, 0x0000000087700000, 0x0000000087700000|100%| E|CS|TAMS 0x0000000087600000| PB 0x0000000087600000| Complete |  0
| 119|0x0000000087700000, 0x0000000087800000, 0x0000000087800000|100%| E|CS|TAMS 0x0000000087700000| PB 0x0000000087700000| Complete |  0
| 120|0x0000000087800000, 0x0000000087900000, 0x0000000087900000|100%| E|CS|TAMS 0x0000000087800000| PB 0x0000000087800000| Complete |  0
| 121|0x0000000087900000, 0x0000000087a00000, 0x0000000087a00000|100%| E|CS|TAMS 0x0000000087900000| PB 0x0000000087900000| Complete |  0
| 122|0x0000000087a00000, 0x0000000087b00000, 0x0000000087b00000|100%| E|CS|TAMS 0x0000000087a00000| PB 0x0000000087a00000| Complete |  0
| 123|0x0000000087b00000, 0x0000000087c00000, 0x0000000087c00000|100%| E|CS|TAMS 0x0000000087b00000| PB 0x0000000087b00000| Complete |  0
| 124|0x0000000087c00000, 0x0000000087d00000, 0x0000000087d00000|100%| E|CS|TAMS 0x0000000087c00000| PB 0x0000000087c00000| Complete |  0
| 125|0x0000000087d00000, 0x0000000087e00000, 0x0000000087e00000|100%| E|CS|TAMS 0x0000000087d00000| PB 0x0000000087d00000| Complete |  0
| 126|0x0000000087e00000, 0x0000000087f00000, 0x0000000087f00000|100%| E|CS|TAMS 0x0000000087e00000| PB 0x0000000087e00000| Complete |  0
| 127|0x0000000087f00000, 0x0000000088000000, 0x0000000088000000|100%| E|CS|TAMS 0x0000000087f00000| PB 0x0000000087f00000| Complete |  0
| 128|0x0000000088000000, 0x0000000088100000, 0x0000000088100000|100%| E|CS|TAMS 0x0000000088000000| PB 0x0000000088000000| Complete |  0
| 129|0x0000000088100000, 0x0000000088200000, 0x0000000088200000|100%| E|CS|TAMS 0x0000000088100000| PB 0x0000000088100000| Complete |  0
| 130|0x0000000088200000, 0x0000000088300000, 0x0000000088300000|100%| E|CS|TAMS 0x0000000088200000| PB 0x0000000088200000| Complete |  0
| 131|0x0000000088300000, 0x0000000088400000, 0x0000000088400000|100%| E|CS|TAMS 0x0000000088300000| PB 0x0000000088300000| Complete |  0
| 132|0x0000000088400000, 0x0000000088500000, 0x0000000088500000|100%| E|CS|TAMS 0x0000000088400000| PB 0x0000000088400000| Complete |  0
| 133|0x0000000088500000, 0x0000000088600000, 0x0000000088600000|100%| E|CS|TAMS 0x0000000088500000| PB 0x0000000088500000| Complete |  0
| 134|0x0000000088600000, 0x0000000088700000, 0x0000000088700000|100%| E|CS|TAMS 0x0000000088600000| PB 0x0000000088600000| Complete |  0
| 135|0x0000000088700000, 0x0000000088800000, 0x0000000088800000|100%| E|CS|TAMS 0x0000000088700000| PB 0x0000000088700000| Complete |  0
| 136|0x0000000088800000, 0x0000000088900000, 0x0000000088900000|100%| E|CS|TAMS 0x0000000088800000| PB 0x0000000088800000| Complete |  0
| 137|0x0000000088900000, 0x0000000088a00000, 0x0000000088a00000|100%| E|CS|TAMS 0x0000000088900000| PB 0x0000000088900000| Complete |  0
| 138|0x0000000088a00000, 0x0000000088b00000, 0x0000000088b00000|100%| E|CS|TAMS 0x0000000088a00000| PB 0x0000000088a00000| Complete |  0
| 139|0x0000000088b00000, 0x0000000088c00000, 0x0000000088c00000|100%| E|CS|TAMS 0x0000000088b00000| PB 0x0000000088b00000| Complete |  0
| 140|0x0000000088c00000, 0x0000000088d00000, 0x0000000088d00000|100%| E|CS|TAMS 0x0000000088c00000| PB 0x0000000088c00000| Complete |  0
| 141|0x0000000088d00000, 0x0000000088e00000, 0x0000000088e00000|100%| E|CS|TAMS 0x0000000088d00000| PB 0x0000000088d00000| Complete |  0
| 142|0x0000000088e00000, 0x0000000088f00000, 0x0000000088f00000|100%| E|CS|TAMS 0x0000000088e00000| PB 0x0000000088e00000| Complete |  0
| 143|0x0000000088f00000, 0x0000000089000000, 0x0000000089000000|100%| E|CS|TAMS 0x0000000088f00000| PB 0x0000000088f00000| Complete |  0
| 144|0x0000000089000000, 0x0000000089100000, 0x0000000089100000|100%| E|CS|TAMS 0x0000000089000000| PB 0x0000000089000000| Complete |  0
| 145|0x0000000089100000, 0x0000000089200000, 0x0000000089200000|100%| E|CS|TAMS 0x0000000089100000| PB 0x0000000089100000| Complete |  0
| 146|0x0000000089200000, 0x0000000089300000, 0x0000000089300000|100%| E|CS|TAMS 0x0000000089200000| PB 0x0000000089200000| Complete |  0
| 147|0x0000000089300000, 0x0000000089400000, 0x0000000089400000|100%| E|CS|TAMS 0x0000000089300000| PB 0x0000000089300000| Complete |  0
| 148|0x0000000089400000, 0x0000000089500000, 0x0000000089500000|100%| E|CS|TAMS 0x0000000089400000| PB 0x0000000089400000| Complete |  0
| 149|0x0000000089500000, 0x0000000089600000, 0x0000000089600000|100%| E|CS|TAMS 0x0000000089500000| PB 0x0000000089500000| Complete |  0
| 150|0x0000000089600000, 0x0000000089700000, 0x0000000089700000|100%| E|CS|TAMS 0x0000000089600000| PB 0x0000000089600000| Complete |  0
|2034|0x00000000ff200000, 0x00000000ff300000, 0x00000000ff300000|100%| O|  |TAMS 0x00000000ff200000| PB 0x00000000ff200000| Untracked |  0
|2035|0x00000000ff300000, 0x00000000ff400000, 0x00000000ff400000|100%| O|  |TAMS 0x00000000ff300000| PB 0x00000000ff300000| Untracked |  0
|2036|0x00000000ff400000, 0x00000000ff500000, 0x00000000ff500000|100%| O|  |TAMS 0x00000000ff400000| PB 0x00000000ff400000| Untracked |  0
|2037|0x00000000ff500000, 0x00000000ff600000, 0x00000000ff600000|100%| O|  |TAMS 0x00000000ff500000| PB 0x00000000ff500000| Untracked |  0
|2038|0x00000000ff600000, 0x00000000ff700000, 0x00000000ff700000|100%| O|  |TAMS 0x00000000ff600000| PB 0x00000000ff600000| Untracked |  0
|2039|0x00000000ff700000, 0x00000000ff800000, 0x00000000ff800000|100%| O|  |TAMS 0x00000000ff700000| PB 0x00000000ff700000| Untracked |  0
|2040|0x00000000ff800000, 0x00000000ff900000, 0x00000000ff900000|100%| O|  |TAMS 0x00000000ff800000| PB 0x00000000ff800000| Untracked |  0
|2041|0x00000000ff900000, 0x00000000ffa00000, 0x00000000ffa00000|100%| O|  |TAMS 0x00000000ff900000| PB 0x00000000ff900000| Untracked |  0
|2042|0x00000000ffa00000, 0x00000000ffb00000, 0x00000000ffb00000|100%| O|  |TAMS 0x00000000ffa00000| PB 0x00000000ffa00000| Untracked |  0
|2043|0x00000000ffb00000, 0x00000000ffc00000, 0x00000000ffc00000|100%| O|  |TAMS 0x00000000ffb00000| PB 0x00000000ffb00000| Untracked |  0
|2044|0x00000000ffc00000, 0x00000000ffd00000, 0x00000000ffd00000|100%| O|  |TAMS 0x00000000ffc00000| PB 0x00000000ffc00000| Untracked |  0
|2045|0x00000000ffd00000, 0x00000000ffe00000, 0x00000000ffe00000|100%| E|CS|TAMS 0x00000000ffd00000| PB 0x00000000ffd00000| Complete |  0
|2046|0x00000000ffe00000, 0x00000000fff00000, 0x00000000fff00000|100%| E|CS|TAMS 0x00000000ffe00000| PB 0x00000000ffe00000| Complete |  0
|2047|0x00000000fff00000, 0x0000000100000000, 0x0000000100000000|100%| E|CS|TAMS 0x00000000fff00000| PB 0x00000000fff00000| Complete |  0

Card table byte_map: [0x000001c736af0000,0x000001c736ef0000] _byte_map_base: 0x000001c7366f0000

Marking Bits: (CMBitMap*) 0x000001c71ebccd90
 Bits: [0x000001c736ef0000, 0x000001c738ef0000)

Polling page: 0x000001c71ca30000

Metaspace:

Usage:
  Non-class:     76.45 MB used.
      Class:     12.95 MB used.
       Both:     89.40 MB used.

Virtual space:
  Non-class space:      128.00 MB reserved,      77.56 MB ( 61%) committed,  2 nodes.
      Class space:        1.00 GB reserved,      13.94 MB (  1%) committed,  1 nodes.
             Both:        1.12 GB reserved,      91.50 MB (  8%) committed. 

Chunk freelists:
   Non-Class:  2.27 MB
       Class:  1.88 MB
        Both:  4.14 MB

MaxMetaspaceSize: unlimited
CompressedClassSpaceSize: 1.00 GB
Initial GC threshold: 21.00 MB
Current GC threshold: 145.31 MB
CDS: on
 - commit_granule_bytes: 65536.
 - commit_granule_words: 8192.
 - virtual_space_node_default_size: 8388608.
 - enlarge_chunks_in_place: 1.
 - use_allocation_guard: 0.


Internal statistics:

num_allocs_failed_limit: 6.
num_arena_births: 3848.
num_arena_deaths: 0.
num_vsnodes_births: 3.
num_vsnodes_deaths: 0.
num_space_committed: 1463.
num_space_uncommitted: 0.
num_chunks_returned_to_freelist: 6.
num_chunks_taken_from_freelist: 7755.
num_chunk_merges: 6.
num_chunk_splits: 5167.
num_chunks_enlarged: 3399.
num_inconsistent_stats: 0.

CodeHeap 'non-profiled nmethods': size=120064Kb used=4941Kb max_used=4941Kb free=115122Kb
 bounds [0x000001c72ed70000, 0x000001c72f250000, 0x000001c7362b0000]
CodeHeap 'profiled nmethods': size=120000Kb used=15257Kb max_used=15257Kb free=104742Kb
 bounds [0x000001c7272b0000, 0x000001c7281a0000, 0x000001c72e7e0000]
CodeHeap 'non-nmethods': size=5696Kb used=2332Kb max_used=2367Kb free=3364Kb
 bounds [0x000001c72e7e0000, 0x000001c72ea50000, 0x000001c72ed70000]
CodeCache: size=245760Kb, used=22530Kb, max_used=22565Kb, free=223228Kb
 total_blobs=11610, nmethods=10736, adapters=779, full_count=0
Compilation: enabled, stopped_count=0, restarted_count=0

Compilation events (20 events):
Event: 11.960 Thread 0x000001c73b9e5720 nmethod 12572 0x000001c728192908 code [0x000001c728192b40, 0x000001c728193820]
Event: 11.962 Thread 0x000001c73b9e0860 nmethod 12526 0x000001c72f23be88 code [0x000001c72f23c060, 0x000001c72f23ccf8]
Event: 11.962 Thread 0x000001c73b9e0860 12518       4       com.sun.org.apache.xerces.internal.dom.ParentNode::nodeListGetLength (141 bytes)
Event: 11.964 Thread 0x000001c73b9e0860 nmethod 12518 0x000001c72f23ce08 code [0x000001c72f23cf20, 0x000001c72f23d1e0]
Event: 11.964 Thread 0x000001c73b9e0860 12531       4       com.android.ide.common.resources.NodeUtils::updateNamespace (167 bytes)
Event: 11.966 Thread 0x000001c73b9e5720 12576       3       com.google.common.base.CharMatcher::countIn (39 bytes)
Event: 11.966 Thread 0x000001c73b9e5720 nmethod 12576 0x000001c728193908 code [0x000001c728193a60, 0x000001c728193ec8]
Event: 11.987 Thread 0x000001c73b9e5720 12582 %     3       java.lang.StringUTF16::lastIndexOf @ 17 (47 bytes)
Event: 11.988 Thread 0x000001c73b9e5720 nmethod 12582% 0x000001c728193f08 code [0x000001c728194060, 0x000001c728194400]
Event: 11.990 Thread 0x000001c73b9e5720 12584       3       java.lang.StringUTF16::lastIndexOf (47 bytes)
Event: 11.991 Thread 0x000001c73b9e5720 nmethod 12584 0x000001c728194488 code [0x000001c7281945e0, 0x000001c7281948f8]
Event: 12.016 Thread 0x000001c73b9e5720 12585       3       org.gradle.internal.file.FileHierarchySet$Node::contains (101 bytes)
Event: 12.017 Thread 0x000001c73b9e5720 nmethod 12585 0x000001c728194988 code [0x000001c728194b60, 0x000001c7281954b0]
Event: 12.018 Thread 0x000001c73b9e5720 12586 %     3       java.lang.StringUTF16::getChars @ 16 (42 bytes)
Event: 12.018 Thread 0x000001c73b9e5720 nmethod 12586% 0x000001c728195508 code [0x000001c728195660, 0x000001c728195b80]
Event: 12.018 Thread 0x000001c73b9e5720 12587       3       java.lang.StringUTF16::getChars (42 bytes)
Event: 12.018 Thread 0x000001c73b9e5720 nmethod 12587 0x000001c728195c08 code [0x000001c728195d60, 0x000001c7281961b8]
Event: 12.023 Thread 0x000001c73b9e5720 12589       2       java.lang.StringCoding::implEncodeAsciiArray (47 bytes)
Event: 12.023 Thread 0x000001c73b9e5720 nmethod 12589 0x000001c728196208 code [0x000001c728196320, 0x000001c7281964d8]
Event: 12.025 Thread 0x000001c73b9e5720 12590 %     3       sun.nio.cs.UTF_8$Encoder::encodeArrayLoopSlow @ 0 (377 bytes)

GC Heap History (20 events):
Event: 8.295 GC heap before
{Heap before GC invocations=22 (full 0):
 garbage-first heap   total reserved 2097152K, committed 129024K, used 117646K [0x0000000080000000, 0x0000000100000000)
  region size 1024K, 51 young (52224K), 4 survivors (4096K)
 Metaspace       used 66848K, committed 68736K, reserved 1114112K
  class space    used 9683K, committed 10560K, reserved 1048576K
}
Event: 8.301 GC heap after
{Heap after GC invocations=23 (full 0):
 garbage-first heap   total reserved 2097152K, committed 129024K, used 69064K [0x0000000080000000, 0x0000000100000000)
  region size 1024K, 7 young (7168K), 7 survivors (7168K)
 Metaspace       used 66848K, committed 68736K, reserved 1114112K
  class space    used 9683K, committed 10560K, reserved 1048576K
}
Event: 8.691 GC heap before
{Heap before GC invocations=23 (full 0):
 garbage-first heap   total reserved 2097152K, committed 129024K, used 114120K [0x0000000080000000, 0x0000000100000000)
  region size 1024K, 51 young (52224K), 7 survivors (7168K)
 Metaspace       used 69345K, committed 71296K, reserved 1114112K
  class space    used 10005K, committed 10944K, reserved 1048576K
}
Event: 8.699 GC heap after
{Heap after GC invocations=24 (full 0):
 garbage-first heap   total reserved 2097152K, committed 129024K, used 72611K [0x0000000080000000, 0x0000000100000000)
  region size 1024K, 5 young (5120K), 5 survivors (5120K)
 Metaspace       used 69345K, committed 71296K, reserved 1114112K
  class space    used 10005K, committed 10944K, reserved 1048576K
}
Event: 8.921 GC heap before
{Heap before GC invocations=24 (full 0):
 garbage-first heap   total reserved 2097152K, committed 129024K, used 99235K [0x0000000080000000, 0x0000000100000000)
  region size 1024K, 32 young (32768K), 5 survivors (5120K)
 Metaspace       used 71292K, committed 73216K, reserved 1114112K
  class space    used 10289K, committed 11200K, reserved 1048576K
}
Event: 8.925 GC heap after
{Heap after GC invocations=25 (full 0):
 garbage-first heap   total reserved 2097152K, committed 129024K, used 74356K [0x0000000080000000, 0x0000000100000000)
  region size 1024K, 2 young (2048K), 2 survivors (2048K)
 Metaspace       used 71292K, committed 73216K, reserved 1114112K
  class space    used 10289K, committed 11200K, reserved 1048576K
}
Event: 9.344 GC heap before
{Heap before GC invocations=26 (full 0):
 garbage-first heap   total reserved 2097152K, committed 129024K, used 118388K [0x0000000080000000, 0x0000000100000000)
  region size 1024K, 44 young (45056K), 2 survivors (2048K)
 Metaspace       used 74588K, committed 76544K, reserved 1114112K
  class space    used 10894K, committed 11840K, reserved 1048576K
}
Event: 9.348 GC heap after
{Heap after GC invocations=27 (full 0):
 garbage-first heap   total reserved 2097152K, committed 129024K, used 75118K [0x0000000080000000, 0x0000000100000000)
  region size 1024K, 3 young (3072K), 3 survivors (3072K)
 Metaspace       used 74588K, committed 76544K, reserved 1114112K
  class space    used 10894K, committed 11840K, reserved 1048576K
}
Event: 9.786 GC heap before
{Heap before GC invocations=27 (full 0):
 garbage-first heap   total reserved 2097152K, committed 129024K, used 118126K [0x0000000080000000, 0x0000000100000000)
  region size 1024K, 45 young (46080K), 3 survivors (3072K)
 Metaspace       used 77973K, committed 80000K, reserved 1179648K
  class space    used 11383K, committed 12352K, reserved 1048576K
}
Event: 9.791 GC heap after
{Heap after GC invocations=28 (full 0):
 garbage-first heap   total reserved 2097152K, committed 129024K, used 76394K [0x0000000080000000, 0x0000000100000000)
  region size 1024K, 5 young (5120K), 5 survivors (5120K)
 Metaspace       used 77973K, committed 80000K, reserved 1179648K
  class space    used 11383K, committed 12352K, reserved 1048576K
}
Event: 10.160 GC heap before
{Heap before GC invocations=28 (full 0):
 garbage-first heap   total reserved 2097152K, committed 129024K, used 116330K [0x0000000080000000, 0x0000000100000000)
  region size 1024K, 44 young (45056K), 5 survivors (5120K)
 Metaspace       used 80833K, committed 82944K, reserved 1179648K
  class space    used 11818K, committed 12800K, reserved 1048576K
}
Event: 10.166 GC heap after
{Heap after GC invocations=29 (full 0):
 garbage-first heap   total reserved 2097152K, committed 155648K, used 78870K [0x0000000080000000, 0x0000000100000000)
  region size 1024K, 5 young (5120K), 5 survivors (5120K)
 Metaspace       used 80833K, committed 82944K, reserved 1179648K
  class space    used 11818K, committed 12800K, reserved 1048576K
}
Event: 10.713 GC heap before
{Heap before GC invocations=30 (full 0):
 garbage-first heap   total reserved 2097152K, committed 155648K, used 138262K [0x0000000080000000, 0x0000000100000000)
  region size 1024K, 63 young (64512K), 5 survivors (5120K)
 Metaspace       used 84504K, committed 86720K, reserved 1179648K
  class space    used 12440K, committed 13504K, reserved 1048576K
}
Event: 10.721 GC heap after
{Heap after GC invocations=31 (full 0):
 garbage-first heap   total reserved 2097152K, committed 155648K, used 82367K [0x0000000080000000, 0x0000000100000000)
  region size 1024K, 6 young (6144K), 6 survivors (6144K)
 Metaspace       used 84504K, committed 86720K, reserved 1179648K
  class space    used 12440K, committed 13504K, reserved 1048576K
}
Event: 11.214 GC heap before
{Heap before GC invocations=31 (full 0):
 garbage-first heap   total reserved 2097152K, committed 155648K, used 138687K [0x0000000080000000, 0x0000000100000000)
  region size 1024K, 62 young (63488K), 6 survivors (6144K)
 Metaspace       used 85895K, committed 88064K, reserved 1179648K
  class space    used 12665K, committed 13696K, reserved 1048576K
}
Event: 11.224 GC heap after
{Heap after GC invocations=32 (full 0):
 garbage-first heap   total reserved 2097152K, committed 155648K, used 85781K [0x0000000080000000, 0x0000000100000000)
  region size 1024K, 8 young (8192K), 8 survivors (8192K)
 Metaspace       used 85895K, committed 88064K, reserved 1179648K
  class space    used 12665K, committed 13696K, reserved 1048576K
}
Event: 11.316 GC heap before
{Heap before GC invocations=32 (full 0):
 garbage-first heap   total reserved 2097152K, committed 155648K, used 103189K [0x0000000080000000, 0x0000000100000000)
  region size 1024K, 27 young (27648K), 8 survivors (8192K)
 Metaspace       used 86132K, committed 88320K, reserved 1179648K
  class space    used 12710K, committed 13760K, reserved 1048576K
}
Event: 11.322 GC heap after
{Heap after GC invocations=33 (full 0):
 garbage-first heap   total reserved 2097152K, committed 155648K, used 88270K [0x0000000080000000, 0x0000000100000000)
  region size 1024K, 4 young (4096K), 4 survivors (4096K)
 Metaspace       used 86132K, committed 88320K, reserved 1179648K
  class space    used 12710K, committed 13760K, reserved 1048576K
}
Event: 11.843 GC heap before
{Heap before GC invocations=34 (full 0):
 garbage-first heap   total reserved 2097152K, committed 157696K, used 146638K [0x0000000080000000, 0x0000000100000000)
  region size 1024K, 55 young (56320K), 4 survivors (4096K)
 Metaspace       used 89215K, committed 91456K, reserved 1179648K
  class space    used 13002K, committed 14080K, reserved 1048576K
}
Event: 11.856 GC heap after
{Heap after GC invocations=35 (full 0):
 garbage-first heap   total reserved 2097152K, committed 168960K, used 104989K [0x0000000080000000, 0x0000000100000000)
  region size 1024K, 7 young (7168K), 7 survivors (7168K)
 Metaspace       used 89215K, committed 91456K, reserved 1179648K
  class space    used 13002K, committed 14080K, reserved 1048576K
}

Dll operation events (15 events):
Event: 0.017 Loaded shared library C:\Users\tech\Desktop\jdk-23.0.1\bin\java.dll
Event: 0.140 Loaded shared library C:\Users\tech\Desktop\jdk-23.0.1\bin\jsvml.dll
Event: 0.188 Loaded shared library C:\Users\tech\Desktop\jdk-23.0.1\bin\zip.dll
Event: 0.190 Loaded shared library C:\Users\tech\Desktop\jdk-23.0.1\bin\instrument.dll
Event: 0.196 Loaded shared library C:\Users\tech\Desktop\jdk-23.0.1\bin\net.dll
Event: 0.202 Loaded shared library C:\Users\tech\Desktop\jdk-23.0.1\bin\nio.dll
Event: 0.207 Loaded shared library C:\Users\tech\Desktop\jdk-23.0.1\bin\zip.dll
Event: 0.403 Loaded shared library C:\Users\tech\Desktop\jdk-23.0.1\bin\jimage.dll
Event: 0.525 Loaded shared library C:\Users\tech\Desktop\jdk-23.0.1\bin\verify.dll
Event: 0.638 Loaded shared library C:\Users\tech\.gradle\native\c067742578af261105cb4f569cf0c3c89f3d7b1fecec35dd04571415982c5e48\windows-amd64\native-platform.dll
Event: 0.653 Loaded shared library C:\Users\tech\.gradle\native\100fb08df4bc3b14c8652ba06237920a3bd2aa13389f12d3474272988ae205f9\windows-amd64\native-platform-file-events.dll
Event: 1.450 Loaded shared library C:\Users\tech\Desktop\jdk-23.0.1\bin\management.dll
Event: 1.456 Loaded shared library C:\Users\tech\Desktop\jdk-23.0.1\bin\management_ext.dll
Event: 1.669 Loaded shared library C:\Users\tech\Desktop\jdk-23.0.1\bin\extnet.dll
Event: 1.822 Loaded shared library C:\Users\tech\Desktop\jdk-23.0.1\bin\sunmscapi.dll

Deoptimization events (20 events):
Event: 11.921 Thread 0x000001c7067b8800 DEOPT PACKING pc=0x000001c72f237fb0 sp=0x0000009ef85faa40
Event: 11.921 Thread 0x000001c7067b8800 DEOPT UNPACKING pc=0x000001c72e837982 sp=0x0000009ef85faa10 mode 2
Event: 11.955 Thread 0x000001c7067b8800 DEOPT PACKING pc=0x000001c7281868a4 sp=0x0000009ef85fa760
Event: 11.955 Thread 0x000001c7067b8800 DEOPT UNPACKING pc=0x000001c72e8384c2 sp=0x0000009ef85f9c60 mode 0
Event: 11.959 Thread 0x000001c7067b8800 DEOPT PACKING pc=0x000001c72818bc42 sp=0x0000009ef85fa4e0
Event: 11.959 Thread 0x000001c7067b8800 DEOPT UNPACKING pc=0x000001c72e8384c2 sp=0x0000009ef85f99e0 mode 0
Event: 11.990 Thread 0x000001c7067b8800 DEOPT PACKING pc=0x000001c72818c079 sp=0x0000009ef85fa490
Event: 11.990 Thread 0x000001c7067b8800 DEOPT UNPACKING pc=0x000001c72e8384c2 sp=0x0000009ef85f9928 mode 0
Event: 12.003 Thread 0x000001c7067b8800 Uncommon trap: trap_request=0xffffff45 fr.pc=0x000001c72ede909c relative=0x000000000000055c
Event: 12.003 Thread 0x000001c7067b8800 Uncommon trap: reason=unstable_if action=reinterpret pc=0x000001c72ede909c method=java.lang.AbstractStringBuilder.isLatin1()Z @ 10 c2
Event: 12.003 Thread 0x000001c7067b8800 DEOPT PACKING pc=0x000001c72ede909c sp=0x0000009ef85fad50
Event: 12.003 Thread 0x000001c7067b8800 DEOPT UNPACKING pc=0x000001c72e837982 sp=0x0000009ef85fac58 mode 2
Event: 12.016 Thread 0x000001c7067b8800 Uncommon trap: trap_request=0xffffff45 fr.pc=0x000001c72ed90e60 relative=0x00000000000002c0
Event: 12.016 Thread 0x000001c7067b8800 Uncommon trap: reason=unstable_if action=reinterpret pc=0x000001c72ed90e60 method=java.lang.String.getChars(II[CI)V @ 24 c2
Event: 12.016 Thread 0x000001c7067b8800 DEOPT PACKING pc=0x000001c72ed90e60 sp=0x0000009ef85facb0
Event: 12.016 Thread 0x000001c7067b8800 DEOPT UNPACKING pc=0x000001c72e837982 sp=0x0000009ef85fac70 mode 2
Event: 12.022 Thread 0x000001c7067b8800 Uncommon trap: trap_request=0xffffff45 fr.pc=0x000001c72ee3afe8 relative=0x00000000000001e8
Event: 12.022 Thread 0x000001c7067b8800 Uncommon trap: reason=unstable_if action=reinterpret pc=0x000001c72ee3afe8 method=java.lang.StringCoding.implEncodeAsciiArray([CI[BII)I @ 23 c2
Event: 12.023 Thread 0x000001c7067b8800 DEOPT PACKING pc=0x000001c72ee3afe8 sp=0x0000009ef85fa810
Event: 12.023 Thread 0x000001c7067b8800 DEOPT UNPACKING pc=0x000001c72e837982 sp=0x0000009ef85fa780 mode 2

Classes loaded (20 events):
Event: 11.649 Loading class com/sun/org/apache/xerces/internal/dom/CharacterDataImpl$1
Event: 11.649 Loading class com/sun/org/apache/xerces/internal/dom/CharacterDataImpl$1 done
Event: 11.707 Loading class java/lang/StringLatin1$CharsSpliterator
Event: 11.708 Loading class java/lang/StringLatin1$CharsSpliterator done
Event: 11.708 Loading class java/util/stream/Nodes$IntFixedNodeBuilder
Event: 11.709 Loading class java/util/stream/Node$Builder$OfInt
Event: 11.709 Loading class java/util/stream/Node$Builder$OfInt done
Event: 11.709 Loading class java/util/stream/Nodes$IntArrayNode
Event: 11.709 Loading class java/util/stream/Nodes$IntArrayNode done
Event: 11.709 Loading class java/util/stream/Nodes$IntFixedNodeBuilder done
Event: 11.770 Loading class java/io/FileReader
Event: 11.770 Loading class java/io/FileReader done
Event: 11.773 Loading class java/util/concurrent/ConcurrentLinkedDeque
Event: 11.774 Loading class java/util/concurrent/ConcurrentLinkedDeque done
Event: 11.774 Loading class java/util/concurrent/ConcurrentLinkedDeque$Node
Event: 11.774 Loading class java/util/concurrent/ConcurrentLinkedDeque$Node done
Event: 11.779 Loading class java/util/concurrent/LinkedBlockingDeque$Itr
Event: 11.780 Loading class java/util/concurrent/LinkedBlockingDeque$AbstractItr
Event: 11.780 Loading class java/util/concurrent/LinkedBlockingDeque$AbstractItr done
Event: 11.780 Loading class java/util/concurrent/LinkedBlockingDeque$Itr done

Classes unloaded (0 events):
No events

Classes redefined (0 events):
No events

Internal exceptions (20 events):
Event: 10.725 Thread 0x000001c77e9f35b0 Exception <a 'java/lang/NoSuchMethodError'{0x00000000ffe41638}: static Lorg/gradle/internal/build/event/types/DefaultTaskStartedProgressEvent;.<clinit>()V> (0x00000000ffe41638) 
thrown [s\open\src\hotspot\share\prims\jni.cpp, line 1111]
Event: 10.725 Thread 0x000001c77e9f35b0 Exception <a 'java/lang/NoSuchMethodError'{0x00000000ffe6d948}: static Lorg/gradle/internal/build/event/types/DefaultTaskDescriptor;.<clinit>()V> (0x00000000ffe6d948) 
thrown [s\open\src\hotspot\share\prims\jni.cpp, line 1111]
Event: 10.729 Thread 0x000001c77e9f35b0 Exception <a 'java/lang/NoSuchMethodError'{0x00000000ffeb87f0}: static Lorg/gradle/internal/build/event/types/DefaultTaskFinishedProgressEvent;.<clinit>()V> (0x00000000ffeb87f0) 
thrown [s\open\src\hotspot\share\prims\jni.cpp, line 1111]
Event: 10.730 Thread 0x000001c77e9f35b0 Exception <a 'java/lang/NoSuchMethodError'{0x00000000ffd82440}: static Lorg/gradle/internal/build/event/types/DefaultTaskSuccessResult;.<clinit>()V> (0x00000000ffd82440) 
thrown [s\open\src\hotspot\share\prims\jni.cpp, line 1111]
Event: 10.730 Thread 0x000001c77e9f35b0 Exception <a 'java/lang/NoSuchMethodError'{0x00000000ffd83b68}: static Lorg/gradle/internal/build/event/types/AbstractTaskResult;.<clinit>()V> (0x00000000ffd83b68) 
thrown [s\open\src\hotspot\share\prims\jni.cpp, line 1111]
Event: 10.746 Thread 0x000001c77f5b8eb0 Exception <a 'java/lang/NoSuchMethodError'{0x00000000894f65d0}: static Lcom/android/buildanalyzer/common/AndroidGradlePluginAttributionData$BuildInfo;.<clinit>()V> (0x00000000894f65d0) 
thrown [s\open\src\hotspot\share\prims\jni.cpp, line 1111]
Event: 10.747 Thread 0x000001c77f5b8eb0 Exception <a 'java/lang/NoSuchMethodError'{0x0000000089308610}: static Lcom/android/buildanalyzer/common/AndroidGradlePluginAttributionData$JavaInfo;.<clinit>()V> (0x0000000089308610) 
thrown [s\open\src\hotspot\share\prims\jni.cpp, line 1111]
Event: 10.747 Thread 0x000001c77f5b8eb0 Exception <a 'java/lang/NoSuchMethodError'{0x0000000089323498}: static [Ljava/lang/String;.<clinit>()V> (0x0000000089323498) 
thrown [s\open\src\hotspot\share\prims\jni.cpp, line 1111]
Event: 10.748 Thread 0x000001c77f5b8eb0 Exception <a 'java/lang/NoSuchMethodError'{0x000000008932f678}: static Lcom/android/buildanalyzer/common/AndroidGradlePluginAttributionData$TaskInfo;.<clinit>()V> (0x000000008932f678) 
thrown [s\open\src\hotspot\share\prims\jni.cpp, line 1111]
Event: 10.748 Thread 0x000001c77f5b8eb0 Exception <a 'java/lang/NoSuchMethodError'{0x0000000089339b30}: static Lcom/android/buildanalyzer/common/AndroidGradlePluginAttributionData$TaskCategoryInfo;.<clinit>()V> (0x0000000089339b30) 
thrown [s\open\src\hotspot\share\prims\jni.cpp, line 1111]
Event: 10.767 Thread 0x000001c7067b8800 Exception <a 'sun/nio/fs/WindowsException'{0x00000000893b16a0}> (0x00000000893b16a0) 
thrown [s\open\src\hotspot\share\prims\jni.cpp, line 520]
Event: 10.826 Thread 0x000001c77e9f35b0 Exception <a 'java/lang/NoSuchMethodError'{0x000000008914f1a0}: static Lorg/gradle/internal/build/event/types/DefaultTaskSkippedResult;.<clinit>()V> (0x000000008914f1a0) 
thrown [s\open\src\hotspot\share\prims\jni.cpp, line 1111]
Event: 10.843 Thread 0x000001c7067b8800 Exception <a 'java/lang/IncompatibleClassChangeError'{0x00000000891a25a8}: Found class java.lang.Object, but interface was expected> (0x00000000891a25a8) 
thrown [s\open\src\hotspot\share\interpreter\linkResolver.cpp, line 863]
Event: 10.859 Thread 0x000001c7067b8800 Exception <a 'java/lang/NoSuchMethodError'{0x0000000089097528}: 'int java.lang.invoke.DirectMethodHandle$Holder.invokeStaticInit(java.lang.Object, java.lang.Object, java.lang.Object, java.lang.Object, java.lang.Object)'> (0x0000000089097528) 
thrown [s\open\src\hotspot\share\interpreter\linkResolver.cpp, line 796]
Event: 10.911 Thread 0x000001c7067b1870 Exception <a 'java/lang/NoSuchMethodError'{0x0000000088d40920}: 'int java.lang.invoke.DirectMethodHandle$Holder.invokeSpecial(java.lang.Object, java.lang.Object, int)'> (0x0000000088d40920) 
thrown [s\open\src\hotspot\share\interpreter\linkResolver.cpp, line 796]
Event: 11.352 Thread 0x000001c7067b1870 Exception <a 'sun/nio/fs/WindowsException'{0x00000000ffe9fef0}> (0x00000000ffe9fef0) 
thrown [s\open\src\hotspot\share\prims\jni.cpp, line 520]
Event: 11.400 Thread 0x000001c7067b1870 Exception <a 'sun/nio/fs/WindowsException'{0x00000000895964b0}> (0x00000000895964b0) 
thrown [s\open\src\hotspot\share\prims\jni.cpp, line 520]
Event: 11.402 Thread 0x000001c7067b1870 Exception <a 'sun/nio/fs/WindowsException'{0x00000000895b5720}> (0x00000000895b5720) 
thrown [s\open\src\hotspot\share\prims\jni.cpp, line 520]
Event: 11.673 Thread 0x000001c7067b8800 Implicit null exception at 0x000001c72f1ef558 to 0x000001c72f1ef5c8
Event: 11.897 Thread 0x000001c7067b8800 Implicit null exception at 0x000001c72f20e273 to 0x000001c72f20e314

VM Operations (20 events):
Event: 11.385 Executing VM operation: G1PauseCleanup
Event: 11.385 Executing VM operation: G1PauseCleanup done
Event: 11.387 Executing VM operation: HandshakeAllThreads (Deoptimize)
Event: 11.387 Executing VM operation: HandshakeAllThreads (Deoptimize) done
Event: 11.388 Executing VM operation: HandshakeAllThreads (Deoptimize)
Event: 11.388 Executing VM operation: HandshakeAllThreads (Deoptimize) done
Event: 11.594 Executing VM operation: HandshakeAllThreads (Deoptimize)
Event: 11.594 Executing VM operation: HandshakeAllThreads (Deoptimize) done
Event: 11.595 Executing VM operation: HandshakeAllThreads (Deoptimize)
Event: 11.595 Executing VM operation: HandshakeAllThreads (Deoptimize) done
Event: 11.711 Executing VM operation: HandshakeAllThreads (Deoptimize)
Event: 11.712 Executing VM operation: HandshakeAllThreads (Deoptimize) done
Event: 11.721 Executing VM operation: HandshakeAllThreads (Deoptimize)
Event: 11.721 Executing VM operation: HandshakeAllThreads (Deoptimize) done
Event: 11.722 Executing VM operation: HandshakeAllThreads (Deoptimize)
Event: 11.722 Executing VM operation: HandshakeAllThreads (Deoptimize) done
Event: 11.772 Executing VM operation: HandshakeAllThreads (Deoptimize)
Event: 11.772 Executing VM operation: HandshakeAllThreads (Deoptimize) done
Event: 11.843 Executing VM operation: G1CollectForAllocation (G1 Evacuation Pause)
Event: 11.856 Executing VM operation: G1CollectForAllocation (G1 Evacuation Pause) done

Memory protections (0 events):
No events

Nmethod flushes (20 events):
Event: 11.369 Thread 0x000001c73b9b18f0 flushing  nmethod 0x000001c727a68a08
Event: 11.369 Thread 0x000001c73b9b18f0 flushing  nmethod 0x000001c727a8d808
Event: 11.369 Thread 0x000001c73b9b18f0 flushing  nmethod 0x000001c727c71e88
Event: 11.369 Thread 0x000001c73b9b18f0 flushing  nmethod 0x000001c727d24908
Event: 11.369 Thread 0x000001c73b9b18f0 flushing  nmethod 0x000001c727da3608
Event: 11.369 Thread 0x000001c73b9b18f0 flushing  nmethod 0x000001c727def608
Event: 11.369 Thread 0x000001c73b9b18f0 flushing  nmethod 0x000001c727ea5e08
Event: 11.369 Thread 0x000001c73b9b18f0 flushing  nmethod 0x000001c727304688
Event: 11.369 Thread 0x000001c73b9b18f0 flushing  nmethod 0x000001c727475988
Event: 11.369 Thread 0x000001c73b9b18f0 flushing  nmethod 0x000001c7274f0708
Event: 11.369 Thread 0x000001c73b9b18f0 flushing  nmethod 0x000001c7274f3b08
Event: 11.369 Thread 0x000001c73b9b18f0 flushing  nmethod 0x000001c727521108
Event: 11.369 Thread 0x000001c73b9b18f0 flushing  nmethod 0x000001c727522088
Event: 11.369 Thread 0x000001c73b9b18f0 flushing  nmethod 0x000001c727528288
Event: 11.369 Thread 0x000001c73b9b18f0 flushing  nmethod 0x000001c727774308
Event: 11.369 Thread 0x000001c73b9b18f0 flushing  nmethod 0x000001c7277bb508
Event: 11.369 Thread 0x000001c73b9b18f0 flushing  nmethod 0x000001c727b65988
Event: 11.369 Thread 0x000001c73b9b18f0 flushing  nmethod 0x000001c727bf0788
Event: 11.369 Thread 0x000001c73b9b18f0 flushing  nmethod 0x000001c727e28188
Event: 11.369 Thread 0x000001c73b9b18f0 flushing  nmethod 0x000001c727eec108

Events (20 events):
Event: 10.669 Thread 0x000001c7067b1870 Thread added: 0x000001c7067b8800
Event: 10.669 Thread 0x000001c7067b1870 Thread added: 0x000001c7067b60a0
Event: 10.669 Thread 0x000001c7067b1870 Thread added: 0x000001c7067b8170
Event: 10.669 Thread 0x000001c7067b1870 Thread added: 0x000001c7067b7ae0
Event: 10.669 Thread 0x000001c7067b1870 Thread added: 0x000001c7067b32b0
Event: 10.683 Thread 0x000001c7067b8800 Thread added: 0x000001c7067b8e90
Event: 11.059 Thread 0x000001c7067b1870 Thread added: 0x000001c7067b1f00
Event: 11.059 Thread 0x000001c7067b1870 Thread added: 0x000001c7067b2590
Event: 11.059 Thread 0x000001c7067b1870 Thread added: 0x000001c7067b2c20
Event: 11.059 Thread 0x000001c7067b1870 Thread added: 0x000001c7067b3940
Event: 11.059 Thread 0x000001c7067b1870 Thread added: 0x000001c7067b3fd0
Event: 11.060 Thread 0x000001c7067b1870 Thread added: 0x000001c7067b4660
Event: 11.060 Thread 0x000001c7067b1870 Thread added: 0x000001c7067b4cf0
Event: 11.267 Thread 0x000001c7067b1870 Thread added: 0x000001c77f5b7470
Event: 11.267 Thread 0x000001c7067b1870 Thread added: 0x000001c77f03ac40
Event: 11.267 Thread 0x000001c7067b1870 Thread added: 0x000001c77f039890
Event: 11.267 Thread 0x000001c7067b1870 Thread added: 0x000001c77f03e0c0
Event: 11.267 Thread 0x000001c7067b1870 Thread added: 0x000001c77f03b2d0
Event: 11.268 Thread 0x000001c7067b1870 Thread added: 0x000001c77f03a5b0
Event: 11.268 Thread 0x000001c7067b1870 Thread added: 0x000001c77f03b960


Dynamic libraries:
0x00007ff745180000 - 0x00007ff745190000 	C:\Users\tech\Desktop\jdk-23.0.1\bin\java.exe
0x00007ff903210000 - 0x00007ff903408000 	C:\Windows\SYSTEM32\ntdll.dll
0x00007ff901980000 - 0x00007ff901a3d000 	C:\Windows\System32\KERNEL32.DLL
0x00007ff900c30000 - 0x00007ff900f26000 	C:\Windows\System32\KERNELBASE.dll
0x00007ff8f97e0000 - 0x00007ff8f97f7000 	C:\Users\tech\Desktop\jdk-23.0.1\bin\jli.dll
0x00007ff8f97b0000 - 0x00007ff8f97cb000 	C:\Users\tech\Desktop\jdk-23.0.1\bin\VCRUNTIME140.dll
0x00007ff900b30000 - 0x00007ff900c30000 	C:\Windows\System32\ucrtbase.dll
0x00007ff902e70000 - 0x00007ff90300e000 	C:\Windows\System32\USER32.dll
0x00007ff900fc0000 - 0x00007ff900fe2000 	C:\Windows\System32\win32u.dll
0x00007ff8eb610000 - 0x00007ff8eb8aa000 	C:\Windows\WinSxS\amd64_microsoft.windows.common-controls_6595b64144ccf1df_6.0.19041.3636_none_60b6a03d71f818d5\COMCTL32.dll
0x00007ff901ed0000 - 0x00007ff901efc000 	C:\Windows\System32\GDI32.dll
0x00007ff901670000 - 0x00007ff90170e000 	C:\Windows\System32\msvcrt.dll
0x00007ff9010a0000 - 0x00007ff9011ba000 	C:\Windows\System32\gdi32full.dll
0x00007ff9011c0000 - 0x00007ff90125d000 	C:\Windows\System32\msvcp_win.dll
0x00007ff901530000 - 0x00007ff901560000 	C:\Windows\System32\IMM32.DLL
0x00007ff8f9820000 - 0x00007ff8f982c000 	C:\Users\tech\Desktop\jdk-23.0.1\bin\vcruntime140_1.dll
0x00007ff8dc110000 - 0x00007ff8dc19e000 	C:\Users\tech\Desktop\jdk-23.0.1\bin\msvcp140.dll
0x00007ff8c41c0000 - 0x00007ff8c4f0f000 	C:\Users\tech\Desktop\jdk-23.0.1\bin\server\jvm.dll
0x00007ff9018c0000 - 0x00007ff901973000 	C:\Windows\System32\ADVAPI32.dll
0x00007ff901780000 - 0x00007ff90181f000 	C:\Windows\System32\sechost.dll
0x00007ff901fd0000 - 0x00007ff9020f6000 	C:\Windows\System32\RPCRT4.dll
0x00007ff900a90000 - 0x00007ff900ab7000 	C:\Windows\System32\bcrypt.dll
0x00007ff9014c0000 - 0x00007ff90152b000 	C:\Windows\System32\WS2_32.dll
0x00007ff9002c0000 - 0x00007ff90030b000 	C:\Windows\SYSTEM32\POWRPROF.dll
0x00007ff8f4760000 - 0x00007ff8f476a000 	C:\Windows\SYSTEM32\VERSION.dll
0x00007ff8f16c0000 - 0x00007ff8f16e7000 	C:\Windows\SYSTEM32\WINMM.dll
0x00007ff9002a0000 - 0x00007ff9002b2000 	C:\Windows\SYSTEM32\UMPDC.dll
0x00007ff8ff270000 - 0x00007ff8ff282000 	C:\Windows\SYSTEM32\kernel.appcore.dll
0x00007ff8f7170000 - 0x00007ff8f717a000 	C:\Users\tech\Desktop\jdk-23.0.1\bin\jimage.dll
0x00007ff8fee50000 - 0x00007ff8ff034000 	C:\Windows\SYSTEM32\DBGHELP.DLL
0x00007ff8eff10000 - 0x00007ff8eff44000 	C:\Windows\SYSTEM32\dbgcore.DLL
0x00007ff900f30000 - 0x00007ff900fb2000 	C:\Windows\System32\bcryptPrimitives.dll
0x00007ff8f7160000 - 0x00007ff8f716f000 	C:\Users\tech\Desktop\jdk-23.0.1\bin\instrument.dll
0x00007ff8f0020000 - 0x00007ff8f003e000 	C:\Users\tech\Desktop\jdk-23.0.1\bin\java.dll
0x00007ff903090000 - 0x00007ff9031bb000 	C:\Windows\System32\ole32.dll
0x00007ff9021b0000 - 0x00007ff902504000 	C:\Windows\System32\combase.dll
0x00007ff902570000 - 0x00007ff902cb5000 	C:\Windows\System32\SHELL32.dll
0x00007ff8fe5e0000 - 0x00007ff8fed7b000 	C:\Windows\SYSTEM32\windows.storage.dll
0x00007ff900310000 - 0x00007ff90033d000 	C:\Windows\SYSTEM32\Wldp.dll
0x00007ff9015c0000 - 0x00007ff90166d000 	C:\Windows\System32\SHCORE.dll
0x00007ff901380000 - 0x00007ff9013d5000 	C:\Windows\System32\shlwapi.dll
0x00007ff900810000 - 0x00007ff900835000 	C:\Windows\SYSTEM32\profapi.dll
0x00007ff8c7d80000 - 0x00007ff8c7e57000 	C:\Users\tech\Desktop\jdk-23.0.1\bin\jsvml.dll
0x00007ff8ec6a0000 - 0x00007ff8ec6b7000 	C:\Users\tech\Desktop\jdk-23.0.1\bin\zip.dll
0x00007ff8f00a0000 - 0x00007ff8f00b0000 	C:\Users\tech\Desktop\jdk-23.0.1\bin\net.dll
0x00007ff8fffa0000 - 0x00007ff90000a000 	C:\Windows\system32\mswsock.dll
0x00007ff8ea910000 - 0x00007ff8ea926000 	C:\Users\tech\Desktop\jdk-23.0.1\bin\nio.dll
0x00007ff8eb520000 - 0x00007ff8eb530000 	C:\Users\tech\Desktop\jdk-23.0.1\bin\verify.dll
0x00007ff8f9830000 - 0x00007ff8f9857000 	C:\Users\tech\.gradle\native\c067742578af261105cb4f569cf0c3c89f3d7b1fecec35dd04571415982c5e48\windows-amd64\native-platform.dll
0x00007ff8c6330000 - 0x00007ff8c6474000 	C:\Users\tech\.gradle\native\100fb08df4bc3b14c8652ba06237920a3bd2aa13389f12d3474272988ae205f9\windows-amd64\native-platform-file-events.dll
0x00007ff8ea900000 - 0x00007ff8ea90a000 	C:\Users\tech\Desktop\jdk-23.0.1\bin\management.dll
0x00007ff8ea8f0000 - 0x00007ff8ea8fb000 	C:\Users\tech\Desktop\jdk-23.0.1\bin\management_ext.dll
0x00007ff9031c0000 - 0x00007ff9031c8000 	C:\Windows\System32\PSAPI.DLL
0x00007ff900190000 - 0x00007ff9001a8000 	C:\Windows\SYSTEM32\CRYPTSP.dll
0x00007ff8ff8d0000 - 0x00007ff8ff904000 	C:\Windows\system32\rsaenh.dll
0x00007ff900790000 - 0x00007ff9007be000 	C:\Windows\SYSTEM32\USERENV.dll
0x00007ff9001b0000 - 0x00007ff9001bc000 	C:\Windows\SYSTEM32\CRYPTBASE.dll
0x00007ff8ffc90000 - 0x00007ff8ffccb000 	C:\Windows\SYSTEM32\IPHLPAPI.DLL
0x00007ff901770000 - 0x00007ff901778000 	C:\Windows\System32\NSI.dll
0x00007ff8ea8e0000 - 0x00007ff8ea8e9000 	C:\Users\tech\Desktop\jdk-23.0.1\bin\extnet.dll
0x00007ff8ea7d0000 - 0x00007ff8ea7de000 	C:\Users\tech\Desktop\jdk-23.0.1\bin\sunmscapi.dll
0x00007ff900930000 - 0x00007ff900a8d000 	C:\Windows\System32\CRYPT32.dll
0x00007ff900380000 - 0x00007ff9003a8000 	C:\Windows\SYSTEM32\ncrypt.dll
0x00007ff900340000 - 0x00007ff90037b000 	C:\Windows\SYSTEM32\NTASN1.dll
0x00007ff8f87e0000 - 0x00007ff8f87e7000 	C:\Windows\system32\wshunix.dll
0x00007ff8ffa10000 - 0x00007ff8ffa43000 	C:\Windows\SYSTEM32\ntmarta.dll

dbghelp: loaded successfully - version: 4.0.5 - missing functions: none
symbol engine: initialized successfully - sym options: 0x614 - pdb path: .;C:\Users\tech\Desktop\jdk-23.0.1\bin;C:\Windows\SYSTEM32;C:\Windows\WinSxS\amd64_microsoft.windows.common-controls_6595b64144ccf1df_6.0.19041.3636_none_60b6a03d71f818d5;C:\Users\tech\Desktop\jdk-23.0.1\bin\server;C:\Users\tech\.gradle\native\c067742578af261105cb4f569cf0c3c89f3d7b1fecec35dd04571415982c5e48\windows-amd64;C:\Users\tech\.gradle\native\100fb08df4bc3b14c8652ba06237920a3bd2aa13389f12d3474272988ae205f9\windows-amd64

VM Arguments:
jvm_args: --add-opens=java.base/java.util=ALL-UNNAMED --add-opens=java.base/java.lang=ALL-UNNAMED --add-opens=java.base/java.lang.invoke=ALL-UNNAMED --add-opens=java.prefs/java.util.prefs=ALL-UNNAMED --add-exports=jdk.compiler/com.sun.tools.javac.api=ALL-UNNAMED --add-exports=jdk.compiler/com.sun.tools.javac.util=ALL-UNNAMED --add-opens=java.base/java.nio.charset=ALL-UNNAMED --add-opens=java.base/java.net=ALL-UNNAMED --add-opens=java.base/java.util.concurrent.atomic=ALL-UNNAMED -Xmx2048m -Dfile.encoding=UTF-8 -Duser.country=MA -Duser.language=fr -Duser.variant -javaagent:C:\Users\tech\.gradle\wrapper\dists\gradle-8.9-bin\90cnw93cvbtalezasaz0blq0a\gradle-8.9\lib\agents\gradle-instrumentation-agent-8.9.jar 
java_command: org.gradle.launcher.daemon.bootstrap.GradleDaemon 8.9
java_class_path (initial): C:\Users\tech\.gradle\wrapper\dists\gradle-8.9-bin\90cnw93cvbtalezasaz0blq0a\gradle-8.9\lib\gradle-daemon-main-8.9.jar
Launcher Type: SUN_STANDARD

[Global flags]
     intx CICompilerCount                          = 4                                         {product} {ergonomic}
     uint ConcGCThreads                            = 2                                         {product} {ergonomic}
     uint G1ConcRefinementThreads                  = 8                                         {product} {ergonomic}
   size_t G1HeapRegionSize                         = 1048576                                   {product} {ergonomic}
   size_t InitialHeapSize                          = 130023424                                 {product} {ergonomic}
   size_t MarkStackSize                            = 4194304                                   {product} {ergonomic}
   size_t MarkStackSizeMax                         = 536870912                                 {product} {ergonomic}
   size_t MaxHeapSize                              = 2147483648                                {product} {command line}
   size_t MaxNewSize                               = 1287651328                                {product} {ergonomic}
   size_t MinHeapDeltaBytes                        = 1048576                                   {product} {ergonomic}
   size_t MinHeapSize                              = 8388608                                   {product} {ergonomic}
    uintx NonNMethodCodeHeapSize                   = 5832704                                {pd product} {ergonomic}
    uintx NonProfiledCodeHeapSize                  = 122945536                              {pd product} {ergonomic}
    uintx ProfiledCodeHeapSize                     = 122880000                              {pd product} {ergonomic}
    uintx ReservedCodeCacheSize                    = 251658240                              {pd product} {ergonomic}
     bool SegmentedCodeCache                       = true                                      {product} {ergonomic}
   size_t SoftMaxHeapSize                          = 2147483648                             {manageable} {ergonomic}
     bool UseCompressedOops                        = true                           {product lp64_product} {ergonomic}
     bool UseG1GC                                  = true                                      {product} {ergonomic}
     bool UseLargePagesIndividualAllocation        = false                                  {pd product} {ergonomic}

Logging:
Log output configuration:
 #0: stdout all=warning uptime,level,tags foldmultilines=false
 #1: stderr all=off uptime,level,tags foldmultilines=false

Environment Variables:
PATH=C:\Program Files\Common Files\Oracle\Java\javapath;C:\Windows\system32;C:\Windows;C:\Windows\System32\Wbem;C:\Windows\System32\WindowsPowerShell\v1.0\;C:\Windows\System32\OpenSSH\;C:\Program Files\nodejs\;C:\Program Files\Git\cmd;C:\Users\tech\AppData\Local\Microsoft\WindowsApps;C:\Users\tech\AppData\Local\Programs\Microsoft VS Code\bin;C:\Users\tech\AppData\Roaming\npm
USERNAME=tech
OS=Windows_NT
PROCESSOR_IDENTIFIER=Intel64 Family 6 Model 140 Stepping 1, GenuineIntel
TMP=C:\Users\tech\AppData\Local\Temp
TEMP=C:\Users\tech\AppData\Local\Temp




Periodic native trim disabled

---------------  S Y S T E M  ---------------

OS:
 Windows 10 , 64 bit Build 19041 (10.0.19041.3636)
OS uptime: 0 days 18:20 hours

CPU: total 8 (initial active 8) (4 cores per cpu, 2 threads per core) family 6 model 140 stepping 1 microcode 0x9a, cx8, cmov, fxsr, ht, mmx, 3dnowpref, sse, sse2, sse3, ssse3, sse4.1, sse4.2, popcnt, lzcnt, tsc, tscinvbit, avx, avx2, aes, erms, clmul, bmi1, bmi2, adx, avx512f, avx512dq, avx512cd, avx512bw, avx512vl, sha, fma, vzeroupper, avx512_vpopcntdq, avx512_vpclmulqdq, avx512_vaes, avx512_vnni, clflush, clflushopt, clwb, avx512_vbmi2, avx512_vbmi, rdtscp, rdpid, fsrm, gfni, avx512_bitalg, f16c, pku, cet_ibt, cet_ss, avx512_ifma
Processor Information for the first 8 processors :
  Max Mhz: 2803, Current Mhz: 2803, Mhz Limit: 2803

Memory: 4k page, system-wide physical 7882M (438M free)
TotalPageFile size 11882M (AvailPageFile size 1M)
current process WorkingSet (physical memory assigned to process): 399M, peak: 400M
current process commit charge ("private bytes"): 476M, peak: 477M

vm_info: Java HotSpot(TM) 64-Bit Server VM (23.0.1+11-39) for windows-amd64 JRE (23.0.1+11-39), built on 2024-09-30T07:20:43Z with MS VC++ 17.6 (VS2022)

END.
